<?xml version="1.0" encoding="UTF-8"?>
<testsuite xmlns:xsi="http://www.w3.org/2001/XMLSchema-instance" xsi:noNamespaceSchemaLocation="https://maven.apache.org/surefire/maven-surefire-plugin/xsd/surefire-test-report.xsd" name="ru.otus.igorr.books.lesson12.service.book.BookServiceImplTest" time="8.928" tests="4" errors="4" skipped="0" failures="0">
  <properties>
[...]
</properties>
  <testcase name="addTest" classname="ru.otus.igorr.books.lesson12.service.book.BookServiceImplTest" time="0.011">
    <error message="Failed to load ApplicationContext" type="java.lang.IllegalStateException">java.lang.IllegalStateException: Failed to load ApplicationContext
Caused by: org.springframework.beans.factory.BeanCreationException: 
Error creating bean with name 'entityManagerFactory' defined in class path resource [org/springframework/boot/autoconfigure/orm/jpa/HibernateJpaConfiguration.class]: Initialization of bean failed; nested exception is org.springframework.jdbc.datasource.init.ScriptStatementFailedException: Failed to execute SQL script statement #1 of class path resource [testdata.sql]: insert into genre(id, name, description) values(1, 'genre.1','genre.1.description'); nested exception is org.h2.jdbc.JdbcSQLException: Нарушение уникального индекса или первичного ключа: "PRIMARY KEY ON PUBLIC.GENRE(ID)"
Unique index or primary key violation: "PRIMARY KEY ON PUBLIC.GENRE(ID)"; SQL statement:
insert into genre(id, name, description) values(1, 'genre.1','genre.1.description') [23505-197]
Caused by: org.springframework.jdbc.datasource.init.ScriptStatementFailedException: 
Failed to execute SQL script statement #1 of class path resource [testdata.sql]: insert into genre(id, name, description) values(1, 'genre.1','genre.1.description'); nested exception is org.h2.jdbc.JdbcSQLException: Нарушение уникального индекса или первичного ключа: "PRIMARY KEY ON PUBLIC.GENRE(ID)"
Unique index or primary key violation: "PRIMARY KEY ON PUBLIC.GENRE(ID)"; SQL statement:
insert into genre(id, name, description) values(1, 'genre.1','genre.1.description') [23505-197]
Caused by: org.h2.jdbc.JdbcSQLException: 
Нарушение уникального индекса или первичного ключа: "PRIMARY KEY ON PUBLIC.GENRE(ID)"
Unique index or primary key violation: "PRIMARY KEY ON PUBLIC.GENRE(ID)"; SQL statement:
insert into genre(id, name, description) values(1, 'genre.1','genre.1.description') [23505-197]
</error>
    <system-out><![CDATA[18:43:19.377 [main] &amp#27;[34mINFO &amp#27;[0;39m &amp#27;[36mingBootTestContextBootstrapper&amp#27;[0;39m : Neither @ContextConfiguration nor @ContextHierarchy found for test class [ru.otus.igorr.books.lesson12.service.book.BookServiceImplTest], using SpringBootContextLoader
18:43:19.379 [main] &amp#27;[34mINFO &amp#27;[0;39m &amp#27;[36m.s.t.c.s.AbstractContextLoader&amp#27;[0;39m : Could not detect default resource locations for test class [ru.otus.igorr.books.lesson12.service.book.BookServiceImplTest]: no resource found for suffixes {-context.xml, Context.groovy}.
18:43:19.379 [main] &amp#27;[34mINFO &amp#27;[0;39m &amp#27;[36mtationConfigContextLoaderUtils&amp#27;[0;39m : Could not detect default configuration classes for test class [ru.otus.igorr.books.lesson12.service.book.BookServiceImplTest]: BookServiceImplTest does not declare any static, non-private, non-final, nested classes annotated with @Configuration.
18:43:19.412 [main] &amp#27;[34mINFO &amp#27;[0;39m &amp#27;[36mingBootTestContextBootstrapper&amp#27;[0;39m : Found @SpringBootConfiguration ru.otus.igorr.books.lesson12.Lesson12Application for test class ru.otus.igorr.books.lesson12.service.book.BookServiceImplTest
18:43:19.418 [main] &amp#27;[34mINFO &amp#27;[0;39m &amp#27;[36mingBootTestContextBootstrapper&amp#27;[0;39m : Loaded default TestExecutionListener class names from location [META-INF/spring.factories]: [org.springframework.boot.test.mock.mockito.MockitoTestExecutionListener, org.springframework.boot.test.mock.mockito.ResetMocksTestExecutionListener, org.springframework.boot.test.autoconfigure.restdocs.RestDocsTestExecutionListener, org.springframework.boot.test.autoconfigure.web.client.MockRestServiceServerResetTestExecutionListener, org.springframework.boot.test.autoconfigure.web.servlet.MockMvcPrintOnlyOnFailureTestExecutionListener, org.springframework.boot.test.autoconfigure.web.servlet.WebDriverTestExecutionListener, org.springframework.test.context.web.ServletTestExecutionListener, org.springframework.test.context.support.DirtiesContextBeforeModesTestExecutionListener, org.springframework.test.context.support.DependencyInjectionTestExecutionListener, org.springframework.test.context.support.DirtiesContextTestExecutionListener, org.springframework.test.context.transaction.TransactionalTestExecutionListener, org.springframework.test.context.jdbc.SqlScriptsTestExecutionListener]
18:43:19.419 [main] &amp#27;[34mINFO &amp#27;[0;39m &amp#27;[36mingBootTestContextBootstrapper&amp#27;[0;39m : Using TestExecutionListeners: [org.springframework.test.context.support.DirtiesContextBeforeModesTestExecutionListener@16e3a461, org.springframework.boot.test.mock.mockito.MockitoTestExecutionListener@7e2723d2, org.springframework.boot.test.autoconfigure.SpringBootDependencyInjectionTestExecutionListener@2b0061b7, org.springframework.test.context.support.DirtiesContextTestExecutionListener@72dc0d72, org.springframework.test.context.transaction.TransactionalTestExecutionListener@79176fe4, org.springframework.test.context.jdbc.SqlScriptsTestExecutionListener@3ee9eaa7, org.springframework.boot.test.mock.mockito.ResetMocksTestExecutionListener@164c2914, org.springframework.boot.test.autoconfigure.restdocs.RestDocsTestExecutionListener@4690132, org.springframework.boot.test.autoconfigure.web.client.MockRestServiceServerResetTestExecutionListener@46c33614, org.springframework.boot.test.autoconfigure.web.servlet.MockMvcPrintOnlyOnFailureTestExecutionListener@378e50b9, org.springframework.boot.test.autoconfigure.web.servlet.WebDriverTestExecutionListener@40fdcbd5]
18:43:19.573 [main] &amp#27;[34mINFO &amp#27;[0;39m &amp#27;[36m.i.b.l.s.b.BookServiceImplTest&amp#27;[0;39m : Starting BookServiceImplTest on SBTOVB-SD004039 with PID 6816 (started by 16726080 in C:\Users\16726080\IdeaProjects\books\lesson12)
18:43:19.574 [main] &amp#27;[39mDEBUG&amp#27;[0;39m &amp#27;[36m.i.b.l.s.b.BookServiceImplTest&amp#27;[0;39m : Running with Spring Boot v2.1.3.RELEASE, Spring v5.1.5.RELEASE
18:43:19.574 [main] &amp#27;[34mINFO &amp#27;[0;39m &amp#27;[36m.i.b.l.s.b.BookServiceImplTest&amp#27;[0;39m : No active profile set, falling back to default profiles: default
18:43:20.052 [main] &amp#27;[34mINFO &amp#27;[0;39m &amp#27;[36mepositoryConfigurationDelegate&amp#27;[0;39m : Multiple Spring Data modules found, entering strict repository configuration mode!
18:43:20.052 [main] &amp#27;[34mINFO &amp#27;[0;39m &amp#27;[36mepositoryConfigurationDelegate&amp#27;[0;39m : Bootstrapping Spring Data repositories in DEFAULT mode.
18:43:20.088 [main] &amp#27;[34mINFO &amp#27;[0;39m &amp#27;[36myConfigurationExtensionSupport&amp#27;[0;39m : Spring Data MongoDB - Could not safely identify store assignment for repository candidate interface ru.otus.igorr.books.lesson12.repository.author.AuthorRepository.
18:43:20.088 [main] &amp#27;[34mINFO &amp#27;[0;39m &amp#27;[36myConfigurationExtensionSupport&amp#27;[0;39m : Spring Data MongoDB - Could not safely identify store assignment for repository candidate interface ru.otus.igorr.books.lesson12.repository.book.BookRepository.
18:43:20.088 [main] &amp#27;[34mINFO &amp#27;[0;39m &amp#27;[36myConfigurationExtensionSupport&amp#27;[0;39m : Spring Data MongoDB - Could not safely identify store assignment for repository candidate interface ru.otus.igorr.books.lesson12.repository.book.NoteRepository.
18:43:20.088 [main] &amp#27;[34mINFO &amp#27;[0;39m &amp#27;[36myConfigurationExtensionSupport&amp#27;[0;39m : Spring Data MongoDB - Could not safely identify store assignment for repository candidate interface ru.otus.igorr.books.lesson12.repository.genre.GenreRepository.
18:43:20.105 [main] &amp#27;[34mINFO &amp#27;[0;39m &amp#27;[36mepositoryConfigurationDelegate&amp#27;[0;39m : Finished Spring Data repository scanning in 53ms. Found 1 repository interfaces.
18:43:20.114 [main] &amp#27;[34mINFO &amp#27;[0;39m &amp#27;[36mepositoryConfigurationDelegate&amp#27;[0;39m : Multiple Spring Data modules found, entering strict repository configuration mode!
18:43:20.114 [main] &amp#27;[34mINFO &amp#27;[0;39m &amp#27;[36mepositoryConfigurationDelegate&amp#27;[0;39m : Bootstrapping Spring Data repositories in DEFAULT mode.
18:43:20.190 [main] &amp#27;[34mINFO &amp#27;[0;39m &amp#27;[36myConfigurationExtensionSupport&amp#27;[0;39m : Spring Data JPA - Could not safely identify store assignment for repository candidate interface ru.otus.igorr.books.lesson12.repository.person.PersonRepository.
18:43:20.251 [main] &amp#27;[34mINFO &amp#27;[0;39m &amp#27;[36mepositoryConfigurationDelegate&amp#27;[0;39m : Finished Spring Data repository scanning in 137ms. Found 4 repository interfaces.
18:43:20.329 [main] &amp#27;[34mINFO &amp#27;[0;39m &amp#27;[36mc.z.h.HikariDataSource        &amp#27;[0;39m : HikariPool-13 - Starting...
18:43:20.331 [main] &amp#27;[34mINFO &amp#27;[0;39m &amp#27;[36mc.z.h.HikariDataSource        &amp#27;[0;39m : HikariPool-13 - Start completed.
18:43:20.424 [main] &amp#27;[34mINFO &amp#27;[0;39m &amp#27;[36mo.h.j.i.u.LogHelper           &amp#27;[0;39m : HHH000204: Processing PersistenceUnitInfo [
	name: default
	...]
18:43:20.481 [main] &amp#27;[34mINFO &amp#27;[0;39m &amp#27;[36mo.h.d.Dialect                 &amp#27;[0;39m : HHH000400: Using dialect: org.hibernate.dialect.H2Dialect
18:43:20.640 [main] &amp#27;[34mINFO &amp#27;[0;39m &amp#27;[36mtainerEntityManagerFactoryBean&amp#27;[0;39m : Initialized JPA EntityManagerFactory for persistence unit 'default'
18:43:20.644 [main] &amp#27;[31mWARN &amp#27;[0;39m &amp#27;[36mtationConfigApplicationContext&amp#27;[0;39m : Exception encountered during context initialization - cancelling refresh attempt: org.springframework.beans.factory.BeanCreationException: Error creating bean with name 'entityManagerFactory' defined in class path resource [org/springframework/boot/autoconfigure/orm/jpa/HibernateJpaConfiguration.class]: Initialization of bean failed; nested exception is org.springframework.jdbc.datasource.init.ScriptStatementFailedException: Failed to execute SQL script statement #1 of class path resource [testdata.sql]: insert into genre(id, name, description) values(1, 'genre.1','genre.1.description'); nested exception is org.h2.jdbc.JdbcSQLException: Нарушение уникального индекса или первичного ключа: "PRIMARY KEY ON PUBLIC.GENRE(ID)"
Unique index or primary key violation: "PRIMARY KEY ON PUBLIC.GENRE(ID)"; SQL statement:
insert into genre(id, name, description) values(1, 'genre.1','genre.1.description') [23505-197]
18:43:20.644 [main] &amp#27;[34mINFO &amp#27;[0;39m &amp#27;[36mc.z.h.HikariDataSource        &amp#27;[0;39m : HikariPool-13 - Shutdown initiated...
18:43:20.649 [main] &amp#27;[34mINFO &amp#27;[0;39m &amp#27;[36mc.z.h.HikariDataSource        &amp#27;[0;39m : HikariPool-13 - Shutdown completed.
18:43:20.654 [main] &amp#27;[34mINFO &amp#27;[0;39m &amp#27;[36mvaluationReportLoggingListener&amp#27;[0;39m : 

Error starting ApplicationContext. To display the conditions report re-run your application with 'debug' enabled.
18:43:20.655 [main] &amp#27;[1;31mERROR&amp#27;[0;39m &amp#27;[36mo.s.b.SpringApplication       &amp#27;[0;39m : Application run failed
org.springframework.beans.factory.BeanCreationException: Error creating bean with name 'entityManagerFactory' defined in class path resource [org/springframework/boot/autoconfigure/orm/jpa/HibernateJpaConfiguration.class]: Initialization of bean failed; nested exception is org.springframework.jdbc.datasource.init.ScriptStatementFailedException: Failed to execute SQL script statement #1 of class path resource [testdata.sql]: insert into genre(id, name, description) values(1, 'genre.1','genre.1.description'); nested exception is org.h2.jdbc.JdbcSQLException: Нарушение уникального индекса или первичного ключа: "PRIMARY KEY ON PUBLIC.GENRE(ID)"
Unique index or primary key violation: "PRIMARY KEY ON PUBLIC.GENRE(ID)"; SQL statement:
insert into genre(id, name, description) values(1, 'genre.1','genre.1.description') [23505-197]
	at org.springframework.beans.factory.support.AbstractAutowireCapableBeanFactory.doCreateBean(AbstractAutowireCapableBeanFactory.java:601)
	at org.springframework.beans.factory.support.AbstractAutowireCapableBeanFactory.createBean(AbstractAutowireCapableBeanFactory.java:515)
	at org.springframework.beans.factory.support.AbstractBeanFactory.lambda$doGetBean$0(AbstractBeanFactory.java:320)
	at org.springframework.beans.factory.support.DefaultSingletonBeanRegistry.getSingleton(DefaultSingletonBeanRegistry.java:222)
	at org.springframework.beans.factory.support.AbstractBeanFactory.doGetBean(AbstractBeanFactory.java:318)
	at org.springframework.beans.factory.support.AbstractBeanFactory.getBean(AbstractBeanFactory.java:199)
	at org.springframework.context.support.AbstractApplicationContext.getBean(AbstractApplicationContext.java:1105)
	at org.springframework.context.support.AbstractApplicationContext.finishBeanFactoryInitialization(AbstractApplicationContext.java:867)
	at org.springframework.context.support.AbstractApplicationContext.refresh(AbstractApplicationContext.java:549)
	at org.springframework.boot.SpringApplication.refresh(SpringApplication.java:775)
	at org.springframework.boot.SpringApplication.refreshContext(SpringApplication.java:397)
	at org.springframework.boot.SpringApplication.run(SpringApplication.java:316)
	at org.springframework.boot.test.context.SpringBootContextLoader.loadContext(SpringBootContextLoader.java:127)
	at org.springframework.test.context.cache.DefaultCacheAwareContextLoaderDelegate.loadContextInternal(DefaultCacheAwareContextLoaderDelegate.java:99)
	at org.springframework.test.context.cache.DefaultCacheAwareContextLoaderDelegate.loadContext(DefaultCacheAwareContextLoaderDelegate.java:117)
	at org.springframework.test.context.support.DefaultTestContext.getApplicationContext(DefaultTestContext.java:108)
	at org.springframework.test.context.support.DependencyInjectionTestExecutionListener.injectDependencies(DependencyInjectionTestExecutionListener.java:118)
	at org.springframework.test.context.support.DependencyInjectionTestExecutionListener.prepareTestInstance(DependencyInjectionTestExecutionListener.java:83)
	at org.springframework.boot.test.autoconfigure.SpringBootDependencyInjectionTestExecutionListener.prepareTestInstance(SpringBootDependencyInjectionTestExecutionListener.java:44)
	at org.springframework.test.context.TestContextManager.prepareTestInstance(TestContextManager.java:246)
	at org.springframework.test.context.junit.jupiter.SpringExtension.postProcessTestInstance(SpringExtension.java:97)
	at org.junit.jupiter.engine.descriptor.ClassTestDescriptor.lambda$invokeTestInstancePostProcessors$5(ClassTestDescriptor.java:349)
	at org.junit.jupiter.engine.descriptor.JupiterTestDescriptor.executeAndMaskThrowable(JupiterTestDescriptor.java:215)
	at org.junit.jupiter.engine.descriptor.ClassTestDescriptor.lambda$invokeTestInstancePostProcessors$6(ClassTestDescriptor.java:349)
	at java.base/java.util.stream.ReferencePipeline$3$1.accept(ReferencePipeline.java:195)
	at java.base/java.util.stream.ReferencePipeline$2$1.accept(ReferencePipeline.java:177)
	at java.base/java.util.ArrayList$ArrayListSpliterator.forEachRemaining(ArrayList.java:1654)
	at java.base/java.util.stream.AbstractPipeline.copyInto(AbstractPipeline.java:484)
	at java.base/java.util.stream.AbstractPipeline.wrapAndCopyInto(AbstractPipeline.java:474)
	at java.base/java.util.stream.StreamSpliterators$WrappingSpliterator.forEachRemaining(StreamSpliterators.java:312)
	at java.base/java.util.stream.Streams$ConcatSpliterator.forEachRemaining(Streams.java:735)
	at java.base/java.util.stream.Streams$ConcatSpliterator.forEachRemaining(Streams.java:734)
	at java.base/java.util.stream.ReferencePipeline$Head.forEach(ReferencePipeline.java:658)
	at org.junit.jupiter.engine.descriptor.ClassTestDescriptor.invokeTestInstancePostProcessors(ClassTestDescriptor.java:348)
	at org.junit.jupiter.engine.descriptor.ClassTestDescriptor.instantiateAndPostProcessTestInstance(ClassTestDescriptor.java:270)
	at org.junit.jupiter.engine.descriptor.ClassTestDescriptor.lambda$testInstanceProvider$2(ClassTestDescriptor.java:259)
	at org.junit.jupiter.engine.descriptor.ClassTestDescriptor.lambda$testInstanceProvider$3(ClassTestDescriptor.java:263)
	at java.base/java.util.Optional.orElseGet(Optional.java:369)
	at org.junit.jupiter.engine.descriptor.ClassTestDescriptor.lambda$testInstanceProvider$4(ClassTestDescriptor.java:262)
	at org.junit.jupiter.engine.descriptor.TestMethodTestDescriptor.prepare(TestMethodTestDescriptor.java:82)
	at org.junit.jupiter.engine.descriptor.TestMethodTestDescriptor.prepare(TestMethodTestDescriptor.java:59)
	at org.junit.platform.engine.support.hierarchical.NodeTestTask.lambda$prepare$0(NodeTestTask.java:83)
	at org.junit.platform.engine.support.hierarchical.ThrowableCollector.execute(ThrowableCollector.java:72)
	at org.junit.platform.engine.support.hierarchical.NodeTestTask.prepare(NodeTestTask.java:83)
	at org.junit.platform.engine.support.hierarchical.NodeTestTask.execute(NodeTestTask.java:69)
	at java.base/java.util.ArrayList.forEach(ArrayList.java:1540)
	at org.junit.platform.engine.support.hierarchical.SameThreadHierarchicalTestExecutorService.invokeAll(SameThreadHierarchicalTestExecutorService.java:38)
	at org.junit.platform.engine.support.hierarchical.NodeTestTask.lambda$executeRecursively$4(NodeTestTask.java:112)
	at org.junit.platform.engine.support.hierarchical.ThrowableCollector.execute(ThrowableCollector.java:72)
	at org.junit.platform.engine.support.hierarchical.NodeTestTask.executeRecursively(NodeTestTask.java:98)
	at org.junit.platform.engine.support.hierarchical.NodeTestTask.execute(NodeTestTask.java:74)
	at java.base/java.util.ArrayList.forEach(ArrayList.java:1540)
	at org.junit.platform.engine.support.hierarchical.SameThreadHierarchicalTestExecutorService.invokeAll(SameThreadHierarchicalTestExecutorService.java:38)
	at org.junit.platform.engine.support.hierarchical.NodeTestTask.lambda$executeRecursively$4(NodeTestTask.java:112)
	at org.junit.platform.engine.support.hierarchical.ThrowableCollector.execute(ThrowableCollector.java:72)
	at org.junit.platform.engine.support.hierarchical.NodeTestTask.executeRecursively(NodeTestTask.java:98)
	at org.junit.platform.engine.support.hierarchical.NodeTestTask.execute(NodeTestTask.java:74)
	at org.junit.platform.engine.support.hierarchical.SameThreadHierarchicalTestExecutorService.submit(SameThreadHierarchicalTestExecutorService.java:32)
	at org.junit.platform.engine.support.hierarchical.HierarchicalTestExecutor.execute(HierarchicalTestExecutor.java:57)
	at org.junit.platform.engine.support.hierarchical.HierarchicalTestEngine.execute(HierarchicalTestEngine.java:51)
	at org.junit.platform.launcher.core.DefaultLauncher.execute(DefaultLauncher.java:220)
	at org.junit.platform.launcher.core.DefaultLauncher.lambda$execute$6(DefaultLauncher.java:188)
	at org.junit.platform.launcher.core.DefaultLauncher.withInterceptedStreams(DefaultLauncher.java:202)
	at org.junit.platform.launcher.core.DefaultLauncher.execute(DefaultLauncher.java:181)
	at org.junit.platform.launcher.core.DefaultLauncher.execute(DefaultLauncher.java:128)
	at org.apache.maven.surefire.junitplatform.JUnitPlatformProvider.invokeAllTests(JUnitPlatformProvider.java:142)
	at org.apache.maven.surefire.junitplatform.JUnitPlatformProvider.invoke(JUnitPlatformProvider.java:117)
	at org.apache.maven.surefire.booter.ForkedBooter.invokeProviderInSameClassLoader(ForkedBooter.java:384)
	at org.apache.maven.surefire.booter.ForkedBooter.runSuitesInProcess(ForkedBooter.java:345)
	at org.apache.maven.surefire.booter.ForkedBooter.execute(ForkedBooter.java:126)
	at org.apache.maven.surefire.booter.ForkedBooter.main(ForkedBooter.java:418)
Caused by: org.springframework.jdbc.datasource.init.ScriptStatementFailedException: Failed to execute SQL script statement #1 of class path resource [testdata.sql]: insert into genre(id, name, description) values(1, 'genre.1','genre.1.description'); nested exception is org.h2.jdbc.JdbcSQLException: Нарушение уникального индекса или первичного ключа: "PRIMARY KEY ON PUBLIC.GENRE(ID)"
Unique index or primary key violation: "PRIMARY KEY ON PUBLIC.GENRE(ID)"; SQL statement:
insert into genre(id, name, description) values(1, 'genre.1','genre.1.description') [23505-197]
	at org.springframework.jdbc.datasource.init.ScriptUtils.executeSqlScript(ScriptUtils.java:509)
	at org.springframework.jdbc.datasource.init.ResourceDatabasePopulator.populate(ResourceDatabasePopulator.java:238)
	at org.springframework.jdbc.datasource.init.DatabasePopulatorUtils.execute(DatabasePopulatorUtils.java:48)
	at org.springframework.boot.autoconfigure.jdbc.DataSourceInitializer.runScripts(DataSourceInitializer.java:210)
	at org.springframework.boot.autoconfigure.jdbc.DataSourceInitializer.initSchema(DataSourceInitializer.java:123)
	at org.springframework.boot.autoconfigure.jdbc.DataSourceInitializerInvoker.onApplicationEvent(DataSourceInitializerInvoker.java:93)
	at org.springframework.boot.autoconfigure.jdbc.DataSourceInitializerInvoker.onApplicationEvent(DataSourceInitializerInvoker.java:37)
	at org.springframework.context.event.SimpleApplicationEventMulticaster.doInvokeListener(SimpleApplicationEventMulticaster.java:172)
	at org.springframework.context.event.SimpleApplicationEventMulticaster.invokeListener(SimpleApplicationEventMulticaster.java:165)
	at org.springframework.context.event.SimpleApplicationEventMulticaster.multicastEvent(SimpleApplicationEventMulticaster.java:139)
	at org.springframework.context.support.AbstractApplicationContext.publishEvent(AbstractApplicationContext.java:402)
	at org.springframework.context.support.AbstractApplicationContext.publishEvent(AbstractApplicationContext.java:359)
	at org.springframework.boot.autoconfigure.orm.jpa.DataSourceInitializedPublisher.publishEventIfRequired(DataSourceInitializedPublisher.java:98)
	at org.springframework.boot.autoconfigure.orm.jpa.DataSourceInitializedPublisher.postProcessAfterInitialization(DataSourceInitializedPublisher.java:88)
	at org.springframework.beans.factory.support.AbstractAutowireCapableBeanFactory.applyBeanPostProcessorsAfterInitialization(AbstractAutowireCapableBeanFactory.java:429)
	at org.springframework.beans.factory.support.AbstractAutowireCapableBeanFactory.initializeBean(AbstractAutowireCapableBeanFactory.java:1766)
	at org.springframework.beans.factory.support.AbstractAutowireCapableBeanFactory.doCreateBean(AbstractAutowireCapableBeanFactory.java:593)
	... 70 common frames omitted
Caused by: org.h2.jdbc.JdbcSQLException: Нарушение уникального индекса или первичного ключа: "PRIMARY KEY ON PUBLIC.GENRE(ID)"
Unique index or primary key violation: "PRIMARY KEY ON PUBLIC.GENRE(ID)"; SQL statement:
insert into genre(id, name, description) values(1, 'genre.1','genre.1.description') [23505-197]
	at org.h2.message.DbException.getJdbcSQLException(DbException.java:357)
	at org.h2.message.DbException.get(DbException.java:179)
	at org.h2.message.DbException.get(DbException.java:155)
	at org.h2.mvstore.db.MVPrimaryIndex.add(MVPrimaryIndex.java:123)
	at org.h2.mvstore.db.MVTable.addRow(MVTable.java:732)
	at org.h2.command.dml.Insert.insertRows(Insert.java:182)
	at org.h2.command.dml.Insert.update(Insert.java:134)
	at org.h2.command.CommandContainer.update(CommandContainer.java:102)
	at org.h2.command.Command.executeUpdate(Command.java:261)
	at org.h2.jdbc.JdbcStatement.executeInternal(JdbcStatement.java:233)
	at org.h2.jdbc.JdbcStatement.execute(JdbcStatement.java:205)
	at com.zaxxer.hikari.pool.ProxyStatement.execute(ProxyStatement.java:95)
	at com.zaxxer.hikari.pool.HikariProxyStatement.execute(HikariProxyStatement.java)
	at org.springframework.jdbc.datasource.init.ScriptUtils.executeSqlScript(ScriptUtils.java:488)
	... 86 common frames omitted
18:43:20.729 [main] &amp#27;[34mINFO &amp#27;[0;39m &amp#27;[36m.i.b.l.s.b.BookServiceImplTest&amp#27;[0;39m : Starting BookServiceImplTest on SBTOVB-SD004039 with PID 6816 (started by 16726080 in C:\Users\16726080\IdeaProjects\books\lesson12)
18:43:20.729 [main] &amp#27;[39mDEBUG&amp#27;[0;39m &amp#27;[36m.i.b.l.s.b.BookServiceImplTest&amp#27;[0;39m : Running with Spring Boot v2.1.3.RELEASE, Spring v5.1.5.RELEASE
18:43:20.729 [main] &amp#27;[34mINFO &amp#27;[0;39m &amp#27;[36m.i.b.l.s.b.BookServiceImplTest&amp#27;[0;39m : No active profile set, falling back to default profiles: default
18:43:21.045 [main] &amp#27;[34mINFO &amp#27;[0;39m &amp#27;[36mepositoryConfigurationDelegate&amp#27;[0;39m : Multiple Spring Data modules found, entering strict repository configuration mode!
18:43:21.045 [main] &amp#27;[34mINFO &amp#27;[0;39m &amp#27;[36mepositoryConfigurationDelegate&amp#27;[0;39m : Bootstrapping Spring Data repositories in DEFAULT mode.
18:43:21.072 [main] &amp#27;[34mINFO &amp#27;[0;39m &amp#27;[36myConfigurationExtensionSupport&amp#27;[0;39m : Spring Data MongoDB - Could not safely identify store assignment for repository candidate interface ru.otus.igorr.books.lesson12.repository.author.AuthorRepository.
18:43:21.072 [main] &amp#27;[34mINFO &amp#27;[0;39m &amp#27;[36myConfigurationExtensionSupport&amp#27;[0;39m : Spring Data MongoDB - Could not safely identify store assignment for repository candidate interface ru.otus.igorr.books.lesson12.repository.book.BookRepository.
18:43:21.073 [main] &amp#27;[34mINFO &amp#27;[0;39m &amp#27;[36myConfigurationExtensionSupport&amp#27;[0;39m : Spring Data MongoDB - Could not safely identify store assignment for repository candidate interface ru.otus.igorr.books.lesson12.repository.book.NoteRepository.
18:43:21.073 [main] &amp#27;[34mINFO &amp#27;[0;39m &amp#27;[36myConfigurationExtensionSupport&amp#27;[0;39m : Spring Data MongoDB - Could not safely identify store assignment for repository candidate interface ru.otus.igorr.books.lesson12.repository.genre.GenreRepository.
18:43:21.086 [main] &amp#27;[34mINFO &amp#27;[0;39m &amp#27;[36mepositoryConfigurationDelegate&amp#27;[0;39m : Finished Spring Data repository scanning in 41ms. Found 1 repository interfaces.
18:43:21.097 [main] &amp#27;[34mINFO &amp#27;[0;39m &amp#27;[36mepositoryConfigurationDelegate&amp#27;[0;39m : Multiple Spring Data modules found, entering strict repository configuration mode!
18:43:21.097 [main] &amp#27;[34mINFO &amp#27;[0;39m &amp#27;[36mepositoryConfigurationDelegate&amp#27;[0;39m : Bootstrapping Spring Data repositories in DEFAULT mode.
18:43:21.275 [main] &amp#27;[34mINFO &amp#27;[0;39m &amp#27;[36myConfigurationExtensionSupport&amp#27;[0;39m : Spring Data JPA - Could not safely identify store assignment for repository candidate interface ru.otus.igorr.books.lesson12.repository.person.PersonRepository.
18:43:21.363 [main] &amp#27;[34mINFO &amp#27;[0;39m &amp#27;[36mepositoryConfigurationDelegate&amp#27;[0;39m : Finished Spring Data repository scanning in 266ms. Found 4 repository interfaces.
18:43:21.487 [main] &amp#27;[34mINFO &amp#27;[0;39m &amp#27;[36mc.z.h.HikariDataSource        &amp#27;[0;39m : HikariPool-14 - Starting...
18:43:21.493 [main] &amp#27;[34mINFO &amp#27;[0;39m &amp#27;[36mc.z.h.HikariDataSource        &amp#27;[0;39m : HikariPool-14 - Start completed.
18:43:21.642 [main] &amp#27;[34mINFO &amp#27;[0;39m &amp#27;[36mo.h.j.i.u.LogHelper           &amp#27;[0;39m : HHH000204: Processing PersistenceUnitInfo [
	name: default
	...]
18:43:21.698 [main] &amp#27;[34mINFO &amp#27;[0;39m &amp#27;[36mo.h.d.Dialect                 &amp#27;[0;39m : HHH000400: Using dialect: org.hibernate.dialect.H2Dialect
18:43:22.023 [main] &amp#27;[34mINFO &amp#27;[0;39m &amp#27;[36mtainerEntityManagerFactoryBean&amp#27;[0;39m : Initialized JPA EntityManagerFactory for persistence unit 'default'
18:43:22.028 [main] &amp#27;[31mWARN &amp#27;[0;39m &amp#27;[36mtationConfigApplicationContext&amp#27;[0;39m : Exception encountered during context initialization - cancelling refresh attempt: org.springframework.beans.factory.BeanCreationException: Error creating bean with name 'entityManagerFactory' defined in class path resource [org/springframework/boot/autoconfigure/orm/jpa/HibernateJpaConfiguration.class]: Initialization of bean failed; nested exception is org.springframework.jdbc.datasource.init.ScriptStatementFailedException: Failed to execute SQL script statement #1 of class path resource [testdata.sql]: insert into genre(id, name, description) values(1, 'genre.1','genre.1.description'); nested exception is org.h2.jdbc.JdbcSQLException: Нарушение уникального индекса или первичного ключа: "PRIMARY KEY ON PUBLIC.GENRE(ID)"
Unique index or primary key violation: "PRIMARY KEY ON PUBLIC.GENRE(ID)"; SQL statement:
insert into genre(id, name, description) values(1, 'genre.1','genre.1.description') [23505-197]
18:43:22.028 [main] &amp#27;[34mINFO &amp#27;[0;39m &amp#27;[36mc.z.h.HikariDataSource        &amp#27;[0;39m : HikariPool-14 - Shutdown initiated...
18:43:22.064 [main] &amp#27;[34mINFO &amp#27;[0;39m &amp#27;[36mc.z.h.HikariDataSource        &amp#27;[0;39m : HikariPool-14 - Shutdown completed.
18:43:22.066 [main] &amp#27;[34mINFO &amp#27;[0;39m &amp#27;[36mvaluationReportLoggingListener&amp#27;[0;39m : 

Error starting ApplicationContext. To display the conditions report re-run your application with 'debug' enabled.
18:43:22.069 [main] &amp#27;[1;31mERROR&amp#27;[0;39m &amp#27;[36mo.s.b.SpringApplication       &amp#27;[0;39m : Application run failed
org.springframework.beans.factory.BeanCreationException: Error creating bean with name 'entityManagerFactory' defined in class path resource [org/springframework/boot/autoconfigure/orm/jpa/HibernateJpaConfiguration.class]: Initialization of bean failed; nested exception is org.springframework.jdbc.datasource.init.ScriptStatementFailedException: Failed to execute SQL script statement #1 of class path resource [testdata.sql]: insert into genre(id, name, description) values(1, 'genre.1','genre.1.description'); nested exception is org.h2.jdbc.JdbcSQLException: Нарушение уникального индекса или первичного ключа: "PRIMARY KEY ON PUBLIC.GENRE(ID)"
Unique index or primary key violation: "PRIMARY KEY ON PUBLIC.GENRE(ID)"; SQL statement:
insert into genre(id, name, description) values(1, 'genre.1','genre.1.description') [23505-197]
	at org.springframework.beans.factory.support.AbstractAutowireCapableBeanFactory.doCreateBean(AbstractAutowireCapableBeanFactory.java:601)
	at org.springframework.beans.factory.support.AbstractAutowireCapableBeanFactory.createBean(AbstractAutowireCapableBeanFactory.java:515)
	at org.springframework.beans.factory.support.AbstractBeanFactory.lambda$doGetBean$0(AbstractBeanFactory.java:320)
	at org.springframework.beans.factory.support.DefaultSingletonBeanRegistry.getSingleton(DefaultSingletonBeanRegistry.java:222)
	at org.springframework.beans.factory.support.AbstractBeanFactory.doGetBean(AbstractBeanFactory.java:318)
	at org.springframework.beans.factory.support.AbstractBeanFactory.getBean(AbstractBeanFactory.java:199)
	at org.springframework.context.support.AbstractApplicationContext.getBean(AbstractApplicationContext.java:1105)
	at org.springframework.context.support.AbstractApplicationContext.finishBeanFactoryInitialization(AbstractApplicationContext.java:867)
	at org.springframework.context.support.AbstractApplicationContext.refresh(AbstractApplicationContext.java:549)
	at org.springframework.boot.SpringApplication.refresh(SpringApplication.java:775)
	at org.springframework.boot.SpringApplication.refreshContext(SpringApplication.java:397)
	at org.springframework.boot.SpringApplication.run(SpringApplication.java:316)
	at org.springframework.boot.test.context.SpringBootContextLoader.loadContext(SpringBootContextLoader.java:127)
	at org.springframework.test.context.cache.DefaultCacheAwareContextLoaderDelegate.loadContextInternal(DefaultCacheAwareContextLoaderDelegate.java:99)
	at org.springframework.test.context.cache.DefaultCacheAwareContextLoaderDelegate.loadContext(DefaultCacheAwareContextLoaderDelegate.java:117)
	at org.springframework.test.context.support.DefaultTestContext.getApplicationContext(DefaultTestContext.java:108)
	at org.springframework.boot.test.autoconfigure.SpringBootDependencyInjectionTestExecutionListener.outputConditionEvaluationReport(SpringBootDependencyInjectionTestExecutionListener.java:54)
	at org.springframework.boot.test.autoconfigure.SpringBootDependencyInjectionTestExecutionListener.prepareTestInstance(SpringBootDependencyInjectionTestExecutionListener.java:47)
	at org.springframework.test.context.TestContextManager.prepareTestInstance(TestContextManager.java:246)
	at org.springframework.test.context.junit.jupiter.SpringExtension.postProcessTestInstance(SpringExtension.java:97)
	at org.junit.jupiter.engine.descriptor.ClassTestDescriptor.lambda$invokeTestInstancePostProcessors$5(ClassTestDescriptor.java:349)
	at org.junit.jupiter.engine.descriptor.JupiterTestDescriptor.executeAndMaskThrowable(JupiterTestDescriptor.java:215)
	at org.junit.jupiter.engine.descriptor.ClassTestDescriptor.lambda$invokeTestInstancePostProcessors$6(ClassTestDescriptor.java:349)
	at java.base/java.util.stream.ReferencePipeline$3$1.accept(ReferencePipeline.java:195)
	at java.base/java.util.stream.ReferencePipeline$2$1.accept(ReferencePipeline.java:177)
	at java.base/java.util.ArrayList$ArrayListSpliterator.forEachRemaining(ArrayList.java:1654)
	at java.base/java.util.stream.AbstractPipeline.copyInto(AbstractPipeline.java:484)
	at java.base/java.util.stream.AbstractPipeline.wrapAndCopyInto(AbstractPipeline.java:474)
	at java.base/java.util.stream.StreamSpliterators$WrappingSpliterator.forEachRemaining(StreamSpliterators.java:312)
	at java.base/java.util.stream.Streams$ConcatSpliterator.forEachRemaining(Streams.java:735)
	at java.base/java.util.stream.Streams$ConcatSpliterator.forEachRemaining(Streams.java:734)
	at java.base/java.util.stream.ReferencePipeline$Head.forEach(ReferencePipeline.java:658)
	at org.junit.jupiter.engine.descriptor.ClassTestDescriptor.invokeTestInstancePostProcessors(ClassTestDescriptor.java:348)
	at org.junit.jupiter.engine.descriptor.ClassTestDescriptor.instantiateAndPostProcessTestInstance(ClassTestDescriptor.java:270)
	at org.junit.jupiter.engine.descriptor.ClassTestDescriptor.lambda$testInstanceProvider$2(ClassTestDescriptor.java:259)
	at org.junit.jupiter.engine.descriptor.ClassTestDescriptor.lambda$testInstanceProvider$3(ClassTestDescriptor.java:263)
	at java.base/java.util.Optional.orElseGet(Optional.java:369)
	at org.junit.jupiter.engine.descriptor.ClassTestDescriptor.lambda$testInstanceProvider$4(ClassTestDescriptor.java:262)
	at org.junit.jupiter.engine.descriptor.TestMethodTestDescriptor.prepare(TestMethodTestDescriptor.java:82)
	at org.junit.jupiter.engine.descriptor.TestMethodTestDescriptor.prepare(TestMethodTestDescriptor.java:59)
	at org.junit.platform.engine.support.hierarchical.NodeTestTask.lambda$prepare$0(NodeTestTask.java:83)
	at org.junit.platform.engine.support.hierarchical.ThrowableCollector.execute(ThrowableCollector.java:72)
	at org.junit.platform.engine.support.hierarchical.NodeTestTask.prepare(NodeTestTask.java:83)
	at org.junit.platform.engine.support.hierarchical.NodeTestTask.execute(NodeTestTask.java:69)
	at java.base/java.util.ArrayList.forEach(ArrayList.java:1540)
	at org.junit.platform.engine.support.hierarchical.SameThreadHierarchicalTestExecutorService.invokeAll(SameThreadHierarchicalTestExecutorService.java:38)
	at org.junit.platform.engine.support.hierarchical.NodeTestTask.lambda$executeRecursively$4(NodeTestTask.java:112)
	at org.junit.platform.engine.support.hierarchical.ThrowableCollector.execute(ThrowableCollector.java:72)
	at org.junit.platform.engine.support.hierarchical.NodeTestTask.executeRecursively(NodeTestTask.java:98)
	at org.junit.platform.engine.support.hierarchical.NodeTestTask.execute(NodeTestTask.java:74)
	at java.base/java.util.ArrayList.forEach(ArrayList.java:1540)
	at org.junit.platform.engine.support.hierarchical.SameThreadHierarchicalTestExecutorService.invokeAll(SameThreadHierarchicalTestExecutorService.java:38)
	at org.junit.platform.engine.support.hierarchical.NodeTestTask.lambda$executeRecursively$4(NodeTestTask.java:112)
	at org.junit.platform.engine.support.hierarchical.ThrowableCollector.execute(ThrowableCollector.java:72)
	at org.junit.platform.engine.support.hierarchical.NodeTestTask.executeRecursively(NodeTestTask.java:98)
	at org.junit.platform.engine.support.hierarchical.NodeTestTask.execute(NodeTestTask.java:74)
	at org.junit.platform.engine.support.hierarchical.SameThreadHierarchicalTestExecutorService.submit(SameThreadHierarchicalTestExecutorService.java:32)
	at org.junit.platform.engine.support.hierarchical.HierarchicalTestExecutor.execute(HierarchicalTestExecutor.java:57)
	at org.junit.platform.engine.support.hierarchical.HierarchicalTestEngine.execute(HierarchicalTestEngine.java:51)
	at org.junit.platform.launcher.core.DefaultLauncher.execute(DefaultLauncher.java:220)
	at org.junit.platform.launcher.core.DefaultLauncher.lambda$execute$6(DefaultLauncher.java:188)
	at org.junit.platform.launcher.core.DefaultLauncher.withInterceptedStreams(DefaultLauncher.java:202)
	at org.junit.platform.launcher.core.DefaultLauncher.execute(DefaultLauncher.java:181)
	at org.junit.platform.launcher.core.DefaultLauncher.execute(DefaultLauncher.java:128)
	at org.apache.maven.surefire.junitplatform.JUnitPlatformProvider.invokeAllTests(JUnitPlatformProvider.java:142)
	at org.apache.maven.surefire.junitplatform.JUnitPlatformProvider.invoke(JUnitPlatformProvider.java:117)
	at org.apache.maven.surefire.booter.ForkedBooter.invokeProviderInSameClassLoader(ForkedBooter.java:384)
	at org.apache.maven.surefire.booter.ForkedBooter.runSuitesInProcess(ForkedBooter.java:345)
	at org.apache.maven.surefire.booter.ForkedBooter.execute(ForkedBooter.java:126)
	at org.apache.maven.surefire.booter.ForkedBooter.main(ForkedBooter.java:418)
Caused by: org.springframework.jdbc.datasource.init.ScriptStatementFailedException: Failed to execute SQL script statement #1 of class path resource [testdata.sql]: insert into genre(id, name, description) values(1, 'genre.1','genre.1.description'); nested exception is org.h2.jdbc.JdbcSQLException: Нарушение уникального индекса или первичного ключа: "PRIMARY KEY ON PUBLIC.GENRE(ID)"
Unique index or primary key violation: "PRIMARY KEY ON PUBLIC.GENRE(ID)"; SQL statement:
insert into genre(id, name, description) values(1, 'genre.1','genre.1.description') [23505-197]
	at org.springframework.jdbc.datasource.init.ScriptUtils.executeSqlScript(ScriptUtils.java:509)
	at org.springframework.jdbc.datasource.init.ResourceDatabasePopulator.populate(ResourceDatabasePopulator.java:238)
	at org.springframework.jdbc.datasource.init.DatabasePopulatorUtils.execute(DatabasePopulatorUtils.java:48)
	at org.springframework.boot.autoconfigure.jdbc.DataSourceInitializer.runScripts(DataSourceInitializer.java:210)
	at org.springframework.boot.autoconfigure.jdbc.DataSourceInitializer.initSchema(DataSourceInitializer.java:123)
	at org.springframework.boot.autoconfigure.jdbc.DataSourceInitializerInvoker.onApplicationEvent(DataSourceInitializerInvoker.java:93)
	at org.springframework.boot.autoconfigure.jdbc.DataSourceInitializerInvoker.onApplicationEvent(DataSourceInitializerInvoker.java:37)
	at org.springframework.context.event.SimpleApplicationEventMulticaster.doInvokeListener(SimpleApplicationEventMulticaster.java:172)
	at org.springframework.context.event.SimpleApplicationEventMulticaster.invokeListener(SimpleApplicationEventMulticaster.java:165)
	at org.springframework.context.event.SimpleApplicationEventMulticaster.multicastEvent(SimpleApplicationEventMulticaster.java:139)
	at org.springframework.context.support.AbstractApplicationContext.publishEvent(AbstractApplicationContext.java:402)
	at org.springframework.context.support.AbstractApplicationContext.publishEvent(AbstractApplicationContext.java:359)
	at org.springframework.boot.autoconfigure.orm.jpa.DataSourceInitializedPublisher.publishEventIfRequired(DataSourceInitializedPublisher.java:98)
	at org.springframework.boot.autoconfigure.orm.jpa.DataSourceInitializedPublisher.postProcessAfterInitialization(DataSourceInitializedPublisher.java:88)
	at org.springframework.beans.factory.support.AbstractAutowireCapableBeanFactory.applyBeanPostProcessorsAfterInitialization(AbstractAutowireCapableBeanFactory.java:429)
	at org.springframework.beans.factory.support.AbstractAutowireCapableBeanFactory.initializeBean(AbstractAutowireCapableBeanFactory.java:1766)
	at org.springframework.beans.factory.support.AbstractAutowireCapableBeanFactory.doCreateBean(AbstractAutowireCapableBeanFactory.java:593)
	... 69 common frames omitted
Caused by: org.h2.jdbc.JdbcSQLException: Нарушение уникального индекса или первичного ключа: "PRIMARY KEY ON PUBLIC.GENRE(ID)"
Unique index or primary key violation: "PRIMARY KEY ON PUBLIC.GENRE(ID)"; SQL statement:
insert into genre(id, name, description) values(1, 'genre.1','genre.1.description') [23505-197]
	at org.h2.message.DbException.getJdbcSQLException(DbException.java:357)
	at org.h2.message.DbException.get(DbException.java:179)
	at org.h2.message.DbException.get(DbException.java:155)
	at org.h2.mvstore.db.MVPrimaryIndex.add(MVPrimaryIndex.java:123)
	at org.h2.mvstore.db.MVTable.addRow(MVTable.java:732)
	at org.h2.command.dml.Insert.insertRows(Insert.java:182)
	at org.h2.command.dml.Insert.update(Insert.java:134)
	at org.h2.command.CommandContainer.update(CommandContainer.java:102)
	at org.h2.command.Command.executeUpdate(Command.java:261)
	at org.h2.jdbc.JdbcStatement.executeInternal(JdbcStatement.java:233)
	at org.h2.jdbc.JdbcStatement.execute(JdbcStatement.java:205)
	at com.zaxxer.hikari.pool.ProxyStatement.execute(ProxyStatement.java:95)
	at com.zaxxer.hikari.pool.HikariProxyStatement.execute(HikariProxyStatement.java)
	at org.springframework.jdbc.datasource.init.ScriptUtils.executeSqlScript(ScriptUtils.java:488)
	... 85 common frames omitted
18:43:22.070 [main] &amp#27;[1;31mERROR&amp#27;[0;39m &amp#27;[36mo.s.t.c.TestContextManager    &amp#27;[0;39m : Caught exception while allowing TestExecutionListener [org.springframework.boot.test.autoconfigure.SpringBootDependencyInjectionTestExecutionListener@2b0061b7] to prepare test instance [ru.otus.igorr.books.lesson12.service.book.BookServiceImplTest@11cf1be7]
java.lang.IllegalStateException: Failed to load ApplicationContext
	at org.springframework.test.context.cache.DefaultCacheAwareContextLoaderDelegate.loadContext(DefaultCacheAwareContextLoaderDelegate.java:125)
	at org.springframework.test.context.support.DefaultTestContext.getApplicationContext(DefaultTestContext.java:108)
	at org.springframework.test.context.support.DependencyInjectionTestExecutionListener.injectDependencies(DependencyInjectionTestExecutionListener.java:118)
	at org.springframework.test.context.support.DependencyInjectionTestExecutionListener.prepareTestInstance(DependencyInjectionTestExecutionListener.java:83)
	at org.springframework.boot.test.autoconfigure.SpringBootDependencyInjectionTestExecutionListener.prepareTestInstance(SpringBootDependencyInjectionTestExecutionListener.java:44)
	at org.springframework.test.context.TestContextManager.prepareTestInstance(TestContextManager.java:246)
	at org.springframework.test.context.junit.jupiter.SpringExtension.postProcessTestInstance(SpringExtension.java:97)
	at org.junit.jupiter.engine.descriptor.ClassTestDescriptor.lambda$invokeTestInstancePostProcessors$5(ClassTestDescriptor.java:349)
	at org.junit.jupiter.engine.descriptor.JupiterTestDescriptor.executeAndMaskThrowable(JupiterTestDescriptor.java:215)
	at org.junit.jupiter.engine.descriptor.ClassTestDescriptor.lambda$invokeTestInstancePostProcessors$6(ClassTestDescriptor.java:349)
	at java.base/java.util.stream.ReferencePipeline$3$1.accept(ReferencePipeline.java:195)
	at java.base/java.util.stream.ReferencePipeline$2$1.accept(ReferencePipeline.java:177)
	at java.base/java.util.ArrayList$ArrayListSpliterator.forEachRemaining(ArrayList.java:1654)
	at java.base/java.util.stream.AbstractPipeline.copyInto(AbstractPipeline.java:484)
	at java.base/java.util.stream.AbstractPipeline.wrapAndCopyInto(AbstractPipeline.java:474)
	at java.base/java.util.stream.StreamSpliterators$WrappingSpliterator.forEachRemaining(StreamSpliterators.java:312)
	at java.base/java.util.stream.Streams$ConcatSpliterator.forEachRemaining(Streams.java:735)
	at java.base/java.util.stream.Streams$ConcatSpliterator.forEachRemaining(Streams.java:734)
	at java.base/java.util.stream.ReferencePipeline$Head.forEach(ReferencePipeline.java:658)
	at org.junit.jupiter.engine.descriptor.ClassTestDescriptor.invokeTestInstancePostProcessors(ClassTestDescriptor.java:348)
	at org.junit.jupiter.engine.descriptor.ClassTestDescriptor.instantiateAndPostProcessTestInstance(ClassTestDescriptor.java:270)
	at org.junit.jupiter.engine.descriptor.ClassTestDescriptor.lambda$testInstanceProvider$2(ClassTestDescriptor.java:259)
	at org.junit.jupiter.engine.descriptor.ClassTestDescriptor.lambda$testInstanceProvider$3(ClassTestDescriptor.java:263)
	at java.base/java.util.Optional.orElseGet(Optional.java:369)
	at org.junit.jupiter.engine.descriptor.ClassTestDescriptor.lambda$testInstanceProvider$4(ClassTestDescriptor.java:262)
	at org.junit.jupiter.engine.descriptor.TestMethodTestDescriptor.prepare(TestMethodTestDescriptor.java:82)
	at org.junit.jupiter.engine.descriptor.TestMethodTestDescriptor.prepare(TestMethodTestDescriptor.java:59)
	at org.junit.platform.engine.support.hierarchical.NodeTestTask.lambda$prepare$0(NodeTestTask.java:83)
	at org.junit.platform.engine.support.hierarchical.ThrowableCollector.execute(ThrowableCollector.java:72)
	at org.junit.platform.engine.support.hierarchical.NodeTestTask.prepare(NodeTestTask.java:83)
	at org.junit.platform.engine.support.hierarchical.NodeTestTask.execute(NodeTestTask.java:69)
	at java.base/java.util.ArrayList.forEach(ArrayList.java:1540)
	at org.junit.platform.engine.support.hierarchical.SameThreadHierarchicalTestExecutorService.invokeAll(SameThreadHierarchicalTestExecutorService.java:38)
	at org.junit.platform.engine.support.hierarchical.NodeTestTask.lambda$executeRecursively$4(NodeTestTask.java:112)
	at org.junit.platform.engine.support.hierarchical.ThrowableCollector.execute(ThrowableCollector.java:72)
	at org.junit.platform.engine.support.hierarchical.NodeTestTask.executeRecursively(NodeTestTask.java:98)
	at org.junit.platform.engine.support.hierarchical.NodeTestTask.execute(NodeTestTask.java:74)
	at java.base/java.util.ArrayList.forEach(ArrayList.java:1540)
	at org.junit.platform.engine.support.hierarchical.SameThreadHierarchicalTestExecutorService.invokeAll(SameThreadHierarchicalTestExecutorService.java:38)
	at org.junit.platform.engine.support.hierarchical.NodeTestTask.lambda$executeRecursively$4(NodeTestTask.java:112)
	at org.junit.platform.engine.support.hierarchical.ThrowableCollector.execute(ThrowableCollector.java:72)
	at org.junit.platform.engine.support.hierarchical.NodeTestTask.executeRecursively(NodeTestTask.java:98)
	at org.junit.platform.engine.support.hierarchical.NodeTestTask.execute(NodeTestTask.java:74)
	at org.junit.platform.engine.support.hierarchical.SameThreadHierarchicalTestExecutorService.submit(SameThreadHierarchicalTestExecutorService.java:32)
	at org.junit.platform.engine.support.hierarchical.HierarchicalTestExecutor.execute(HierarchicalTestExecutor.java:57)
	at org.junit.platform.engine.support.hierarchical.HierarchicalTestEngine.execute(HierarchicalTestEngine.java:51)
	at org.junit.platform.launcher.core.DefaultLauncher.execute(DefaultLauncher.java:220)
	at org.junit.platform.launcher.core.DefaultLauncher.lambda$execute$6(DefaultLauncher.java:188)
	at org.junit.platform.launcher.core.DefaultLauncher.withInterceptedStreams(DefaultLauncher.java:202)
	at org.junit.platform.launcher.core.DefaultLauncher.execute(DefaultLauncher.java:181)
	at org.junit.platform.launcher.core.DefaultLauncher.execute(DefaultLauncher.java:128)
	at org.apache.maven.surefire.junitplatform.JUnitPlatformProvider.invokeAllTests(JUnitPlatformProvider.java:142)
	at org.apache.maven.surefire.junitplatform.JUnitPlatformProvider.invoke(JUnitPlatformProvider.java:117)
	at org.apache.maven.surefire.booter.ForkedBooter.invokeProviderInSameClassLoader(ForkedBooter.java:384)
	at org.apache.maven.surefire.booter.ForkedBooter.runSuitesInProcess(ForkedBooter.java:345)
	at org.apache.maven.surefire.booter.ForkedBooter.execute(ForkedBooter.java:126)
	at org.apache.maven.surefire.booter.ForkedBooter.main(ForkedBooter.java:418)
Caused by: org.springframework.beans.factory.BeanCreationException: Error creating bean with name 'entityManagerFactory' defined in class path resource [org/springframework/boot/autoconfigure/orm/jpa/HibernateJpaConfiguration.class]: Initialization of bean failed; nested exception is org.springframework.jdbc.datasource.init.ScriptStatementFailedException: Failed to execute SQL script statement #1 of class path resource [testdata.sql]: insert into genre(id, name, description) values(1, 'genre.1','genre.1.description'); nested exception is org.h2.jdbc.JdbcSQLException: Нарушение уникального индекса или первичного ключа: "PRIMARY KEY ON PUBLIC.GENRE(ID)"
Unique index or primary key violation: "PRIMARY KEY ON PUBLIC.GENRE(ID)"; SQL statement:
insert into genre(id, name, description) values(1, 'genre.1','genre.1.description') [23505-197]
	at org.springframework.beans.factory.support.AbstractAutowireCapableBeanFactory.doCreateBean(AbstractAutowireCapableBeanFactory.java:601)
	at org.springframework.beans.factory.support.AbstractAutowireCapableBeanFactory.createBean(AbstractAutowireCapableBeanFactory.java:515)
	at org.springframework.beans.factory.support.AbstractBeanFactory.lambda$doGetBean$0(AbstractBeanFactory.java:320)
	at org.springframework.beans.factory.support.DefaultSingletonBeanRegistry.getSingleton(DefaultSingletonBeanRegistry.java:222)
	at org.springframework.beans.factory.support.AbstractBeanFactory.doGetBean(AbstractBeanFactory.java:318)
	at org.springframework.beans.factory.support.AbstractBeanFactory.getBean(AbstractBeanFactory.java:199)
	at org.springframework.context.support.AbstractApplicationContext.getBean(AbstractApplicationContext.java:1105)
	at org.springframework.context.support.AbstractApplicationContext.finishBeanFactoryInitialization(AbstractApplicationContext.java:867)
	at org.springframework.context.support.AbstractApplicationContext.refresh(AbstractApplicationContext.java:549)
	at org.springframework.boot.SpringApplication.refresh(SpringApplication.java:775)
	at org.springframework.boot.SpringApplication.refreshContext(SpringApplication.java:397)
	at org.springframework.boot.SpringApplication.run(SpringApplication.java:316)
	at org.springframework.boot.test.context.SpringBootContextLoader.loadContext(SpringBootContextLoader.java:127)
	at org.springframework.test.context.cache.DefaultCacheAwareContextLoaderDelegate.loadContextInternal(DefaultCacheAwareContextLoaderDelegate.java:99)
	at org.springframework.test.context.cache.DefaultCacheAwareContextLoaderDelegate.loadContext(DefaultCacheAwareContextLoaderDelegate.java:117)
	... 56 common frames omitted
Caused by: org.springframework.jdbc.datasource.init.ScriptStatementFailedException: Failed to execute SQL script statement #1 of class path resource [testdata.sql]: insert into genre(id, name, description) values(1, 'genre.1','genre.1.description'); nested exception is org.h2.jdbc.JdbcSQLException: Нарушение уникального индекса или первичного ключа: "PRIMARY KEY ON PUBLIC.GENRE(ID)"
Unique index or primary key violation: "PRIMARY KEY ON PUBLIC.GENRE(ID)"; SQL statement:
insert into genre(id, name, description) values(1, 'genre.1','genre.1.description') [23505-197]
	at org.springframework.jdbc.datasource.init.ScriptUtils.executeSqlScript(ScriptUtils.java:509)
	at org.springframework.jdbc.datasource.init.ResourceDatabasePopulator.populate(ResourceDatabasePopulator.java:238)
	at org.springframework.jdbc.datasource.init.DatabasePopulatorUtils.execute(DatabasePopulatorUtils.java:48)
	at org.springframework.boot.autoconfigure.jdbc.DataSourceInitializer.runScripts(DataSourceInitializer.java:210)
	at org.springframework.boot.autoconfigure.jdbc.DataSourceInitializer.initSchema(DataSourceInitializer.java:123)
	at org.springframework.boot.autoconfigure.jdbc.DataSourceInitializerInvoker.onApplicationEvent(DataSourceInitializerInvoker.java:93)
	at org.springframework.boot.autoconfigure.jdbc.DataSourceInitializerInvoker.onApplicationEvent(DataSourceInitializerInvoker.java:37)
	at org.springframework.context.event.SimpleApplicationEventMulticaster.doInvokeListener(SimpleApplicationEventMulticaster.java:172)
	at org.springframework.context.event.SimpleApplicationEventMulticaster.invokeListener(SimpleApplicationEventMulticaster.java:165)
	at org.springframework.context.event.SimpleApplicationEventMulticaster.multicastEvent(SimpleApplicationEventMulticaster.java:139)
	at org.springframework.context.support.AbstractApplicationContext.publishEvent(AbstractApplicationContext.java:402)
	at org.springframework.context.support.AbstractApplicationContext.publishEvent(AbstractApplicationContext.java:359)
	at org.springframework.boot.autoconfigure.orm.jpa.DataSourceInitializedPublisher.publishEventIfRequired(DataSourceInitializedPublisher.java:98)
	at org.springframework.boot.autoconfigure.orm.jpa.DataSourceInitializedPublisher.postProcessAfterInitialization(DataSourceInitializedPublisher.java:88)
	at org.springframework.beans.factory.support.AbstractAutowireCapableBeanFactory.applyBeanPostProcessorsAfterInitialization(AbstractAutowireCapableBeanFactory.java:429)
	at org.springframework.beans.factory.support.AbstractAutowireCapableBeanFactory.initializeBean(AbstractAutowireCapableBeanFactory.java:1766)
	at org.springframework.beans.factory.support.AbstractAutowireCapableBeanFactory.doCreateBean(AbstractAutowireCapableBeanFactory.java:593)
	... 70 common frames omitted
Caused by: org.h2.jdbc.JdbcSQLException: Нарушение уникального индекса или первичного ключа: "PRIMARY KEY ON PUBLIC.GENRE(ID)"
Unique index or primary key violation: "PRIMARY KEY ON PUBLIC.GENRE(ID)"; SQL statement:
insert into genre(id, name, description) values(1, 'genre.1','genre.1.description') [23505-197]
	at org.h2.message.DbException.getJdbcSQLException(DbException.java:357)
	at org.h2.message.DbException.get(DbException.java:179)
	at org.h2.message.DbException.get(DbException.java:155)
	at org.h2.mvstore.db.MVPrimaryIndex.add(MVPrimaryIndex.java:123)
	at org.h2.mvstore.db.MVTable.addRow(MVTable.java:732)
	at org.h2.command.dml.Insert.insertRows(Insert.java:182)
	at org.h2.command.dml.Insert.update(Insert.java:134)
	at org.h2.command.CommandContainer.update(CommandContainer.java:102)
	at org.h2.command.Command.executeUpdate(Command.java:261)
	at org.h2.jdbc.JdbcStatement.executeInternal(JdbcStatement.java:233)
	at org.h2.jdbc.JdbcStatement.execute(JdbcStatement.java:205)
	at com.zaxxer.hikari.pool.ProxyStatement.execute(ProxyStatement.java:95)
	at com.zaxxer.hikari.pool.HikariProxyStatement.execute(HikariProxyStatement.java)
	at org.springframework.jdbc.datasource.init.ScriptUtils.executeSqlScript(ScriptUtils.java:488)
	... 86 common frames omitted
]]></system-out>
  </testcase>
  <testcase name="getByIdTest" classname="ru.otus.igorr.books.lesson12.service.book.BookServiceImplTest" time="0.001">
    <error message="Failed to load ApplicationContext" type="java.lang.IllegalStateException">java.lang.IllegalStateException: Failed to load ApplicationContext
Caused by: org.springframework.beans.factory.BeanCreationException: 
Error creating bean with name 'entityManagerFactory' defined in class path resource [org/springframework/boot/autoconfigure/orm/jpa/HibernateJpaConfiguration.class]: Initialization of bean failed; nested exception is org.springframework.jdbc.datasource.init.ScriptStatementFailedException: Failed to execute SQL script statement #1 of class path resource [testdata.sql]: insert into genre(id, name, description) values(1, 'genre.1','genre.1.description'); nested exception is org.h2.jdbc.JdbcSQLException: Нарушение уникального индекса или первичного ключа: "PRIMARY KEY ON PUBLIC.GENRE(ID)"
Unique index or primary key violation: "PRIMARY KEY ON PUBLIC.GENRE(ID)"; SQL statement:
insert into genre(id, name, description) values(1, 'genre.1','genre.1.description') [23505-197]
Caused by: org.springframework.jdbc.datasource.init.ScriptStatementFailedException: 
Failed to execute SQL script statement #1 of class path resource [testdata.sql]: insert into genre(id, name, description) values(1, 'genre.1','genre.1.description'); nested exception is org.h2.jdbc.JdbcSQLException: Нарушение уникального индекса или первичного ключа: "PRIMARY KEY ON PUBLIC.GENRE(ID)"
Unique index or primary key violation: "PRIMARY KEY ON PUBLIC.GENRE(ID)"; SQL statement:
insert into genre(id, name, description) values(1, 'genre.1','genre.1.description') [23505-197]
Caused by: org.h2.jdbc.JdbcSQLException: 
Нарушение уникального индекса или первичного ключа: "PRIMARY KEY ON PUBLIC.GENRE(ID)"
Unique index or primary key violation: "PRIMARY KEY ON PUBLIC.GENRE(ID)"; SQL statement:
insert into genre(id, name, description) values(1, 'genre.1','genre.1.description') [23505-197]
</error>
    <system-out><![CDATA[18:43:22.154 [main] &amp#27;[34mINFO &amp#27;[0;39m &amp#27;[36m.i.b.l.s.b.BookServiceImplTest&amp#27;[0;39m : Starting BookServiceImplTest on SBTOVB-SD004039 with PID 6816 (started by 16726080 in C:\Users\16726080\IdeaProjects\books\lesson12)
18:43:22.154 [main] &amp#27;[39mDEBUG&amp#27;[0;39m &amp#27;[36m.i.b.l.s.b.BookServiceImplTest&amp#27;[0;39m : Running with Spring Boot v2.1.3.RELEASE, Spring v5.1.5.RELEASE
18:43:22.154 [main] &amp#27;[34mINFO &amp#27;[0;39m &amp#27;[36m.i.b.l.s.b.BookServiceImplTest&amp#27;[0;39m : No active profile set, falling back to default profiles: default
18:43:22.421 [main] &amp#27;[34mINFO &amp#27;[0;39m &amp#27;[36mepositoryConfigurationDelegate&amp#27;[0;39m : Multiple Spring Data modules found, entering strict repository configuration mode!
18:43:22.421 [main] &amp#27;[34mINFO &amp#27;[0;39m &amp#27;[36mepositoryConfigurationDelegate&amp#27;[0;39m : Bootstrapping Spring Data repositories in DEFAULT mode.
18:43:22.440 [main] &amp#27;[34mINFO &amp#27;[0;39m &amp#27;[36myConfigurationExtensionSupport&amp#27;[0;39m : Spring Data MongoDB - Could not safely identify store assignment for repository candidate interface ru.otus.igorr.books.lesson12.repository.author.AuthorRepository.
18:43:22.440 [main] &amp#27;[34mINFO &amp#27;[0;39m &amp#27;[36myConfigurationExtensionSupport&amp#27;[0;39m : Spring Data MongoDB - Could not safely identify store assignment for repository candidate interface ru.otus.igorr.books.lesson12.repository.book.BookRepository.
18:43:22.440 [main] &amp#27;[34mINFO &amp#27;[0;39m &amp#27;[36myConfigurationExtensionSupport&amp#27;[0;39m : Spring Data MongoDB - Could not safely identify store assignment for repository candidate interface ru.otus.igorr.books.lesson12.repository.book.NoteRepository.
18:43:22.440 [main] &amp#27;[34mINFO &amp#27;[0;39m &amp#27;[36myConfigurationExtensionSupport&amp#27;[0;39m : Spring Data MongoDB - Could not safely identify store assignment for repository candidate interface ru.otus.igorr.books.lesson12.repository.genre.GenreRepository.
18:43:22.453 [main] &amp#27;[34mINFO &amp#27;[0;39m &amp#27;[36mepositoryConfigurationDelegate&amp#27;[0;39m : Finished Spring Data repository scanning in 31ms. Found 1 repository interfaces.
18:43:22.461 [main] &amp#27;[34mINFO &amp#27;[0;39m &amp#27;[36mepositoryConfigurationDelegate&amp#27;[0;39m : Multiple Spring Data modules found, entering strict repository configuration mode!
18:43:22.461 [main] &amp#27;[34mINFO &amp#27;[0;39m &amp#27;[36mepositoryConfigurationDelegate&amp#27;[0;39m : Bootstrapping Spring Data repositories in DEFAULT mode.
18:43:22.536 [main] &amp#27;[34mINFO &amp#27;[0;39m &amp#27;[36myConfigurationExtensionSupport&amp#27;[0;39m : Spring Data JPA - Could not safely identify store assignment for repository candidate interface ru.otus.igorr.books.lesson12.repository.person.PersonRepository.
18:43:22.594 [main] &amp#27;[34mINFO &amp#27;[0;39m &amp#27;[36mepositoryConfigurationDelegate&amp#27;[0;39m : Finished Spring Data repository scanning in 133ms. Found 4 repository interfaces.
18:43:22.698 [main] &amp#27;[34mINFO &amp#27;[0;39m &amp#27;[36mc.z.h.HikariDataSource        &amp#27;[0;39m : HikariPool-15 - Starting...
18:43:22.699 [main] &amp#27;[34mINFO &amp#27;[0;39m &amp#27;[36mc.z.h.HikariDataSource        &amp#27;[0;39m : HikariPool-15 - Start completed.
18:43:22.790 [main] &amp#27;[34mINFO &amp#27;[0;39m &amp#27;[36mo.h.j.i.u.LogHelper           &amp#27;[0;39m : HHH000204: Processing PersistenceUnitInfo [
	name: default
	...]
18:43:22.833 [main] &amp#27;[34mINFO &amp#27;[0;39m &amp#27;[36mo.h.d.Dialect                 &amp#27;[0;39m : HHH000400: Using dialect: org.hibernate.dialect.H2Dialect
18:43:22.949 [main] &amp#27;[34mINFO &amp#27;[0;39m &amp#27;[36mtainerEntityManagerFactoryBean&amp#27;[0;39m : Initialized JPA EntityManagerFactory for persistence unit 'default'
18:43:22.953 [main] &amp#27;[31mWARN &amp#27;[0;39m &amp#27;[36mtationConfigApplicationContext&amp#27;[0;39m : Exception encountered during context initialization - cancelling refresh attempt: org.springframework.beans.factory.BeanCreationException: Error creating bean with name 'entityManagerFactory' defined in class path resource [org/springframework/boot/autoconfigure/orm/jpa/HibernateJpaConfiguration.class]: Initialization of bean failed; nested exception is org.springframework.jdbc.datasource.init.ScriptStatementFailedException: Failed to execute SQL script statement #1 of class path resource [testdata.sql]: insert into genre(id, name, description) values(1, 'genre.1','genre.1.description'); nested exception is org.h2.jdbc.JdbcSQLException: Нарушение уникального индекса или первичного ключа: "PRIMARY KEY ON PUBLIC.GENRE(ID)"
Unique index or primary key violation: "PRIMARY KEY ON PUBLIC.GENRE(ID)"; SQL statement:
insert into genre(id, name, description) values(1, 'genre.1','genre.1.description') [23505-197]
18:43:22.953 [main] &amp#27;[34mINFO &amp#27;[0;39m &amp#27;[36mc.z.h.HikariDataSource        &amp#27;[0;39m : HikariPool-15 - Shutdown initiated...
18:43:22.958 [main] &amp#27;[34mINFO &amp#27;[0;39m &amp#27;[36mc.z.h.HikariDataSource        &amp#27;[0;39m : HikariPool-15 - Shutdown completed.
18:43:22.960 [main] &amp#27;[34mINFO &amp#27;[0;39m &amp#27;[36mvaluationReportLoggingListener&amp#27;[0;39m : 

Error starting ApplicationContext. To display the conditions report re-run your application with 'debug' enabled.
18:43:22.962 [main] &amp#27;[1;31mERROR&amp#27;[0;39m &amp#27;[36mo.s.b.SpringApplication       &amp#27;[0;39m : Application run failed
org.springframework.beans.factory.BeanCreationException: Error creating bean with name 'entityManagerFactory' defined in class path resource [org/springframework/boot/autoconfigure/orm/jpa/HibernateJpaConfiguration.class]: Initialization of bean failed; nested exception is org.springframework.jdbc.datasource.init.ScriptStatementFailedException: Failed to execute SQL script statement #1 of class path resource [testdata.sql]: insert into genre(id, name, description) values(1, 'genre.1','genre.1.description'); nested exception is org.h2.jdbc.JdbcSQLException: Нарушение уникального индекса или первичного ключа: "PRIMARY KEY ON PUBLIC.GENRE(ID)"
Unique index or primary key violation: "PRIMARY KEY ON PUBLIC.GENRE(ID)"; SQL statement:
insert into genre(id, name, description) values(1, 'genre.1','genre.1.description') [23505-197]
	at org.springframework.beans.factory.support.AbstractAutowireCapableBeanFactory.doCreateBean(AbstractAutowireCapableBeanFactory.java:601)
	at org.springframework.beans.factory.support.AbstractAutowireCapableBeanFactory.createBean(AbstractAutowireCapableBeanFactory.java:515)
	at org.springframework.beans.factory.support.AbstractBeanFactory.lambda$doGetBean$0(AbstractBeanFactory.java:320)
	at org.springframework.beans.factory.support.DefaultSingletonBeanRegistry.getSingleton(DefaultSingletonBeanRegistry.java:222)
	at org.springframework.beans.factory.support.AbstractBeanFactory.doGetBean(AbstractBeanFactory.java:318)
	at org.springframework.beans.factory.support.AbstractBeanFactory.getBean(AbstractBeanFactory.java:199)
	at org.springframework.context.support.AbstractApplicationContext.getBean(AbstractApplicationContext.java:1105)
	at org.springframework.context.support.AbstractApplicationContext.finishBeanFactoryInitialization(AbstractApplicationContext.java:867)
	at org.springframework.context.support.AbstractApplicationContext.refresh(AbstractApplicationContext.java:549)
	at org.springframework.boot.SpringApplication.refresh(SpringApplication.java:775)
	at org.springframework.boot.SpringApplication.refreshContext(SpringApplication.java:397)
	at org.springframework.boot.SpringApplication.run(SpringApplication.java:316)
	at org.springframework.boot.test.context.SpringBootContextLoader.loadContext(SpringBootContextLoader.java:127)
	at org.springframework.test.context.cache.DefaultCacheAwareContextLoaderDelegate.loadContextInternal(DefaultCacheAwareContextLoaderDelegate.java:99)
	at org.springframework.test.context.cache.DefaultCacheAwareContextLoaderDelegate.loadContext(DefaultCacheAwareContextLoaderDelegate.java:117)
	at org.springframework.test.context.support.DefaultTestContext.getApplicationContext(DefaultTestContext.java:108)
	at org.springframework.test.context.support.DependencyInjectionTestExecutionListener.injectDependencies(DependencyInjectionTestExecutionListener.java:118)
	at org.springframework.test.context.support.DependencyInjectionTestExecutionListener.prepareTestInstance(DependencyInjectionTestExecutionListener.java:83)
	at org.springframework.boot.test.autoconfigure.SpringBootDependencyInjectionTestExecutionListener.prepareTestInstance(SpringBootDependencyInjectionTestExecutionListener.java:44)
	at org.springframework.test.context.TestContextManager.prepareTestInstance(TestContextManager.java:246)
	at org.springframework.test.context.junit.jupiter.SpringExtension.postProcessTestInstance(SpringExtension.java:97)
	at org.junit.jupiter.engine.descriptor.ClassTestDescriptor.lambda$invokeTestInstancePostProcessors$5(ClassTestDescriptor.java:349)
	at org.junit.jupiter.engine.descriptor.JupiterTestDescriptor.executeAndMaskThrowable(JupiterTestDescriptor.java:215)
	at org.junit.jupiter.engine.descriptor.ClassTestDescriptor.lambda$invokeTestInstancePostProcessors$6(ClassTestDescriptor.java:349)
	at java.base/java.util.stream.ReferencePipeline$3$1.accept(ReferencePipeline.java:195)
	at java.base/java.util.stream.ReferencePipeline$2$1.accept(ReferencePipeline.java:177)
	at java.base/java.util.ArrayList$ArrayListSpliterator.forEachRemaining(ArrayList.java:1654)
	at java.base/java.util.stream.AbstractPipeline.copyInto(AbstractPipeline.java:484)
	at java.base/java.util.stream.AbstractPipeline.wrapAndCopyInto(AbstractPipeline.java:474)
	at java.base/java.util.stream.StreamSpliterators$WrappingSpliterator.forEachRemaining(StreamSpliterators.java:312)
	at java.base/java.util.stream.Streams$ConcatSpliterator.forEachRemaining(Streams.java:735)
	at java.base/java.util.stream.Streams$ConcatSpliterator.forEachRemaining(Streams.java:734)
	at java.base/java.util.stream.ReferencePipeline$Head.forEach(ReferencePipeline.java:658)
	at org.junit.jupiter.engine.descriptor.ClassTestDescriptor.invokeTestInstancePostProcessors(ClassTestDescriptor.java:348)
	at org.junit.jupiter.engine.descriptor.ClassTestDescriptor.instantiateAndPostProcessTestInstance(ClassTestDescriptor.java:270)
	at org.junit.jupiter.engine.descriptor.ClassTestDescriptor.lambda$testInstanceProvider$2(ClassTestDescriptor.java:259)
	at org.junit.jupiter.engine.descriptor.ClassTestDescriptor.lambda$testInstanceProvider$3(ClassTestDescriptor.java:263)
	at java.base/java.util.Optional.orElseGet(Optional.java:369)
	at org.junit.jupiter.engine.descriptor.ClassTestDescriptor.lambda$testInstanceProvider$4(ClassTestDescriptor.java:262)
	at org.junit.jupiter.engine.descriptor.TestMethodTestDescriptor.prepare(TestMethodTestDescriptor.java:82)
	at org.junit.jupiter.engine.descriptor.TestMethodTestDescriptor.prepare(TestMethodTestDescriptor.java:59)
	at org.junit.platform.engine.support.hierarchical.NodeTestTask.lambda$prepare$0(NodeTestTask.java:83)
	at org.junit.platform.engine.support.hierarchical.ThrowableCollector.execute(ThrowableCollector.java:72)
	at org.junit.platform.engine.support.hierarchical.NodeTestTask.prepare(NodeTestTask.java:83)
	at org.junit.platform.engine.support.hierarchical.NodeTestTask.execute(NodeTestTask.java:69)
	at java.base/java.util.ArrayList.forEach(ArrayList.java:1540)
	at org.junit.platform.engine.support.hierarchical.SameThreadHierarchicalTestExecutorService.invokeAll(SameThreadHierarchicalTestExecutorService.java:38)
	at org.junit.platform.engine.support.hierarchical.NodeTestTask.lambda$executeRecursively$4(NodeTestTask.java:112)
	at org.junit.platform.engine.support.hierarchical.ThrowableCollector.execute(ThrowableCollector.java:72)
	at org.junit.platform.engine.support.hierarchical.NodeTestTask.executeRecursively(NodeTestTask.java:98)
	at org.junit.platform.engine.support.hierarchical.NodeTestTask.execute(NodeTestTask.java:74)
	at java.base/java.util.ArrayList.forEach(ArrayList.java:1540)
	at org.junit.platform.engine.support.hierarchical.SameThreadHierarchicalTestExecutorService.invokeAll(SameThreadHierarchicalTestExecutorService.java:38)
	at org.junit.platform.engine.support.hierarchical.NodeTestTask.lambda$executeRecursively$4(NodeTestTask.java:112)
	at org.junit.platform.engine.support.hierarchical.ThrowableCollector.execute(ThrowableCollector.java:72)
	at org.junit.platform.engine.support.hierarchical.NodeTestTask.executeRecursively(NodeTestTask.java:98)
	at org.junit.platform.engine.support.hierarchical.NodeTestTask.execute(NodeTestTask.java:74)
	at org.junit.platform.engine.support.hierarchical.SameThreadHierarchicalTestExecutorService.submit(SameThreadHierarchicalTestExecutorService.java:32)
	at org.junit.platform.engine.support.hierarchical.HierarchicalTestExecutor.execute(HierarchicalTestExecutor.java:57)
	at org.junit.platform.engine.support.hierarchical.HierarchicalTestEngine.execute(HierarchicalTestEngine.java:51)
	at org.junit.platform.launcher.core.DefaultLauncher.execute(DefaultLauncher.java:220)
	at org.junit.platform.launcher.core.DefaultLauncher.lambda$execute$6(DefaultLauncher.java:188)
	at org.junit.platform.launcher.core.DefaultLauncher.withInterceptedStreams(DefaultLauncher.java:202)
	at org.junit.platform.launcher.core.DefaultLauncher.execute(DefaultLauncher.java:181)
	at org.junit.platform.launcher.core.DefaultLauncher.execute(DefaultLauncher.java:128)
	at org.apache.maven.surefire.junitplatform.JUnitPlatformProvider.invokeAllTests(JUnitPlatformProvider.java:142)
	at org.apache.maven.surefire.junitplatform.JUnitPlatformProvider.invoke(JUnitPlatformProvider.java:117)
	at org.apache.maven.surefire.booter.ForkedBooter.invokeProviderInSameClassLoader(ForkedBooter.java:384)
	at org.apache.maven.surefire.booter.ForkedBooter.runSuitesInProcess(ForkedBooter.java:345)
	at org.apache.maven.surefire.booter.ForkedBooter.execute(ForkedBooter.java:126)
	at org.apache.maven.surefire.booter.ForkedBooter.main(ForkedBooter.java:418)
Caused by: org.springframework.jdbc.datasource.init.ScriptStatementFailedException: Failed to execute SQL script statement #1 of class path resource [testdata.sql]: insert into genre(id, name, description) values(1, 'genre.1','genre.1.description'); nested exception is org.h2.jdbc.JdbcSQLException: Нарушение уникального индекса или первичного ключа: "PRIMARY KEY ON PUBLIC.GENRE(ID)"
Unique index or primary key violation: "PRIMARY KEY ON PUBLIC.GENRE(ID)"; SQL statement:
insert into genre(id, name, description) values(1, 'genre.1','genre.1.description') [23505-197]
	at org.springframework.jdbc.datasource.init.ScriptUtils.executeSqlScript(ScriptUtils.java:509)
	at org.springframework.jdbc.datasource.init.ResourceDatabasePopulator.populate(ResourceDatabasePopulator.java:238)
	at org.springframework.jdbc.datasource.init.DatabasePopulatorUtils.execute(DatabasePopulatorUtils.java:48)
	at org.springframework.boot.autoconfigure.jdbc.DataSourceInitializer.runScripts(DataSourceInitializer.java:210)
	at org.springframework.boot.autoconfigure.jdbc.DataSourceInitializer.initSchema(DataSourceInitializer.java:123)
	at org.springframework.boot.autoconfigure.jdbc.DataSourceInitializerInvoker.onApplicationEvent(DataSourceInitializerInvoker.java:93)
	at org.springframework.boot.autoconfigure.jdbc.DataSourceInitializerInvoker.onApplicationEvent(DataSourceInitializerInvoker.java:37)
	at org.springframework.context.event.SimpleApplicationEventMulticaster.doInvokeListener(SimpleApplicationEventMulticaster.java:172)
	at org.springframework.context.event.SimpleApplicationEventMulticaster.invokeListener(SimpleApplicationEventMulticaster.java:165)
	at org.springframework.context.event.SimpleApplicationEventMulticaster.multicastEvent(SimpleApplicationEventMulticaster.java:139)
	at org.springframework.context.support.AbstractApplicationContext.publishEvent(AbstractApplicationContext.java:402)
	at org.springframework.context.support.AbstractApplicationContext.publishEvent(AbstractApplicationContext.java:359)
	at org.springframework.boot.autoconfigure.orm.jpa.DataSourceInitializedPublisher.publishEventIfRequired(DataSourceInitializedPublisher.java:98)
	at org.springframework.boot.autoconfigure.orm.jpa.DataSourceInitializedPublisher.postProcessAfterInitialization(DataSourceInitializedPublisher.java:88)
	at org.springframework.beans.factory.support.AbstractAutowireCapableBeanFactory.applyBeanPostProcessorsAfterInitialization(AbstractAutowireCapableBeanFactory.java:429)
	at org.springframework.beans.factory.support.AbstractAutowireCapableBeanFactory.initializeBean(AbstractAutowireCapableBeanFactory.java:1766)
	at org.springframework.beans.factory.support.AbstractAutowireCapableBeanFactory.doCreateBean(AbstractAutowireCapableBeanFactory.java:593)
	... 70 common frames omitted
Caused by: org.h2.jdbc.JdbcSQLException: Нарушение уникального индекса или первичного ключа: "PRIMARY KEY ON PUBLIC.GENRE(ID)"
Unique index or primary key violation: "PRIMARY KEY ON PUBLIC.GENRE(ID)"; SQL statement:
insert into genre(id, name, description) values(1, 'genre.1','genre.1.description') [23505-197]
	at org.h2.message.DbException.getJdbcSQLException(DbException.java:357)
	at org.h2.message.DbException.get(DbException.java:179)
	at org.h2.message.DbException.get(DbException.java:155)
	at org.h2.mvstore.db.MVPrimaryIndex.add(MVPrimaryIndex.java:123)
	at org.h2.mvstore.db.MVTable.addRow(MVTable.java:732)
	at org.h2.command.dml.Insert.insertRows(Insert.java:182)
	at org.h2.command.dml.Insert.update(Insert.java:134)
	at org.h2.command.CommandContainer.update(CommandContainer.java:102)
	at org.h2.command.Command.executeUpdate(Command.java:261)
	at org.h2.jdbc.JdbcStatement.executeInternal(JdbcStatement.java:233)
	at org.h2.jdbc.JdbcStatement.execute(JdbcStatement.java:205)
	at com.zaxxer.hikari.pool.ProxyStatement.execute(ProxyStatement.java:95)
	at com.zaxxer.hikari.pool.HikariProxyStatement.execute(HikariProxyStatement.java)
	at org.springframework.jdbc.datasource.init.ScriptUtils.executeSqlScript(ScriptUtils.java:488)
	... 86 common frames omitted
18:43:23.035 [main] &amp#27;[34mINFO &amp#27;[0;39m &amp#27;[36m.i.b.l.s.b.BookServiceImplTest&amp#27;[0;39m : Starting BookServiceImplTest on SBTOVB-SD004039 with PID 6816 (started by 16726080 in C:\Users\16726080\IdeaProjects\books\lesson12)
18:43:23.035 [main] &amp#27;[39mDEBUG&amp#27;[0;39m &amp#27;[36m.i.b.l.s.b.BookServiceImplTest&amp#27;[0;39m : Running with Spring Boot v2.1.3.RELEASE, Spring v5.1.5.RELEASE
18:43:23.036 [main] &amp#27;[34mINFO &amp#27;[0;39m &amp#27;[36m.i.b.l.s.b.BookServiceImplTest&amp#27;[0;39m : No active profile set, falling back to default profiles: default
18:43:23.318 [main] &amp#27;[34mINFO &amp#27;[0;39m &amp#27;[36mepositoryConfigurationDelegate&amp#27;[0;39m : Multiple Spring Data modules found, entering strict repository configuration mode!
18:43:23.318 [main] &amp#27;[34mINFO &amp#27;[0;39m &amp#27;[36mepositoryConfigurationDelegate&amp#27;[0;39m : Bootstrapping Spring Data repositories in DEFAULT mode.
18:43:23.341 [main] &amp#27;[34mINFO &amp#27;[0;39m &amp#27;[36myConfigurationExtensionSupport&amp#27;[0;39m : Spring Data MongoDB - Could not safely identify store assignment for repository candidate interface ru.otus.igorr.books.lesson12.repository.author.AuthorRepository.
18:43:23.342 [main] &amp#27;[34mINFO &amp#27;[0;39m &amp#27;[36myConfigurationExtensionSupport&amp#27;[0;39m : Spring Data MongoDB - Could not safely identify store assignment for repository candidate interface ru.otus.igorr.books.lesson12.repository.book.BookRepository.
18:43:23.342 [main] &amp#27;[34mINFO &amp#27;[0;39m &amp#27;[36myConfigurationExtensionSupport&amp#27;[0;39m : Spring Data MongoDB - Could not safely identify store assignment for repository candidate interface ru.otus.igorr.books.lesson12.repository.book.NoteRepository.
18:43:23.342 [main] &amp#27;[34mINFO &amp#27;[0;39m &amp#27;[36myConfigurationExtensionSupport&amp#27;[0;39m : Spring Data MongoDB - Could not safely identify store assignment for repository candidate interface ru.otus.igorr.books.lesson12.repository.genre.GenreRepository.
18:43:23.358 [main] &amp#27;[34mINFO &amp#27;[0;39m &amp#27;[36mepositoryConfigurationDelegate&amp#27;[0;39m : Finished Spring Data repository scanning in 40ms. Found 1 repository interfaces.
18:43:23.364 [main] &amp#27;[34mINFO &amp#27;[0;39m &amp#27;[36mepositoryConfigurationDelegate&amp#27;[0;39m : Multiple Spring Data modules found, entering strict repository configuration mode!
18:43:23.364 [main] &amp#27;[34mINFO &amp#27;[0;39m &amp#27;[36mepositoryConfigurationDelegate&amp#27;[0;39m : Bootstrapping Spring Data repositories in DEFAULT mode.
18:43:23.437 [main] &amp#27;[34mINFO &amp#27;[0;39m &amp#27;[36myConfigurationExtensionSupport&amp#27;[0;39m : Spring Data JPA - Could not safely identify store assignment for repository candidate interface ru.otus.igorr.books.lesson12.repository.person.PersonRepository.
18:43:23.487 [main] &amp#27;[34mINFO &amp#27;[0;39m &amp#27;[36mepositoryConfigurationDelegate&amp#27;[0;39m : Finished Spring Data repository scanning in 123ms. Found 4 repository interfaces.
18:43:23.592 [main] &amp#27;[34mINFO &amp#27;[0;39m &amp#27;[36mc.z.h.HikariDataSource        &amp#27;[0;39m : HikariPool-16 - Starting...
18:43:23.594 [main] &amp#27;[34mINFO &amp#27;[0;39m &amp#27;[36mc.z.h.HikariDataSource        &amp#27;[0;39m : HikariPool-16 - Start completed.
18:43:23.714 [main] &amp#27;[34mINFO &amp#27;[0;39m &amp#27;[36mo.h.j.i.u.LogHelper           &amp#27;[0;39m : HHH000204: Processing PersistenceUnitInfo [
	name: default
	...]
18:43:23.769 [main] &amp#27;[34mINFO &amp#27;[0;39m &amp#27;[36mo.h.d.Dialect                 &amp#27;[0;39m : HHH000400: Using dialect: org.hibernate.dialect.H2Dialect
18:43:23.921 [main] &amp#27;[34mINFO &amp#27;[0;39m &amp#27;[36mtainerEntityManagerFactoryBean&amp#27;[0;39m : Initialized JPA EntityManagerFactory for persistence unit 'default'
[...]
	at org.junit.platform.engine.support.hierarchical.NodeTestTask.lambda$executeRecursively$4(NodeTestTask.java:112)
	at org.junit.platform.engine.support.hierarchical.ThrowableCollector.execute(ThrowableCollector.java:72)
	at org.junit.platform.engine.support.hierarchical.NodeTestTask.executeRecursively(NodeTestTask.java:98)
	at org.junit.platform.engine.support.hierarchical.NodeTestTask.execute(NodeTestTask.java:74)
	at java.base/java.util.ArrayList.forEach(ArrayList.java:1540)
	at org.junit.platform.engine.support.hierarchical.SameThreadHierarchicalTestExecutorService.invokeAll(SameThreadHierarchicalTestExecutorService.java:38)
	at org.junit.platform.engine.support.hierarchical.NodeTestTask.lambda$executeRecursively$4(NodeTestTask.java:112)
	at org.junit.platform.engine.support.hierarchical.ThrowableCollector.execute(ThrowableCollector.java:72)
	at org.junit.platform.engine.support.hierarchical.NodeTestTask.executeRecursively(NodeTestTask.java:98)
	at org.junit.platform.engine.support.hierarchical.NodeTestTask.execute(NodeTestTask.java:74)
	at org.junit.platform.engine.support.hierarchical.SameThreadHierarchicalTestExecutorService.submit(SameThreadHierarchicalTestExecutorService.java:32)
	at org.junit.platform.engine.support.hierarchical.HierarchicalTestExecutor.execute(HierarchicalTestExecutor.java:57)
	at org.junit.platform.engine.support.hierarchical.HierarchicalTestEngine.execute(HierarchicalTestEngine.java:51)
	at org.junit.platform.launcher.core.DefaultLauncher.execute(DefaultLauncher.java:220)
	at org.junit.platform.launcher.core.DefaultLauncher.lambda$execute$6(DefaultLauncher.java:188)
	at org.junit.platform.launcher.core.DefaultLauncher.withInterceptedStreams(DefaultLauncher.java:202)
	at org.junit.platform.launcher.core.DefaultLauncher.execute(DefaultLauncher.java:181)
	at org.junit.platform.launcher.core.DefaultLauncher.execute(DefaultLauncher.java:128)
	at org.apache.maven.surefire.junitplatform.JUnitPlatformProvider.invokeAllTests(JUnitPlatformProvider.java:142)
	at org.apache.maven.surefire.junitplatform.JUnitPlatformProvider.invoke(JUnitPlatformProvider.java:117)
	at org.apache.maven.surefire.booter.ForkedBooter.invokeProviderInSameClassLoader(ForkedBooter.java:384)
	at org.apache.maven.surefire.booter.ForkedBooter.runSuitesInProcess(ForkedBooter.java:345)
	at org.apache.maven.surefire.booter.ForkedBooter.execute(ForkedBooter.java:126)
	at org.apache.maven.surefire.booter.ForkedBooter.main(ForkedBooter.java:418)
Caused by: org.springframework.jdbc.datasource.init.ScriptStatementFailedException: Failed to execute SQL script statement #1 of class path resource [testdata.sql]: insert into genre(id, name, description) values(1, 'genre.1','genre.1.description'); nested exception is org.h2.jdbc.JdbcSQLException: Нарушение уникального индекса или первичного ключа: "PRIMARY KEY ON PUBLIC.GENRE(ID)"
Unique index or primary key violation: "PRIMARY KEY ON PUBLIC.GENRE(ID)"; SQL statement:
insert into genre(id, name, description) values(1, 'genre.1','genre.1.description') [23505-197]
	at org.springframework.jdbc.datasource.init.ScriptUtils.executeSqlScript(ScriptUtils.java:509)
	at org.springframework.jdbc.datasource.init.ResourceDatabasePopulator.populate(ResourceDatabasePopulator.java:238)
	at org.springframework.jdbc.datasource.init.DatabasePopulatorUtils.execute(DatabasePopulatorUtils.java:48)
	at org.springframework.boot.autoconfigure.jdbc.DataSourceInitializer.runScripts(DataSourceInitializer.java:210)
	at org.springframework.boot.autoconfigure.jdbc.DataSourceInitializer.initSchema(DataSourceInitializer.java:123)
	at org.springframework.boot.autoconfigure.jdbc.DataSourceInitializerInvoker.onApplicationEvent(DataSourceInitializerInvoker.java:93)
	at org.springframework.boot.autoconfigure.jdbc.DataSourceInitializerInvoker.onApplicationEvent(DataSourceInitializerInvoker.java:37)
	at org.springframework.context.event.SimpleApplicationEventMulticaster.doInvokeListener(SimpleApplicationEventMulticaster.java:172)
	at org.springframework.context.event.SimpleApplicationEventMulticaster.invokeListener(SimpleApplicationEventMulticaster.java:165)
	at org.springframework.context.event.SimpleApplicationEventMulticaster.multicastEvent(SimpleApplicationEventMulticaster.java:139)
	at org.springframework.context.support.AbstractApplicationContext.publishEvent(AbstractApplicationContext.java:402)
	at org.springframework.context.support.AbstractApplicationContext.publishEvent(AbstractApplicationContext.java:359)
	at org.springframework.boot.autoconfigure.orm.jpa.DataSourceInitializedPublisher.publishEventIfRequired(DataSourceInitializedPublisher.java:98)
	at org.springframework.boot.autoconfigure.orm.jpa.DataSourceInitializedPublisher.postProcessAfterInitialization(DataSourceInitializedPublisher.java:88)
	at org.springframework.beans.factory.support.AbstractAutowireCapableBeanFactory.applyBeanPostProcessorsAfterInitialization(AbstractAutowireCapableBeanFactory.java:429)
	at org.springframework.beans.factory.support.AbstractAutowireCapableBeanFactory.initializeBean(AbstractAutowireCapableBeanFactory.java:1766)
	at org.springframework.beans.factory.support.AbstractAutowireCapableBeanFactory.doCreateBean(AbstractAutowireCapableBeanFactory.java:593)
	... 69 common frames omitted
Caused by: org.h2.jdbc.JdbcSQLException: Нарушение уникального индекса или первичного ключа: "PRIMARY KEY ON PUBLIC.GENRE(ID)"
Unique index or primary key violation: "PRIMARY KEY ON PUBLIC.GENRE(ID)"; SQL statement:
insert into genre(id, name, description) values(1, 'genre.1','genre.1.description') [23505-197]
	at org.h2.message.DbException.getJdbcSQLException(DbException.java:357)
	at org.h2.message.DbException.get(DbException.java:179)
	at org.h2.message.DbException.get(DbException.java:155)
	at org.h2.mvstore.db.MVPrimaryIndex.add(MVPrimaryIndex.java:123)
	at org.h2.mvstore.db.MVTable.addRow(MVTable.java:732)
	at org.h2.command.dml.Insert.insertRows(Insert.java:182)
	at org.h2.command.dml.Insert.update(Insert.java:134)
	at org.h2.command.CommandContainer.update(CommandContainer.java:102)
	at org.h2.command.Command.executeUpdate(Command.java:261)
	at org.h2.jdbc.JdbcStatement.executeInternal(JdbcStatement.java:233)
	at org.h2.jdbc.JdbcStatement.execute(JdbcStatement.java:205)
	at com.zaxxer.hikari.pool.ProxyStatement.execute(ProxyStatement.java:95)
	at com.zaxxer.hikari.pool.HikariProxyStatement.execute(HikariProxyStatement.java)
	at org.springframework.jdbc.datasource.init.ScriptUtils.executeSqlScript(ScriptUtils.java:488)
	... 85 common frames omitted
18:43:28.415 [main] &amp#27;[1;31mERROR&amp#27;[0;39m &amp#27;[36mo.s.t.c.TestContextManager    &amp#27;[0;39m : Caught exception while allowing TestExecutionListener [org.springframework.boot.test.autoconfigure.SpringBootDependencyInjectionTestExecutionListener@2b0061b7] to prepare test instance [ru.otus.igorr.books.lesson12.service.book.BookServiceImplTest@59e89013]
java.lang.IllegalStateException: Failed to load ApplicationContext
	at org.springframework.test.context.cache.DefaultCacheAwareContextLoaderDelegate.loadContext(DefaultCacheAwareContextLoaderDelegate.java:125)
	at org.springframework.test.context.support.DefaultTestContext.getApplicationContext(DefaultTestContext.java:108)
	at org.springframework.test.context.support.DependencyInjectionTestExecutionListener.injectDependencies(DependencyInjectionTestExecutionListener.java:118)
	at org.springframework.test.context.support.DependencyInjectionTestExecutionListener.prepareTestInstance(DependencyInjectionTestExecutionListener.java:83)
	at org.springframework.boot.test.autoconfigure.SpringBootDependencyInjectionTestExecutionListener.prepareTestInstance(SpringBootDependencyInjectionTestExecutionListener.java:44)
	at org.springframework.test.context.TestContextManager.prepareTestInstance(TestContextManager.java:246)
	at org.springframework.test.context.junit.jupiter.SpringExtension.postProcessTestInstance(SpringExtension.java:97)
	at org.junit.jupiter.engine.descriptor.ClassTestDescriptor.lambda$invokeTestInstancePostProcessors$5(ClassTestDescriptor.java:349)
	at org.junit.jupiter.engine.descriptor.JupiterTestDescriptor.executeAndMaskThrowable(JupiterTestDescriptor.java:215)
	at org.junit.jupiter.engine.descriptor.ClassTestDescriptor.lambda$invokeTestInstancePostProcessors$6(ClassTestDescriptor.java:349)
	at java.base/java.util.stream.ReferencePipeline$3$1.accept(ReferencePipeline.java:195)
	at java.base/java.util.stream.ReferencePipeline$2$1.accept(ReferencePipeline.java:177)
	at java.base/java.util.ArrayList$ArrayListSpliterator.forEachRemaining(ArrayList.java:1654)
	at java.base/java.util.stream.AbstractPipeline.copyInto(AbstractPipeline.java:484)
	at java.base/java.util.stream.AbstractPipeline.wrapAndCopyInto(AbstractPipeline.java:474)
	at java.base/java.util.stream.StreamSpliterators$WrappingSpliterator.forEachRemaining(StreamSpliterators.java:312)
	at java.base/java.util.stream.Streams$ConcatSpliterator.forEachRemaining(Streams.java:735)
	at java.base/java.util.stream.Streams$ConcatSpliterator.forEachRemaining(Streams.java:734)
	at java.base/java.util.stream.ReferencePipeline$Head.forEach(ReferencePipeline.java:658)
	at org.junit.jupiter.engine.descriptor.ClassTestDescriptor.invokeTestInstancePostProcessors(ClassTestDescriptor.java:348)
	at org.junit.jupiter.engine.descriptor.ClassTestDescriptor.instantiateAndPostProcessTestInstance(ClassTestDescriptor.java:270)
	at org.junit.jupiter.engine.descriptor.ClassTestDescriptor.lambda$testInstanceProvider$2(ClassTestDescriptor.java:259)
	at org.junit.jupiter.engine.descriptor.ClassTestDescriptor.lambda$testInstanceProvider$3(ClassTestDescriptor.java:263)
	at java.base/java.util.Optional.orElseGet(Optional.java:369)
	at org.junit.jupiter.engine.descriptor.ClassTestDescriptor.lambda$testInstanceProvider$4(ClassTestDescriptor.java:262)
	at org.junit.jupiter.engine.descriptor.TestMethodTestDescriptor.prepare(TestMethodTestDescriptor.java:82)
	at org.junit.jupiter.engine.descriptor.TestMethodTestDescriptor.prepare(TestMethodTestDescriptor.java:59)
	at org.junit.platform.engine.support.hierarchical.NodeTestTask.lambda$prepare$0(NodeTestTask.java:83)
	at org.junit.platform.engine.support.hierarchical.ThrowableCollector.execute(ThrowableCollector.java:72)
	at org.junit.platform.engine.support.hierarchical.NodeTestTask.prepare(NodeTestTask.java:83)
	at org.junit.platform.engine.support.hierarchical.NodeTestTask.execute(NodeTestTask.java:69)
	at java.base/java.util.ArrayList.forEach(ArrayList.java:1540)
	at org.junit.platform.engine.support.hierarchical.SameThreadHierarchicalTestExecutorService.invokeAll(SameThreadHierarchicalTestExecutorService.java:38)
	at org.junit.platform.engine.support.hierarchical.NodeTestTask.lambda$executeRecursively$4(NodeTestTask.java:112)
	at org.junit.platform.engine.support.hierarchical.ThrowableCollector.execute(ThrowableCollector.java:72)
	at org.junit.platform.engine.support.hierarchical.NodeTestTask.executeRecursively(NodeTestTask.java:98)
	at org.junit.platform.engine.support.hierarchical.NodeTestTask.execute(NodeTestTask.java:74)
	at java.base/java.util.ArrayList.forEach(ArrayList.java:1540)
	at org.junit.platform.engine.support.hierarchical.SameThreadHierarchicalTestExecutorService.invokeAll(SameThreadHierarchicalTestExecutorService.java:38)
	at org.junit.platform.engine.support.hierarchical.NodeTestTask.lambda$executeRecursively$4(NodeTestTask.java:112)
	at org.junit.platform.engine.support.hierarchical.ThrowableCollector.execute(ThrowableCollector.java:72)
	at org.junit.platform.engine.support.hierarchical.NodeTestTask.executeRecursively(NodeTestTask.java:98)
	at org.junit.platform.engine.support.hierarchical.NodeTestTask.execute(NodeTestTask.java:74)
	at org.junit.platform.engine.support.hierarchical.SameThreadHierarchicalTestExecutorService.submit(SameThreadHierarchicalTestExecutorService.java:32)
	at org.junit.platform.engine.support.hierarchical.HierarchicalTestExecutor.execute(HierarchicalTestExecutor.java:57)
	at org.junit.platform.engine.support.hierarchical.HierarchicalTestEngine.execute(HierarchicalTestEngine.java:51)
	at org.junit.platform.launcher.core.DefaultLauncher.execute(DefaultLauncher.java:220)
	at org.junit.platform.launcher.core.DefaultLauncher.lambda$execute$6(DefaultLauncher.java:188)
	at org.junit.platform.launcher.core.DefaultLauncher.withInterceptedStreams(DefaultLauncher.java:202)
	at org.junit.platform.launcher.core.DefaultLauncher.execute(DefaultLauncher.java:181)
	at org.junit.platform.launcher.core.DefaultLauncher.execute(DefaultLauncher.java:128)
	at org.apache.maven.surefire.junitplatform.JUnitPlatformProvider.invokeAllTests(JUnitPlatformProvider.java:142)
	at org.apache.maven.surefire.junitplatform.JUnitPlatformProvider.invoke(JUnitPlatformProvider.java:117)
	at org.apache.maven.surefire.booter.ForkedBooter.invokeProviderInSameClassLoader(ForkedBooter.java:384)
	at org.apache.maven.surefire.booter.ForkedBooter.runSuitesInProcess(ForkedBooter.java:345)
	at org.apache.maven.surefire.booter.ForkedBooter.execute(ForkedBooter.java:126)
	at org.apache.maven.surefire.booter.ForkedBooter.main(ForkedBooter.java:418)
Caused by: org.springframework.beans.factory.BeanCreationException: Error creating bean with name 'entityManagerFactory' defined in class path resource [org/springframework/boot/autoconfigure/orm/jpa/HibernateJpaConfiguration.class]: Initialization of bean failed; nested exception is org.springframework.jdbc.datasource.init.ScriptStatementFailedException: Failed to execute SQL script statement #1 of class path resource [testdata.sql]: insert into genre(id, name, description) values(1, 'genre.1','genre.1.description'); nested exception is org.h2.jdbc.JdbcSQLException: Нарушение уникального индекса или первичного ключа: "PRIMARY KEY ON PUBLIC.GENRE(ID)"
Unique index or primary key violation: "PRIMARY KEY ON PUBLIC.GENRE(ID)"; SQL statement:
insert into genre(id, name, description) values(1, 'genre.1','genre.1.description') [23505-197]
	at org.springframework.beans.factory.support.AbstractAutowireCapableBeanFactory.doCreateBean(AbstractAutowireCapableBeanFactory.java:601)
	at org.springframework.beans.factory.support.AbstractAutowireCapableBeanFactory.createBean(AbstractAutowireCapableBeanFactory.java:515)
	at org.springframework.beans.factory.support.AbstractBeanFactory.lambda$doGetBean$0(AbstractBeanFactory.java:320)
	at org.springframework.beans.factory.support.DefaultSingletonBeanRegistry.getSingleton(DefaultSingletonBeanRegistry.java:222)
	at org.springframework.beans.factory.support.AbstractBeanFactory.doGetBean(AbstractBeanFactory.java:318)
	at org.springframework.beans.factory.support.AbstractBeanFactory.getBean(AbstractBeanFactory.java:199)
	at org.springframework.context.support.AbstractApplicationContext.getBean(AbstractApplicationContext.java:1105)
	at org.springframework.context.support.AbstractApplicationContext.finishBeanFactoryInitialization(AbstractApplicationContext.java:867)
	at org.springframework.context.support.AbstractApplicationContext.refresh(AbstractApplicationContext.java:549)
	at org.springframework.boot.SpringApplication.refresh(SpringApplication.java:775)
	at org.springframework.boot.SpringApplication.refreshContext(SpringApplication.java:397)
	at org.springframework.boot.SpringApplication.run(SpringApplication.java:316)
	at org.springframework.boot.test.context.SpringBootContextLoader.loadContext(SpringBootContextLoader.java:127)
	at org.springframework.test.context.cache.DefaultCacheAwareContextLoaderDelegate.loadContextInternal(DefaultCacheAwareContextLoaderDelegate.java:99)
	at org.springframework.test.context.cache.DefaultCacheAwareContextLoaderDelegate.loadContext(DefaultCacheAwareContextLoaderDelegate.java:117)
	... 56 common frames omitted
Caused by: org.springframework.jdbc.datasource.init.ScriptStatementFailedException: Failed to execute SQL script statement #1 of class path resource [testdata.sql]: insert into genre(id, name, description) values(1, 'genre.1','genre.1.description'); nested exception is org.h2.jdbc.JdbcSQLException: Нарушение уникального индекса или первичного ключа: "PRIMARY KEY ON PUBLIC.GENRE(ID)"
Unique index or primary key violation: "PRIMARY KEY ON PUBLIC.GENRE(ID)"; SQL statement:
insert into genre(id, name, description) values(1, 'genre.1','genre.1.description') [23505-197]
	at org.springframework.jdbc.datasource.init.ScriptUtils.executeSqlScript(ScriptUtils.java:509)
	at org.springframework.jdbc.datasource.init.ResourceDatabasePopulator.populate(ResourceDatabasePopulator.java:238)
	at org.springframework.jdbc.datasource.init.DatabasePopulatorUtils.execute(DatabasePopulatorUtils.java:48)
	at org.springframework.boot.autoconfigure.jdbc.DataSourceInitializer.runScripts(DataSourceInitializer.java:210)
	at org.springframework.boot.autoconfigure.jdbc.DataSourceInitializer.initSchema(DataSourceInitializer.java:123)
	at org.springframework.boot.autoconfigure.jdbc.DataSourceInitializerInvoker.onApplicationEvent(DataSourceInitializerInvoker.java:93)
	at org.springframework.boot.autoconfigure.jdbc.DataSourceInitializerInvoker.onApplicationEvent(DataSourceInitializerInvoker.java:37)
	at org.springframework.context.event.SimpleApplicationEventMulticaster.doInvokeListener(SimpleApplicationEventMulticaster.java:172)
	at org.springframework.context.event.SimpleApplicationEventMulticaster.invokeListener(SimpleApplicationEventMulticaster.java:165)
	at org.springframework.context.event.SimpleApplicationEventMulticaster.multicastEvent(SimpleApplicationEventMulticaster.java:139)
	at org.springframework.context.support.AbstractApplicationContext.publishEvent(AbstractApplicationContext.java:402)
	at org.springframework.context.support.AbstractApplicationContext.publishEvent(AbstractApplicationContext.java:359)
	at org.springframework.boot.autoconfigure.orm.jpa.DataSourceInitializedPublisher.publishEventIfRequired(DataSourceInitializedPublisher.java:98)
	at org.springframework.boot.autoconfigure.orm.jpa.DataSourceInitializedPublisher.postProcessAfterInitialization(DataSourceInitializedPublisher.java:88)
	at org.springframework.beans.factory.support.AbstractAutowireCapableBeanFactory.applyBeanPostProcessorsAfterInitialization(AbstractAutowireCapableBeanFactory.java:429)
	at org.springframework.beans.factory.support.AbstractAutowireCapableBeanFactory.initializeBean(AbstractAutowireCapableBeanFactory.java:1766)
	at org.springframework.beans.factory.support.AbstractAutowireCapableBeanFactory.doCreateBean(AbstractAutowireCapableBeanFactory.java:593)
	... 70 common frames omitted
Caused by: org.h2.jdbc.JdbcSQLException: Нарушение уникального индекса или первичного ключа: "PRIMARY KEY ON PUBLIC.GENRE(ID)"
Unique index or primary key violation: "PRIMARY KEY ON PUBLIC.GENRE(ID)"; SQL statement:
insert into genre(id, name, description) values(1, 'genre.1','genre.1.description') [23505-197]
	at org.h2.message.DbException.getJdbcSQLException(DbException.java:357)
	at org.h2.message.DbException.get(DbException.java:179)
	at org.h2.message.DbException.get(DbException.java:155)
	at org.h2.mvstore.db.MVPrimaryIndex.add(MVPrimaryIndex.java:123)
	at org.h2.mvstore.db.MVTable.addRow(MVTable.java:732)
	at org.h2.command.dml.Insert.insertRows(Insert.java:182)
	at org.h2.command.dml.Insert.update(Insert.java:134)
	at org.h2.command.CommandContainer.update(CommandContainer.java:102)
	at org.h2.command.Command.executeUpdate(Command.java:261)
	at org.h2.jdbc.JdbcStatement.executeInternal(JdbcStatement.java:233)
	at org.h2.jdbc.JdbcStatement.execute(JdbcStatement.java:205)
	at com.zaxxer.hikari.pool.ProxyStatement.execute(ProxyStatement.java:95)
	at com.zaxxer.hikari.pool.HikariProxyStatement.execute(HikariProxyStatement.java)
	at org.springframework.jdbc.datasource.init.ScriptUtils.executeSqlScript(ScriptUtils.java:488)
	... 86 common frames omitted
]]></system-out>
  </testcase>
</testsuite>