<?xml version="1.0" encoding="UTF-8"?>
<testsuite xmlns:xsi="http://www.w3.org/2001/XMLSchema-instance" xsi:noNamespaceSchemaLocation="https://maven.apache.org/surefire/maven-surefire-plugin/xsd/surefire-test-report.xsd" name="ru.otus.igorr.books.lesson12.repository.book.NoteRepositoryTest" time="0.187" tests="3" errors="0" skipped="0" failures="0">
  <properties>
[...]
</properties>
  <testcase name="findAllPageTest" classname="ru.otus.igorr.books.lesson12.repository.book.NoteRepositoryTest" time="0.047"/>
  <testcase name="findByBookTest" classname="ru.otus.igorr.books.lesson12.repository.book.NoteRepositoryTest" time="0.08"/>
  <testcase name="findByIdTest" classname="ru.otus.igorr.books.lesson12.repository.book.NoteRepositoryTest" time="0.011"/>
</testsuite>