<?xml version="1.0" encoding="UTF-8"?>
<testsuite xmlns:xsi="http://www.w3.org/2001/XMLSchema-instance" xsi:noNamespaceSchemaLocation="https://maven.apache.org/surefire/maven-surefire-plugin/xsd/surefire-test-report.xsd" name="ru.otus.igorr.books.lesson12.dto.AuthorDtoConverterTest" time="15.869" tests="2" errors="2" skipped="0" failures="0">
  <properties>
[...]
</properties>
  <testcase name="convertTest" classname="ru.otus.igorr.books.lesson12.dto.AuthorDtoConverterTest" time="0.013">
    <error message="Failed to load ApplicationContext" type="java.lang.IllegalStateException">java.lang.IllegalStateException: Failed to load ApplicationContext
Caused by: org.springframework.beans.factory.BeanCreationException: Error creating bean with name 'embeddedMongoServer' defined in class path resource [org/springframework/boot/autoconfigure/mongo/embedded/EmbeddedMongoAutoConfiguration.class]: Bean instantiation via factory method failed; nested exception is org.springframework.beans.BeanInstantiationException: Failed to instantiate [de.flapdoodle.embed.mongo.MongodExecutable]: Factory method 'embeddedMongoServer' threw exception; nested exception is de.flapdoodle.embed.process.exceptions.DistributionException: prepare executable
Caused by: org.springframework.beans.BeanInstantiationException: Failed to instantiate [de.flapdoodle.embed.mongo.MongodExecutable]: Factory method 'embeddedMongoServer' threw exception; nested exception is de.flapdoodle.embed.process.exceptions.DistributionException: prepare executable
Caused by: de.flapdoodle.embed.process.exceptions.DistributionException: prepare executable
Caused by: java.io.IOException: Could not open inputStream for https://downloads.mongodb.org/win32/mongodb-win32-x86_64-2008plus-3.5.5.zip
Caused by: javax.net.ssl.SSLHandshakeException: PKIX path building failed: sun.security.provider.certpath.SunCertPathBuilderException: unable to find valid certification path to requested target
Caused by: sun.security.validator.ValidatorException: PKIX path building failed: sun.security.provider.certpath.SunCertPathBuilderException: unable to find valid certification path to requested target
Caused by: sun.security.provider.certpath.SunCertPathBuilderException: unable to find valid certification path to requested target
</error>
    <system-out><![CDATA[18:42:38.156 [main] DEBUG org.springframework.test.context.BootstrapUtils - Instantiating CacheAwareContextLoaderDelegate from class [org.springframework.test.context.cache.DefaultCacheAwareContextLoaderDelegate]
18:42:38.186 [main] DEBUG org.springframework.test.context.BootstrapUtils - Instantiating BootstrapContext using constructor [public org.springframework.test.context.support.DefaultBootstrapContext(java.lang.Class,org.springframework.test.context.CacheAwareContextLoaderDelegate)]
18:42:38.201 [main] DEBUG org.springframework.test.context.BootstrapUtils - Instantiating TestContextBootstrapper for test class [ru.otus.igorr.books.lesson12.dto.AuthorDtoConverterTest] from class [org.springframework.test.context.support.DefaultTestContextBootstrapper]
18:42:38.256 [main] INFO org.springframework.test.context.support.DefaultTestContextBootstrapper - Neither @ContextConfiguration nor @ContextHierarchy found for test class [ru.otus.igorr.books.lesson12.dto.AuthorDtoConverterTest], using DelegatingSmartContextLoader
18:42:38.261 [main] DEBUG org.springframework.test.context.support.AbstractDelegatingSmartContextLoader - Delegating to GenericXmlContextLoader to process context configuration [ContextConfigurationAttributes@3cce57c7 declaringClass = 'ru.otus.igorr.books.lesson12.dto.AuthorDtoConverterTest', classes = '{}', locations = '{}', inheritLocations = false, initializers = '{}', inheritInitializers = true, name = [null], contextLoaderClass = 'org.springframework.test.context.ContextLoader'].
18:42:38.268 [main] DEBUG org.springframework.test.context.support.AbstractContextLoader - Did not detect default resource location for test class [ru.otus.igorr.books.lesson12.dto.AuthorDtoConverterTest]: class path resource [ru/otus/igorr/books/lesson12/dto/AuthorDtoConverterTest-context.xml] does not exist
18:42:38.268 [main] INFO org.springframework.test.context.support.AbstractContextLoader - Could not detect default resource locations for test class [ru.otus.igorr.books.lesson12.dto.AuthorDtoConverterTest]: no resource found for suffixes {-context.xml}.
18:42:38.269 [main] DEBUG org.springframework.test.context.support.AbstractDelegatingSmartContextLoader - Delegating to AnnotationConfigContextLoader to process context configuration [ContextConfigurationAttributes@3cce57c7 declaringClass = 'ru.otus.igorr.books.lesson12.dto.AuthorDtoConverterTest', classes = '{}', locations = '{}', inheritLocations = false, initializers = '{}', inheritInitializers = true, name = [null], contextLoaderClass = 'org.springframework.test.context.ContextLoader'].
18:42:38.270 [main] INFO org.springframework.test.context.support.AnnotationConfigContextLoaderUtils - Could not detect default configuration classes for test class [ru.otus.igorr.books.lesson12.dto.AuthorDtoConverterTest]: AuthorDtoConverterTest does not declare any static, non-private, non-final, nested classes annotated with @Configuration.
18:42:38.475 [main] DEBUG org.springframework.test.context.support.ActiveProfilesUtils - Could not find an 'annotation declaring class' for annotation type [org.springframework.test.context.ActiveProfiles] and class [ru.otus.igorr.books.lesson12.dto.AuthorDtoConverterTest]
18:42:38.478 [main] DEBUG org.springframework.test.context.support.DefaultTestContextBootstrapper - @TestExecutionListeners is not present for class [ru.otus.igorr.books.lesson12.dto.AuthorDtoConverterTest]: using defaults.
18:42:38.485 [main] INFO org.springframework.test.context.support.DefaultTestContextBootstrapper - Loaded default TestExecutionListener class names from location [META-INF/spring.factories]: [org.springframework.boot.test.mock.mockito.MockitoTestExecutionListener, org.springframework.boot.test.mock.mockito.ResetMocksTestExecutionListener, org.springframework.boot.test.autoconfigure.restdocs.RestDocsTestExecutionListener, org.springframework.boot.test.autoconfigure.web.client.MockRestServiceServerResetTestExecutionListener, org.springframework.boot.test.autoconfigure.web.servlet.MockMvcPrintOnlyOnFailureTestExecutionListener, org.springframework.boot.test.autoconfigure.web.servlet.WebDriverTestExecutionListener, org.springframework.test.context.web.ServletTestExecutionListener, org.springframework.test.context.support.DirtiesContextBeforeModesTestExecutionListener, org.springframework.test.context.support.DependencyInjectionTestExecutionListener, org.springframework.test.context.support.DirtiesContextTestExecutionListener, org.springframework.test.context.transaction.TransactionalTestExecutionListener, org.springframework.test.context.jdbc.SqlScriptsTestExecutionListener]
18:42:38.507 [main] DEBUG org.springframework.test.context.support.DefaultTestContextBootstrapper - Skipping candidate TestExecutionListener [org.springframework.test.context.web.ServletTestExecutionListener] due to a missing dependency. Specify custom listener classes or make the default listener classes and their required dependencies available. Offending class: [javax/servlet/ServletContext]
18:42:38.531 [main] INFO org.springframework.test.context.support.DefaultTestContextBootstrapper - Using TestExecutionListeners: [org.springframework.test.context.support.DirtiesContextBeforeModesTestExecutionListener@1e44b638, org.springframework.boot.test.mock.mockito.MockitoTestExecutionListener@7393222f, org.springframework.test.context.support.DependencyInjectionTestExecutionListener@babafc2, org.springframework.test.context.support.DirtiesContextTestExecutionListener@31add175, org.springframework.test.context.transaction.TransactionalTestExecutionListener@ae3540e, org.springframework.test.context.jdbc.SqlScriptsTestExecutionListener@600b9d27, org.springframework.boot.test.mock.mockito.ResetMocksTestExecutionListener@3688eb5b, org.springframework.boot.test.autoconfigure.restdocs.RestDocsTestExecutionListener@69f1a286, org.springframework.boot.test.autoconfigure.web.client.MockRestServiceServerResetTestExecutionListener@7922d892, org.springframework.boot.test.autoconfigure.web.servlet.MockMvcPrintOnlyOnFailureTestExecutionListener@457c9034, org.springframework.boot.test.autoconfigure.web.servlet.WebDriverTestExecutionListener@345f69f3]
18:42:38.534 [main] DEBUG org.springframework.test.context.support.AbstractDirtiesContextTestExecutionListener - Before test class: context [DefaultTestContext@36a5cabc testClass = AuthorDtoConverterTest, testInstance = [null], testMethod = [null], testException = [null], mergedContextConfiguration = [MergedContextConfiguration@432038ec testClass = AuthorDtoConverterTest, locations = '{}', classes = '{}', contextInitializerClasses = '[]', activeProfiles = '{}', propertySourceLocations = '{}', propertySourceProperties = '{}', contextCustomizers = set[[ImportsContextCustomizer@7daa0fbd key = [@org.springframework.boot.autoconfigure.AutoConfigurationPackage(), @org.springframework.context.annotation.Import(value={org.springframework.boot.autoconfigure.AutoConfigurationPackages$Registrar.class}), @org.springframework.context.annotation.Import(value={org.springframework.boot.autoconfigure.AutoConfigurationImportSelector.class}), @org.apiguardian.api.API(consumers={"*"}, since="5.0", status=STABLE), @org.springframework.boot.autoconfigure.EnableAutoConfiguration(excludeName={}, exclude={}), @org.springframework.context.annotation.ComponentScan(scopeResolver=org.springframework.context.annotation.AnnotationScopeMetadataResolver.class, lazyInit=false, resourcePattern="**/*.class", excludeFilters={}, useDefaultFilters=true, scopedProxy=DEFAULT, basePackageClasses={}, nameGenerator=org.springframework.beans.factory.support.BeanNameGenerator.class, basePackages={"ru.otus.igorr.books.lesson10"}, value={}, includeFilters={}), @org.junit.jupiter.api.extension.ExtendWith(value={org.springframework.test.context.junit.jupiter.SpringExtension.class})]], org.springframework.boot.test.context.filter.ExcludeFilterContextCustomizer@67b9b51a, org.springframework.boot.test.json.DuplicateJsonObjectContextCustomizerFactory$DuplicateJsonObjectContextCustomizer@490caf5f, org.springframework.boot.test.mock.mockito.MockitoContextCustomizer@0, org.springframework.boot.test.autoconfigure.properties.PropertyMappingContextCustomizer@0, org.springframework.boot.test.autoconfigure.web.servlet.WebDriverContextCustomizerFactory$Customizer@40317ba2], contextLoader = 'org.springframework.test.context.support.DelegatingSmartContextLoader', parent = [null]], attributes = map[[empty]]], class annotated with @DirtiesContext [false] with mode [null].
18:42:38.544 [main] DEBUG org.springframework.test.context.support.DependencyInjectionTestExecutionListener - Performing dependency injection for test context [[DefaultTestContext@36a5cabc testClass = AuthorDtoConverterTest, testInstance = ru.otus.igorr.books.lesson12.dto.AuthorDtoConverterTest@1984b1f, testMethod = [null], testException = [null], mergedContextConfiguration = [MergedContextConfiguration@432038ec testClass = AuthorDtoConverterTest, locations = '{}', classes = '{}', contextInitializerClasses = '[]', activeProfiles = '{}', propertySourceLocations = '{}', propertySourceProperties = '{}', contextCustomizers = set[[ImportsContextCustomizer@7daa0fbd key = [@org.springframework.boot.autoconfigure.AutoConfigurationPackage(), @org.springframework.context.annotation.Import(value={org.springframework.boot.autoconfigure.AutoConfigurationPackages$Registrar.class}), @org.springframework.context.annotation.Import(value={org.springframework.boot.autoconfigure.AutoConfigurationImportSelector.class}), @org.apiguardian.api.API(consumers={"*"}, since="5.0", status=STABLE), @org.springframework.boot.autoconfigure.EnableAutoConfiguration(excludeName={}, exclude={}), @org.springframework.context.annotation.ComponentScan(scopeResolver=org.springframework.context.annotation.AnnotationScopeMetadataResolver.class, lazyInit=false, resourcePattern="**/*.class", excludeFilters={}, useDefaultFilters=true, scopedProxy=DEFAULT, basePackageClasses={}, nameGenerator=org.springframework.beans.factory.support.BeanNameGenerator.class, basePackages={"ru.otus.igorr.books.lesson10"}, value={}, includeFilters={}), @org.junit.jupiter.api.extension.ExtendWith(value={org.springframework.test.context.junit.jupiter.SpringExtension.class})]], org.springframework.boot.test.context.filter.ExcludeFilterContextCustomizer@67b9b51a, org.springframework.boot.test.json.DuplicateJsonObjectContextCustomizerFactory$DuplicateJsonObjectContextCustomizer@490caf5f, org.springframework.boot.test.mock.mockito.MockitoContextCustomizer@0, org.springframework.boot.test.autoconfigure.properties.PropertyMappingContextCustomizer@0, org.springframework.boot.test.autoconfigure.web.servlet.WebDriverContextCustomizerFactory$Customizer@40317ba2], contextLoader = 'org.springframework.test.context.support.DelegatingSmartContextLoader', parent = [null]], attributes = map[[empty]]]].
18:42:38.545 [main] DEBUG org.springframework.test.context.support.AbstractDelegatingSmartContextLoader - Delegating to AnnotationConfigContextLoader to load context from [MergedContextConfiguration@432038ec testClass = AuthorDtoConverterTest, locations = '{}', classes = '{}', contextInitializerClasses = '[]', activeProfiles = '{}', propertySourceLocations = '{}', propertySourceProperties = '{}', contextCustomizers = set[[ImportsContextCustomizer@7daa0fbd key = [@org.springframework.boot.autoconfigure.AutoConfigurationPackage(), @org.springframework.context.annotation.Import(value={org.springframework.boot.autoconfigure.AutoConfigurationPackages$Registrar.class}), @org.springframework.context.annotation.Import(value={org.springframework.boot.autoconfigure.AutoConfigurationImportSelector.class}), @org.apiguardian.api.API(consumers={"*"}, since="5.0", status=STABLE), @org.springframework.boot.autoconfigure.EnableAutoConfiguration(excludeName={}, exclude={}), @org.springframework.context.annotation.ComponentScan(scopeResolver=org.springframework.context.annotation.AnnotationScopeMetadataResolver.class, lazyInit=false, resourcePattern="**/*.class", excludeFilters={}, useDefaultFilters=true, scopedProxy=DEFAULT, basePackageClasses={}, nameGenerator=org.springframework.beans.factory.support.BeanNameGenerator.class, basePackages={"ru.otus.igorr.books.lesson10"}, value={}, includeFilters={}), @org.junit.jupiter.api.extension.ExtendWith(value={org.springframework.test.context.junit.jupiter.SpringExtension.class})]], org.springframework.boot.test.context.filter.ExcludeFilterContextCustomizer@67b9b51a, org.springframework.boot.test.json.DuplicateJsonObjectContextCustomizerFactory$DuplicateJsonObjectContextCustomizer@490caf5f, org.springframework.boot.test.mock.mockito.MockitoContextCustomizer@0, org.springframework.boot.test.autoconfigure.properties.PropertyMappingContextCustomizer@0, org.springframework.boot.test.autoconfigure.web.servlet.WebDriverContextCustomizerFactory$Customizer@40317ba2], contextLoader = 'org.springframework.test.context.support.DelegatingSmartContextLoader', parent = [null]].
18:42:38.546 [main] DEBUG org.springframework.test.context.support.AbstractGenericContextLoader - Loading ApplicationContext for merged context configuration [[MergedContextConfiguration@432038ec testClass = AuthorDtoConverterTest, locations = '{}', classes = '{}', contextInitializerClasses = '[]', activeProfiles = '{}', propertySourceLocations = '{}', propertySourceProperties = '{}', contextCustomizers = set[[ImportsContextCustomizer@7daa0fbd key = [@org.springframework.boot.autoconfigure.AutoConfigurationPackage(), @org.springframework.context.annotation.Import(value={org.springframework.boot.autoconfigure.AutoConfigurationPackages$Registrar.class}), @org.springframework.context.annotation.Import(value={org.springframework.boot.autoconfigure.AutoConfigurationImportSelector.class}), @org.apiguardian.api.API(consumers={"*"}, since="5.0", status=STABLE), @org.springframework.boot.autoconfigure.EnableAutoConfiguration(excludeName={}, exclude={}), @org.springframework.context.annotation.ComponentScan(scopeResolver=org.springframework.context.annotation.AnnotationScopeMetadataResolver.class, lazyInit=false, resourcePattern="**/*.class", excludeFilters={}, useDefaultFilters=true, scopedProxy=DEFAULT, basePackageClasses={}, nameGenerator=org.springframework.beans.factory.support.BeanNameGenerator.class, basePackages={"ru.otus.igorr.books.lesson10"}, value={}, includeFilters={}), @org.junit.jupiter.api.extension.ExtendWith(value={org.springframework.test.context.junit.jupiter.SpringExtension.class})]], org.springframework.boot.test.context.filter.ExcludeFilterContextCustomizer@67b9b51a, org.springframework.boot.test.json.DuplicateJsonObjectContextCustomizerFactory$DuplicateJsonObjectContextCustomizer@490caf5f, org.springframework.boot.test.mock.mockito.MockitoContextCustomizer@0, org.springframework.boot.test.autoconfigure.properties.PropertyMappingContextCustomizer@0, org.springframework.boot.test.autoconfigure.web.servlet.WebDriverContextCustomizerFactory$Customizer@40317ba2], contextLoader = 'org.springframework.test.context.support.DelegatingSmartContextLoader', parent = [null]]].
18:42:38.631 [main] DEBUG org.springframework.core.env.StandardEnvironment - Activating profiles []
18:42:38.631 [main] DEBUG org.springframework.test.context.support.AnnotationConfigContextLoader - Registering annotated classes: {}
18:42:38.694 [main] DEBUG org.springframework.context.support.GenericApplicationContext - Refreshing org.springframework.context.support.GenericApplicationContext@4716be8b
18:42:38.725 [main] DEBUG org.springframework.beans.factory.support.DefaultListableBeanFactory - Creating shared instance of singleton bean 'org.springframework.context.annotation.internalConfigurationAnnotationProcessor'
18:42:39.946 [main] DEBUG org.springframework.beans.factory.support.DefaultListableBeanFactory - Creating shared instance of singleton bean 'org.springframework.boot.autoconfigure.condition.BeanTypeRegistry'
18:42:40.116 [main] INFO org.springframework.data.repository.config.RepositoryConfigurationDelegate - Multiple Spring Data modules found, entering strict repository configuration mode!
18:42:40.121 [main] INFO org.springframework.data.repository.config.RepositoryConfigurationDelegate - Bootstrapping Spring Data repositories in DEFAULT mode.
18:42:40.140 [main] DEBUG org.springframework.beans.factory.support.DefaultListableBeanFactory - Creating shared instance of singleton bean 'org.springframework.boot.autoconfigure.AutoConfigurationPackages'
18:42:40.197 [main] DEBUG org.springframework.boot.autoconfigure.AutoConfigurationPackages - @EnableAutoConfiguration was declared on a class in the package 'ru.otus.igorr.books.lesson12.dto'. Automatic @Repository and @Entity scanning is enabled.
18:42:40.199 [main] DEBUG org.springframework.data.repository.config.RepositoryConfigurationDelegate - Scanning for repositories in packages ru.otus.igorr.books.lesson12.dto.
18:42:40.269 [main] INFO org.springframework.data.repository.config.RepositoryConfigurationDelegate - Finished Spring Data repository scanning in 69ms. Found 0 repository interfaces.
18:42:40.369 [main] INFO org.springframework.data.repository.config.RepositoryConfigurationDelegate - Multiple Spring Data modules found, entering strict repository configuration mode!
18:42:40.370 [main] INFO org.springframework.data.repository.config.RepositoryConfigurationDelegate - Bootstrapping Spring Data repositories in DEFAULT mode.
18:42:40.370 [main] DEBUG org.springframework.data.repository.config.RepositoryConfigurationDelegate - Scanning for repositories in packages ru.otus.igorr.books.lesson12.dto.
18:42:40.390 [main] INFO org.springframework.data.repository.config.RepositoryConfigurationDelegate - Finished Spring Data repository scanning in 20ms. Found 0 repository interfaces.
18:42:40.539 [main] DEBUG org.springframework.beans.factory.support.DefaultListableBeanFactory - Creating shared instance of singleton bean 'org.springframework.boot.test.context.ImportsContextCustomizer$ImportsCleanupPostProcessor'
18:42:40.846 [main] DEBUG org.springframework.beans.factory.support.DefaultListableBeanFactory - Creating shared instance of singleton bean 'propertySourcesPlaceholderConfigurer'
18:42:40.853 [main] DEBUG org.springframework.beans.factory.support.DefaultListableBeanFactory - Creating shared instance of singleton bean 'org.springframework.boot.test.mock.mockito.MockitoPostProcessor'
18:42:40.860 [main] DEBUG org.springframework.beans.factory.support.DefaultListableBeanFactory - Creating shared instance of singleton bean 'emBeanDefinitionRegistrarPostProcessor'
18:42:40.899 [main] DEBUG org.springframework.beans.factory.support.DefaultListableBeanFactory - Creating shared instance of singleton bean 'org.springframework.context.event.internalEventListenerProcessor'
18:42:40.901 [main] DEBUG org.springframework.beans.factory.support.DefaultListableBeanFactory - Creating shared instance of singleton bean 'org.springframework.boot.context.properties.ConfigurationBeanFactoryMetadata'
18:42:40.902 [main] DEBUG org.springframework.beans.factory.support.DefaultListableBeanFactory - Creating shared instance of singleton bean 'org.springframework.boot.autoconfigure.mongo.embedded.EmbeddedMongoAutoConfiguration$EmbeddedMongoDependencyConfiguration'
18:42:40.908 [main] DEBUG org.springframework.beans.factory.support.DefaultListableBeanFactory - Creating shared instance of singleton bean 'org.springframework.context.event.internalEventListenerFactory'
18:42:40.908 [main] DEBUG org.springframework.beans.factory.support.DefaultListableBeanFactory - Creating shared instance of singleton bean 'org.springframework.transaction.config.internalTransactionalEventListenerFactory'
18:42:40.918 [main] DEBUG org.springframework.beans.factory.support.DefaultListableBeanFactory - Creating shared instance of singleton bean 'org.springframework.context.annotation.internalAutowiredAnnotationProcessor'
18:42:40.920 [main] DEBUG org.springframework.beans.factory.support.DefaultListableBeanFactory - Creating shared instance of singleton bean 'org.springframework.context.annotation.internalCommonAnnotationProcessor'
18:42:40.941 [main] DEBUG org.springframework.beans.factory.support.DefaultListableBeanFactory - Creating shared instance of singleton bean 'org.springframework.context.annotation.internalPersistenceAnnotationProcessor'
18:42:40.942 [main] DEBUG org.springframework.beans.factory.support.DefaultListableBeanFactory - Creating shared instance of singleton bean 'org.springframework.boot.test.mock.mockito.MockitoPostProcessor$SpyPostProcessor'
18:42:40.943 [main] DEBUG org.springframework.beans.factory.support.DefaultListableBeanFactory - Creating shared instance of singleton bean 'org.springframework.boot.context.properties.ConfigurationPropertiesBindingPostProcessor'
18:42:40.949 [main] DEBUG org.springframework.beans.factory.support.DefaultListableBeanFactory - Creating shared instance of singleton bean 'org.springframework.aop.config.internalAutoProxyCreator'
18:42:41.133 [main] DEBUG org.springframework.beans.factory.support.DefaultListableBeanFactory - Creating shared instance of singleton bean 'dataSourceInitializerPostProcessor'
18:42:41.168 [main] DEBUG org.springframework.beans.factory.support.DefaultListableBeanFactory - Creating shared instance of singleton bean 'persistenceExceptionTranslationPostProcessor'
18:42:41.172 [main] DEBUG org.springframework.beans.factory.support.DefaultListableBeanFactory - Autowiring by type from bean name 'persistenceExceptionTranslationPostProcessor' via factory method to bean named 'environment'
18:42:41.194 [main] DEBUG org.springframework.beans.factory.support.DefaultListableBeanFactory - Creating shared instance of singleton bean 'methodValidationPostProcessor'
18:42:41.219 [main] DEBUG org.springframework.beans.factory.support.DefaultListableBeanFactory - Autowiring by type from bean name 'methodValidationPostProcessor' via factory method to bean named 'environment'
18:42:41.234 [main] DEBUG org.springframework.beans.factory.support.DefaultListableBeanFactory - Creating shared instance of singleton bean 'dataSourceInitializedPublisher'
18:42:41.252 [main] DEBUG org.springframework.beans.factory.support.DefaultListableBeanFactory - Creating shared instance of singleton bean 'entityManagerFactory'
18:42:41.254 [main] DEBUG org.springframework.beans.factory.support.DefaultListableBeanFactory - Creating shared instance of singleton bean 'org.springframework.transaction.config.internalTransactionAdvisor'
18:42:41.255 [main] DEBUG org.springframework.beans.factory.support.DefaultListableBeanFactory - Creating shared instance of singleton bean 'org.springframework.transaction.annotation.ProxyTransactionManagementConfiguration'
18:42:41.342 [main] DEBUG org.springframework.beans.factory.support.DefaultListableBeanFactory - Creating shared instance of singleton bean 'transactionAttributeSource'
18:42:41.359 [main] DEBUG org.springframework.beans.factory.support.DefaultListableBeanFactory - Creating shared instance of singleton bean 'transactionInterceptor'
18:42:41.428 [main] DEBUG org.springframework.beans.factory.support.DefaultListableBeanFactory - Creating shared instance of singleton bean 'org.springframework.boot.autoconfigure.orm.jpa.HibernateJpaConfiguration'
18:42:41.430 [main] DEBUG org.springframework.core.LocalVariableTableParameterNameDiscoverer - Cannot find '.class' file for class [class org.springframework.boot.autoconfigure.orm.jpa.HibernateJpaConfiguration$$EnhancerBySpringCGLIB$$3a9e88f] - unable to determine constructor/method parameter names
18:42:41.432 [main] DEBUG org.springframework.beans.factory.support.DefaultListableBeanFactory - Creating shared instance of singleton bean 'dataSource'
18:42:41.433 [main] DEBUG org.springframework.beans.factory.support.DefaultListableBeanFactory - Creating shared instance of singleton bean 'org.springframework.boot.autoconfigure.jdbc.DataSourceConfiguration$Hikari'
18:42:41.441 [main] DEBUG org.springframework.beans.factory.support.DefaultListableBeanFactory - Creating shared instance of singleton bean 'spring.datasource-org.springframework.boot.autoconfigure.jdbc.DataSourceProperties'
18:42:41.534 [main] DEBUG org.springframework.beans.factory.support.DefaultListableBeanFactory - Autowiring by type from bean name 'dataSource' via factory method to bean named 'spring.datasource-org.springframework.boot.autoconfigure.jdbc.DataSourceProperties'
18:42:41.611 [main] DEBUG com.zaxxer.hikari.HikariConfig - Driver class org.h2.Driver found in Thread context class loader jdk.internal.loader.ClassLoaders$AppClassLoader@14514713
18:42:41.755 [main] DEBUG org.springframework.beans.factory.support.DefaultListableBeanFactory - Creating shared instance of singleton bean 'org.springframework.boot.autoconfigure.jdbc.DataSourceInitializerInvoker'
18:42:41.763 [main] DEBUG org.springframework.beans.factory.support.DefaultListableBeanFactory - Autowiring by type from bean name 'org.springframework.boot.autoconfigure.jdbc.DataSourceInitializerInvoker' via constructor to bean named 'spring.datasource-org.springframework.boot.autoconfigure.jdbc.DataSourceProperties'
18:42:41.763 [main] DEBUG org.springframework.beans.factory.support.DefaultListableBeanFactory - Autowiring by type from bean name 'org.springframework.boot.autoconfigure.jdbc.DataSourceInitializerInvoker' via constructor to bean named 'org.springframework.context.support.GenericApplicationContext@4716be8b'
18:42:41.849 [main] DEBUG org.springframework.beans.factory.support.DefaultListableBeanFactory - Creating shared instance of singleton bean 'spring.jpa-org.springframework.boot.autoconfigure.orm.jpa.JpaProperties'
18:42:41.867 [main] DEBUG org.springframework.beans.factory.support.DefaultListableBeanFactory - Creating shared instance of singleton bean 'spring.jpa.hibernate-org.springframework.boot.autoconfigure.orm.jpa.HibernateProperties'
18:42:41.957 [main] DEBUG org.springframework.beans.factory.support.DefaultListableBeanFactory - Autowiring by type from bean name 'org.springframework.boot.autoconfigure.orm.jpa.HibernateJpaConfiguration' via constructor to bean named 'dataSource'
18:42:41.957 [main] DEBUG org.springframework.beans.factory.support.DefaultListableBeanFactory - Autowiring by type from bean name 'org.springframework.boot.autoconfigure.orm.jpa.HibernateJpaConfiguration' via constructor to bean named 'spring.jpa-org.springframework.boot.autoconfigure.orm.jpa.JpaProperties'
18:42:41.957 [main] DEBUG org.springframework.beans.factory.support.DefaultListableBeanFactory - Autowiring by type from bean name 'org.springframework.boot.autoconfigure.orm.jpa.HibernateJpaConfiguration' via constructor to bean named 'org.springframework.beans.factory.support.DefaultListableBeanFactory@39a8312f'
18:42:41.958 [main] DEBUG org.springframework.beans.factory.support.DefaultListableBeanFactory - Autowiring by type from bean name 'org.springframework.boot.autoconfigure.orm.jpa.HibernateJpaConfiguration' via constructor to bean named 'spring.jpa.hibernate-org.springframework.boot.autoconfigure.orm.jpa.HibernateProperties'
18:42:41.960 [main] DEBUG org.springframework.beans.factory.support.DefaultListableBeanFactory - Creating shared instance of singleton bean 'platformTransactionManagerCustomizers'
18:42:41.961 [main] DEBUG org.springframework.beans.factory.support.DefaultListableBeanFactory - Creating shared instance of singleton bean 'org.springframework.boot.autoconfigure.transaction.TransactionAutoConfiguration'
18:42:41.983 [main] DEBUG org.springframework.beans.factory.support.DefaultListableBeanFactory - Creating shared instance of singleton bean 'spring.transaction-org.springframework.boot.autoconfigure.transaction.TransactionProperties'
18:42:42.005 [main] DEBUG org.springframework.beans.factory.support.DefaultListableBeanFactory - Creating shared instance of singleton bean 'hikariPoolDataSourceMetadataProvider'
18:42:42.006 [main] DEBUG org.springframework.beans.factory.support.DefaultListableBeanFactory - Creating shared instance of singleton bean 'org.springframework.boot.autoconfigure.jdbc.metadata.DataSourcePoolMetadataProvidersConfiguration$HikariPoolDataSourceMetadataProviderConfiguration'
18:42:42.092 [main] DEBUG org.springframework.beans.factory.support.DefaultListableBeanFactory - Creating shared instance of singleton bean 'entityManagerFactoryBuilder'
18:42:42.093 [main] DEBUG org.springframework.beans.factory.support.DefaultListableBeanFactory - Creating shared instance of singleton bean 'jpaVendorAdapter'
18:42:42.246 [main] DEBUG org.jboss.logging - Logging Provider: org.jboss.logging.Log4j2LoggerProvider
18:42:42.270 [main] DEBUG org.springframework.jdbc.datasource.DataSourceUtils - Fetching JDBC Connection from DataSource
18:42:42.272 [main] DEBUG com.zaxxer.hikari.HikariConfig - HikariPool-1 - configuration:
18:42:42.278 [main] DEBUG com.zaxxer.hikari.HikariConfig - allowPoolSuspension.............false
18:42:42.278 [main] DEBUG com.zaxxer.hikari.HikariConfig - autoCommit......................true
18:42:42.278 [main] DEBUG com.zaxxer.hikari.HikariConfig - catalog.........................none
18:42:42.278 [main] DEBUG com.zaxxer.hikari.HikariConfig - connectionInitSql...............none
18:42:42.278 [main] DEBUG com.zaxxer.hikari.HikariConfig - connectionTestQuery.............none
18:42:42.278 [main] DEBUG com.zaxxer.hikari.HikariConfig - connectionTimeout...............30000
18:42:42.278 [main] DEBUG com.zaxxer.hikari.HikariConfig - dataSource......................none
18:42:42.278 [main] DEBUG com.zaxxer.hikari.HikariConfig - dataSourceClassName.............none
18:42:42.278 [main] DEBUG com.zaxxer.hikari.HikariConfig - dataSourceJNDI..................none
18:42:42.279 [main] DEBUG com.zaxxer.hikari.HikariConfig - dataSourceProperties............{password=<masked>}
18:42:42.279 [main] DEBUG com.zaxxer.hikari.HikariConfig - driverClassName................."org.h2.Driver"
18:42:42.279 [main] DEBUG com.zaxxer.hikari.HikariConfig - healthCheckProperties...........{}
18:42:42.279 [main] DEBUG com.zaxxer.hikari.HikariConfig - healthCheckRegistry.............none
18:42:42.280 [main] DEBUG com.zaxxer.hikari.HikariConfig - idleTimeout.....................600000
18:42:42.280 [main] DEBUG com.zaxxer.hikari.HikariConfig - initializationFailTimeout.......1
18:42:42.280 [main] DEBUG com.zaxxer.hikari.HikariConfig - isolateInternalQueries..........false
18:42:42.280 [main] DEBUG com.zaxxer.hikari.HikariConfig - jdbcUrl.........................jdbc:h2:mem:testdb;DB_CLOSE_DELAY=-1;DB_CLOSE_ON_EXIT=FALSE
18:42:42.280 [main] DEBUG com.zaxxer.hikari.HikariConfig - leakDetectionThreshold..........0
18:42:42.280 [main] DEBUG com.zaxxer.hikari.HikariConfig - maxLifetime.....................1800000
18:42:42.280 [main] DEBUG com.zaxxer.hikari.HikariConfig - maximumPoolSize.................10
18:42:42.281 [main] DEBUG com.zaxxer.hikari.HikariConfig - metricRegistry..................none
18:42:42.281 [main] DEBUG com.zaxxer.hikari.HikariConfig - metricsTrackerFactory...........none
18:42:42.281 [main] DEBUG com.zaxxer.hikari.HikariConfig - minimumIdle.....................10
18:42:42.281 [main] DEBUG com.zaxxer.hikari.HikariConfig - password........................<masked>
18:42:42.281 [main] DEBUG com.zaxxer.hikari.HikariConfig - poolName........................"HikariPool-1"
18:42:42.281 [main] DEBUG com.zaxxer.hikari.HikariConfig - readOnly........................false
18:42:42.281 [main] DEBUG com.zaxxer.hikari.HikariConfig - registerMbeans..................false
18:42:42.281 [main] DEBUG com.zaxxer.hikari.HikariConfig - scheduledExecutor...............none
18:42:42.282 [main] DEBUG com.zaxxer.hikari.HikariConfig - schema..........................none
18:42:42.282 [main] DEBUG com.zaxxer.hikari.HikariConfig - threadFactory...................internal
18:42:42.282 [main] DEBUG com.zaxxer.hikari.HikariConfig - transactionIsolation............default
18:42:42.282 [main] DEBUG com.zaxxer.hikari.HikariConfig - username........................"sa"
18:42:42.282 [main] DEBUG com.zaxxer.hikari.HikariConfig - validationTimeout...............5000
18:42:42.282 [main] INFO com.zaxxer.hikari.HikariDataSource - HikariPool-1 - Starting...
18:42:42.907 [main] DEBUG com.zaxxer.hikari.pool.HikariPool - HikariPool-1 - Added connection conn0: url=jdbc:h2:mem:testdb user=SA
18:42:42.912 [main] INFO com.zaxxer.hikari.HikariDataSource - HikariPool-1 - Start completed.
18:42:42.956 [main] DEBUG org.springframework.beans.factory.support.DefaultListableBeanFactory - Autowiring by type from bean name 'entityManagerFactoryBuilder' via factory method to bean named 'jpaVendorAdapter'
18:42:43.021 [main] DEBUG org.springframework.beans.factory.support.DefaultListableBeanFactory - Autowiring by type from bean name 'entityManagerFactory' via factory method to bean named 'entityManagerFactoryBuilder'
18:42:43.032 [HikariPool-1 housekeeper] DEBUG com.zaxxer.hikari.pool.HikariPool - HikariPool-1 - Pool stats (total=1, active=0, idle=1, waiting=0)
18:42:43.085 [main] DEBUG org.springframework.jdbc.datasource.DataSourceUtils - Fetching JDBC Connection from DataSource
18:42:43.161 [HikariPool-1 connection adder] DEBUG com.zaxxer.hikari.pool.HikariPool - HikariPool-1 - Added connection conn1: url=jdbc:h2:mem:testdb user=SA
18:42:43.162 [HikariPool-1 connection adder] DEBUG com.zaxxer.hikari.pool.HikariPool - HikariPool-1 - Added connection conn2: url=jdbc:h2:mem:testdb user=SA
18:42:43.163 [HikariPool-1 connection adder] DEBUG com.zaxxer.hikari.pool.HikariPool - HikariPool-1 - Added connection conn3: url=jdbc:h2:mem:testdb user=SA
18:42:43.164 [HikariPool-1 connection adder] DEBUG com.zaxxer.hikari.pool.HikariPool - HikariPool-1 - Added connection conn4: url=jdbc:h2:mem:testdb user=SA
18:42:43.165 [HikariPool-1 connection adder] DEBUG com.zaxxer.hikari.pool.HikariPool - HikariPool-1 - Added connection conn5: url=jdbc:h2:mem:testdb user=SA
18:42:43.166 [HikariPool-1 connection adder] DEBUG com.zaxxer.hikari.pool.HikariPool - HikariPool-1 - Added connection conn6: url=jdbc:h2:mem:testdb user=SA
18:42:43.167 [HikariPool-1 connection adder] DEBUG com.zaxxer.hikari.pool.HikariPool - HikariPool-1 - Added connection conn7: url=jdbc:h2:mem:testdb user=SA
18:42:43.168 [HikariPool-1 connection adder] DEBUG com.zaxxer.hikari.pool.HikariPool - HikariPool-1 - Added connection conn8: url=jdbc:h2:mem:testdb user=SA
18:42:43.169 [HikariPool-1 connection adder] DEBUG com.zaxxer.hikari.pool.HikariPool - HikariPool-1 - Added connection conn9: url=jdbc:h2:mem:testdb user=SA
18:42:43.169 [HikariPool-1 connection adder] DEBUG com.zaxxer.hikari.pool.HikariPool - HikariPool-1 - After adding stats (total=10, active=0, idle=10, waiting=0)
18:42:43.280 [main] DEBUG org.springframework.orm.jpa.LocalContainerEntityManagerFactoryBean - Building JPA container EntityManagerFactory for persistence unit 'default'
18:42:43.325 [main] DEBUG org.hibernate.jpa.internal.util.LogHelper - PersistenceUnitInfo [
	name: default
	persistence provider classname: null
	classloader: jdk.internal.loader.ClassLoaders$AppClassLoader@14514713
	excludeUnlistedClasses: true
	JTA datasource: null
	Non JTA datasource: HikariDataSource (HikariPool-1)
	Transaction type: RESOURCE_LOCAL
	PU root URL: file:/C:/Users/16726080/IdeaProjects/books/lesson12/target/test-classes/
	Shared Cache Mode: UNSPECIFIED
	Validation Mode: AUTO
	Jar files URLs []
	Managed classes names []
	Mapping files names []
	Properties []
18:42:43.359 [main] DEBUG org.hibernate.integrator.internal.IntegratorServiceImpl - Adding Integrator [org.hibernate.cfg.beanvalidation.BeanValidationIntegrator].
18:42:43.362 [main] DEBUG org.hibernate.integrator.internal.IntegratorServiceImpl - Adding Integrator [org.hibernate.secure.spi.JaccIntegrator].
18:42:43.369 [main] DEBUG org.hibernate.integrator.internal.IntegratorServiceImpl - Adding Integrator [org.hibernate.cache.internal.CollectionCacheInvalidator].
18:42:43.527 [main] INFO org.hibernate.Version - HHH000412: Hibernate Core {5.3.7.Final}
18:42:43.532 [main] INFO org.hibernate.cfg.Environment - HHH000206: hibernate.properties not found
18:42:43.829 [main] DEBUG org.hibernate.service.spi.ServiceBinding - Overriding existing service binding [org.hibernate.secure.spi.JaccService]
18:42:44.028 [main] DEBUG org.hibernate.cache.internal.RegionFactoryInitiator - Cannot default RegionFactory based on registered strategies as `[]` RegionFactory strategies were registered
18:42:44.031 [main] DEBUG org.hibernate.cache.internal.RegionFactoryInitiator - Cache region factory : org.hibernate.cache.internal.NoCachingRegionFactory
18:42:44.095 [main] INFO org.hibernate.annotations.common.Version - HCANN000001: Hibernate Commons Annotations {5.0.4.Final}
18:42:44.297 [main] DEBUG org.hibernate.type.BasicTypeRegistry - Adding type registration boolean -> org.hibernate.type.BooleanType@53940e2f
18:42:44.297 [main] DEBUG org.hibernate.type.BasicTypeRegistry - Adding type registration boolean -> org.hibernate.type.BooleanType@53940e2f
18:42:44.298 [main] DEBUG org.hibernate.type.BasicTypeRegistry - Adding type registration java.lang.Boolean -> org.hibernate.type.BooleanType@53940e2f
18:42:44.299 [main] DEBUG org.hibernate.type.BasicTypeRegistry - Adding type registration numeric_boolean -> org.hibernate.type.NumericBooleanType@3e377967
18:42:44.300 [main] DEBUG org.hibernate.type.BasicTypeRegistry - Adding type registration true_false -> org.hibernate.type.TrueFalseType@377874b4
18:42:44.302 [main] DEBUG org.hibernate.type.BasicTypeRegistry - Adding type registration yes_no -> org.hibernate.type.YesNoType@5eabff6b
18:42:44.305 [main] DEBUG org.hibernate.type.BasicTypeRegistry - Adding type registration byte -> org.hibernate.type.ByteType@664632e9
18:42:44.306 [main] DEBUG org.hibernate.type.BasicTypeRegistry - Adding type registration byte -> org.hibernate.type.ByteType@664632e9
18:42:44.306 [main] DEBUG org.hibernate.type.BasicTypeRegistry - Adding type registration java.lang.Byte -> org.hibernate.type.ByteType@664632e9
18:42:44.309 [main] DEBUG org.hibernate.type.BasicTypeRegistry - Adding type registration character -> org.hibernate.type.CharacterType@36776c32
18:42:44.309 [main] DEBUG org.hibernate.type.BasicTypeRegistry - Adding type registration char -> org.hibernate.type.CharacterType@36776c32
18:42:44.310 [main] DEBUG org.hibernate.type.BasicTypeRegistry - Adding type registration java.lang.Character -> org.hibernate.type.CharacterType@36776c32
18:42:44.313 [main] DEBUG org.hibernate.type.BasicTypeRegistry - Adding type registration short -> org.hibernate.type.ShortType@4cc65c2
18:42:44.313 [main] DEBUG org.hibernate.type.BasicTypeRegistry - Adding type registration short -> org.hibernate.type.ShortType@4cc65c2
18:42:44.313 [main] DEBUG org.hibernate.type.BasicTypeRegistry - Adding type registration java.lang.Short -> org.hibernate.type.ShortType@4cc65c2
18:42:44.316 [main] DEBUG org.hibernate.type.BasicTypeRegistry - Adding type registration integer -> org.hibernate.type.IntegerType@5eb5da12
18:42:44.317 [main] DEBUG org.hibernate.type.BasicTypeRegistry - Adding type registration int -> org.hibernate.type.IntegerType@5eb5da12
18:42:44.317 [main] DEBUG org.hibernate.type.BasicTypeRegistry - Adding type registration java.lang.Integer -> org.hibernate.type.IntegerType@5eb5da12
18:42:44.319 [main] DEBUG org.hibernate.type.BasicTypeRegistry - Adding type registration long -> org.hibernate.type.LongType@3a479fda
18:42:44.320 [main] DEBUG org.hibernate.type.BasicTypeRegistry - Adding type registration long -> org.hibernate.type.LongType@3a479fda
18:42:44.320 [main] DEBUG org.hibernate.type.BasicTypeRegistry - Adding type registration java.lang.Long -> org.hibernate.type.LongType@3a479fda
18:42:44.322 [main] DEBUG org.hibernate.type.BasicTypeRegistry - Adding type registration float -> org.hibernate.type.FloatType@3635099
18:42:44.322 [main] DEBUG org.hibernate.type.BasicTypeRegistry - Adding type registration float -> org.hibernate.type.FloatType@3635099
18:42:44.322 [main] DEBUG org.hibernate.type.BasicTypeRegistry - Adding type registration java.lang.Float -> org.hibernate.type.FloatType@3635099
18:42:44.325 [main] DEBUG org.hibernate.type.BasicTypeRegistry - Adding type registration double -> org.hibernate.type.DoubleType@25a94b55
18:42:44.325 [main] DEBUG org.hibernate.type.BasicTypeRegistry - Adding type registration double -> org.hibernate.type.DoubleType@25a94b55
18:42:44.325 [main] DEBUG org.hibernate.type.BasicTypeRegistry - Adding type registration java.lang.Double -> org.hibernate.type.DoubleType@25a94b55
18:42:44.328 [main] DEBUG org.hibernate.type.BasicTypeRegistry - Adding type registration big_decimal -> org.hibernate.type.BigDecimalType@4aa31ffc
18:42:44.328 [main] DEBUG org.hibernate.type.BasicTypeRegistry - Adding type registration java.math.BigDecimal -> org.hibernate.type.BigDecimalType@4aa31ffc
18:42:44.330 [main] DEBUG org.hibernate.type.BasicTypeRegistry - Adding type registration big_integer -> org.hibernate.type.BigIntegerType@6e829e50
18:42:44.331 [main] DEBUG org.hibernate.type.BasicTypeRegistry - Adding type registration java.math.BigInteger -> org.hibernate.type.BigIntegerType@6e829e50
18:42:44.333 [main] DEBUG org.hibernate.type.BasicTypeRegistry - Adding type registration string -> org.hibernate.type.StringType@373e6b9d
18:42:44.333 [main] DEBUG org.hibernate.type.BasicTypeRegistry - Adding type registration java.lang.String -> org.hibernate.type.StringType@373e6b9d
18:42:44.335 [main] DEBUG org.hibernate.type.BasicTypeRegistry - Adding type registration nstring -> org.hibernate.type.StringNVarcharType@10244722
18:42:44.336 [main] DEBUG org.hibernate.type.BasicTypeRegistry - Adding type registration ncharacter -> org.hibernate.type.CharacterNCharType@1946384
18:42:44.339 [main] DEBUG org.hibernate.type.BasicTypeRegistry - Adding type registration url -> org.hibernate.type.UrlType@709f0202
18:42:44.339 [main] DEBUG org.hibernate.type.BasicTypeRegistry - Adding type registration java.net.URL -> org.hibernate.type.UrlType@709f0202
18:42:44.342 [main] DEBUG org.hibernate.type.BasicTypeRegistry - Adding type registration Duration -> org.hibernate.type.DurationType@3a00b15d
18:42:44.342 [main] DEBUG org.hibernate.type.BasicTypeRegistry - Adding type registration java.time.Duration -> org.hibernate.type.DurationType@3a00b15d
18:42:44.345 [main] DEBUG org.hibernate.type.BasicTypeRegistry - Adding type registration Instant -> org.hibernate.type.InstantType@c02670f
18:42:44.345 [main] DEBUG org.hibernate.type.BasicTypeRegistry - Adding type registration java.time.Instant -> org.hibernate.type.InstantType@c02670f
18:42:44.348 [main] DEBUG org.hibernate.type.BasicTypeRegistry - Adding type registration LocalDateTime -> org.hibernate.type.LocalDateTimeType@5ae1c281
18:42:44.349 [main] DEBUG org.hibernate.type.BasicTypeRegistry - Adding type registration java.time.LocalDateTime -> org.hibernate.type.LocalDateTimeType@5ae1c281
18:42:44.351 [main] DEBUG org.hibernate.type.BasicTypeRegistry - Adding type registration LocalDate -> org.hibernate.type.LocalDateType@4041739c
18:42:44.351 [main] DEBUG org.hibernate.type.BasicTypeRegistry - Adding type registration java.time.LocalDate -> org.hibernate.type.LocalDateType@4041739c
18:42:44.353 [main] DEBUG org.hibernate.type.BasicTypeRegistry - Adding type registration LocalTime -> org.hibernate.type.LocalTimeType@5a90265a
18:42:44.358 [main] DEBUG org.hibernate.type.BasicTypeRegistry - Adding type registration java.time.LocalTime -> org.hibernate.type.LocalTimeType@5a90265a
18:42:44.363 [main] DEBUG org.hibernate.type.BasicTypeRegistry - Adding type registration OffsetDateTime -> org.hibernate.type.OffsetDateTimeType@7f85217c
18:42:44.365 [main] DEBUG org.hibernate.type.BasicTypeRegistry - Adding type registration java.time.OffsetDateTime -> org.hibernate.type.OffsetDateTimeType@7f85217c
18:42:44.368 [main] DEBUG org.hibernate.type.BasicTypeRegistry - Adding type registration OffsetTime -> org.hibernate.type.OffsetTimeType@6b649efa
18:42:44.375 [main] DEBUG org.hibernate.type.BasicTypeRegistry - Adding type registration java.time.OffsetTime -> org.hibernate.type.OffsetTimeType@6b649efa
18:42:44.378 [main] DEBUG org.hibernate.type.BasicTypeRegistry - Adding type registration ZonedDateTime -> org.hibernate.type.ZonedDateTimeType@4b8137c5
18:42:44.379 [main] DEBUG org.hibernate.type.BasicTypeRegistry - Adding type registration java.time.ZonedDateTime -> org.hibernate.type.ZonedDateTimeType@4b8137c5
18:42:44.389 [main] DEBUG org.hibernate.type.BasicTypeRegistry - Adding type registration date -> org.hibernate.type.DateType@78910096
18:42:44.389 [main] DEBUG org.hibernate.type.BasicTypeRegistry - Adding type registration java.sql.Date -> org.hibernate.type.DateType@78910096
18:42:44.395 [main] DEBUG org.hibernate.type.BasicTypeRegistry - Adding type registration time -> org.hibernate.type.TimeType@31973858
18:42:44.395 [main] DEBUG org.hibernate.type.BasicTypeRegistry - Adding type registration java.sql.Time -> org.hibernate.type.TimeType@31973858
18:42:44.398 [main] DEBUG org.hibernate.type.BasicTypeRegistry - Adding type registration timestamp -> org.hibernate.type.TimestampType@34451ed8
18:42:44.398 [main] DEBUG org.hibernate.type.BasicTypeRegistry - Adding type registration java.sql.Timestamp -> org.hibernate.type.TimestampType@34451ed8
18:42:44.398 [main] DEBUG org.hibernate.type.BasicTypeRegistry - Adding type registration java.util.Date -> org.hibernate.type.TimestampType@34451ed8
18:42:44.401 [main] DEBUG org.hibernate.type.BasicTypeRegistry - Adding type registration dbtimestamp -> org.hibernate.type.DbTimestampType@6fa2448b
18:42:44.403 [main] DEBUG org.hibernate.type.BasicTypeRegistry - Adding type registration calendar -> org.hibernate.type.CalendarType@603cabc4
18:42:44.403 [main] DEBUG org.hibernate.type.BasicTypeRegistry - Adding type registration java.util.Calendar -> org.hibernate.type.CalendarType@603cabc4
18:42:44.404 [main] DEBUG org.hibernate.type.BasicTypeRegistry - Adding type registration java.util.GregorianCalendar -> org.hibernate.type.CalendarType@603cabc4
18:42:44.405 [main] DEBUG org.hibernate.type.BasicTypeRegistry - Adding type registration calendar_date -> org.hibernate.type.CalendarDateType@69de5bed
18:42:44.407 [main] DEBUG org.hibernate.type.BasicTypeRegistry - Adding type registration locale -> org.hibernate.type.LocaleType@22d7fd41
18:42:44.407 [main] DEBUG org.hibernate.type.BasicTypeRegistry - Adding type registration java.util.Locale -> org.hibernate.type.LocaleType@22d7fd41
18:42:44.409 [main] DEBUG org.hibernate.type.BasicTypeRegistry - Adding type registration currency -> org.hibernate.type.CurrencyType@834e986
18:42:44.410 [main] DEBUG org.hibernate.type.BasicTypeRegistry - Adding type registration java.util.Currency -> org.hibernate.type.CurrencyType@834e986
18:42:44.412 [main] DEBUG org.hibernate.type.BasicTypeRegistry - Adding type registration timezone -> org.hibernate.type.TimeZoneType@79980d8d
18:42:44.413 [main] DEBUG org.hibernate.type.BasicTypeRegistry - Adding type registration java.util.TimeZone -> org.hibernate.type.TimeZoneType@79980d8d
18:42:44.414 [main] DEBUG org.hibernate.type.BasicTypeRegistry - Adding type registration class -> org.hibernate.type.ClassType@715a70e9
18:42:44.415 [main] DEBUG org.hibernate.type.BasicTypeRegistry - Adding type registration java.lang.Class -> org.hibernate.type.ClassType@715a70e9
18:42:44.421 [main] DEBUG org.hibernate.type.BasicTypeRegistry - Adding type registration uuid-binary -> org.hibernate.type.UUIDBinaryType@d13baac
18:42:44.421 [main] DEBUG org.hibernate.type.BasicTypeRegistry - Adding type registration java.util.UUID -> org.hibernate.type.UUIDBinaryType@d13baac
18:42:44.422 [main] DEBUG org.hibernate.type.BasicTypeRegistry - Adding type registration uuid-char -> org.hibernate.type.UUIDCharType@12f279b5
18:42:44.424 [main] DEBUG org.hibernate.type.BasicTypeRegistry - Adding type registration binary -> org.hibernate.type.BinaryType@576b7c74
18:42:44.424 [main] DEBUG org.hibernate.type.BasicTypeRegistry - Adding type registration byte[] -> org.hibernate.type.BinaryType@576b7c74
18:42:44.424 [main] DEBUG org.hibernate.type.BasicTypeRegistry - Adding type registration [B -> org.hibernate.type.BinaryType@576b7c74
18:42:44.426 [main] DEBUG org.hibernate.type.BasicTypeRegistry - Adding type registration wrapper-binary -> org.hibernate.type.WrapperBinaryType@2251b3bc
18:42:44.426 [main] DEBUG org.hibernate.type.BasicTypeRegistry - Adding type registration Byte[] -> org.hibernate.type.WrapperBinaryType@2251b3bc
18:42:44.426 [main] DEBUG org.hibernate.type.BasicTypeRegistry - Adding type registration [Ljava.lang.Byte; -> org.hibernate.type.WrapperBinaryType@2251b3bc
18:42:44.431 [main] DEBUG org.hibernate.type.BasicTypeRegistry - Adding type registration row_version -> org.hibernate.type.RowVersionType@4130a648
18:42:44.432 [main] DEBUG org.hibernate.type.BasicTypeRegistry - Adding type registration image -> org.hibernate.type.ImageType@24043ec5
18:42:44.434 [main] DEBUG org.hibernate.type.BasicTypeRegistry - Adding type registration characters -> org.hibernate.type.CharArrayType@535a518c
18:42:44.434 [main] DEBUG org.hibernate.type.BasicTypeRegistry - Adding type registration char[] -> org.hibernate.type.CharArrayType@535a518c
18:42:44.434 [main] DEBUG org.hibernate.type.BasicTypeRegistry - Adding type registration [C -> org.hibernate.type.CharArrayType@535a518c
18:42:44.437 [main] DEBUG org.hibernate.type.BasicTypeRegistry - Adding type registration wrapper-characters -> org.hibernate.type.CharacterArrayType@64b70f41
18:42:44.437 [main] DEBUG org.hibernate.type.BasicTypeRegistry - Adding type registration [Ljava.lang.Character; -> org.hibernate.type.CharacterArrayType@64b70f41
18:42:44.437 [main] DEBUG org.hibernate.type.BasicTypeRegistry - Adding type registration Character[] -> org.hibernate.type.CharacterArrayType@64b70f41
18:42:44.438 [main] DEBUG org.hibernate.type.BasicTypeRegistry - Adding type registration text -> org.hibernate.type.TextType@3e214105
18:42:44.439 [main] DEBUG org.hibernate.type.BasicTypeRegistry - Adding type registration ntext -> org.hibernate.type.NTextType@536b71b4
18:42:44.445 [main] DEBUG org.hibernate.type.BasicTypeRegistry - Adding type registration blob -> org.hibernate.type.BlobType@4c3de38e
18:42:44.446 [main] DEBUG org.hibernate.type.BasicTypeRegistry - Adding type registration java.sql.Blob -> org.hibernate.type.BlobType@4c3de38e
18:42:44.448 [main] DEBUG org.hibernate.type.BasicTypeRegistry - Adding type registration materialized_blob -> org.hibernate.type.MaterializedBlobType@3d8d17a3
18:42:44.451 [main] DEBUG org.hibernate.type.BasicTypeRegistry - Adding type registration clob -> org.hibernate.type.ClobType@43f03c23
18:42:44.451 [main] DEBUG org.hibernate.type.BasicTypeRegistry - Adding type registration java.sql.Clob -> org.hibernate.type.ClobType@43f03c23
18:42:44.454 [main] DEBUG org.hibernate.type.BasicTypeRegistry - Adding type registration nclob -> org.hibernate.type.NClobType@629a9f26
18:42:44.454 [main] DEBUG org.hibernate.type.BasicTypeRegistry - Adding type registration java.sql.NClob -> org.hibernate.type.NClobType@629a9f26
18:42:44.455 [main] DEBUG org.hibernate.type.BasicTypeRegistry - Adding type registration materialized_clob -> org.hibernate.type.MaterializedClobType@71e7adbb
18:42:44.456 [main] DEBUG org.hibernate.type.BasicTypeRegistry - Adding type registration materialized_nclob -> org.hibernate.type.MaterializedNClobType@64aeaf29
18:42:44.459 [main] DEBUG org.hibernate.type.BasicTypeRegistry - Adding type registration serializable -> org.hibernate.type.SerializableType@3730f716
18:42:44.466 [main] DEBUG org.hibernate.type.BasicTypeRegistry - Adding type registration object -> org.hibernate.type.ObjectType@5d318e91
18:42:44.466 [main] DEBUG org.hibernate.type.BasicTypeRegistry - Adding type registration java.lang.Object -> org.hibernate.type.ObjectType@5d318e91
18:42:44.467 [main] DEBUG org.hibernate.type.BasicTypeRegistry - Adding type registration imm_date -> org.hibernate.type.AdaptedImmutableType@766a52f5
18:42:44.467 [main] DEBUG org.hibernate.type.BasicTypeRegistry - Adding type registration imm_time -> org.hibernate.type.AdaptedImmutableType@4342c13
18:42:44.467 [main] DEBUG org.hibernate.type.BasicTypeRegistry - Adding type registration imm_timestamp -> org.hibernate.type.AdaptedImmutableType@2ba1209b
18:42:44.467 [main] DEBUG org.hibernate.type.BasicTypeRegistry - Adding type registration imm_dbtimestamp -> org.hibernate.type.AdaptedImmutableType@7c241a9f
18:42:44.467 [main] DEBUG org.hibernate.type.BasicTypeRegistry - Adding type registration imm_calendar -> org.hibernate.type.AdaptedImmutableType@58fd1214
18:42:44.467 [main] DEBUG org.hibernate.type.BasicTypeRegistry - Adding type registration imm_calendar_date -> org.hibernate.type.AdaptedImmutableType@7d8cf9ac
18:42:44.467 [main] DEBUG org.hibernate.type.BasicTypeRegistry - Adding type registration imm_binary -> org.hibernate.type.AdaptedImmutableType@5f0bab7e
18:42:44.467 [main] DEBUG org.hibernate.type.BasicTypeRegistry - Adding type registration imm_serializable -> org.hibernate.type.AdaptedImmutableType@3a7b2e2
18:42:44.532 [main] DEBUG org.hibernate.boot.internal.BootstrapContextImpl - Injecting JPA temp ClassLoader [org.springframework.instrument.classloading.SimpleThrowawayClassLoader@5403799b] into BootstrapContext; was [null]
18:42:44.533 [main] DEBUG org.hibernate.boot.internal.ClassLoaderAccessImpl - ClassLoaderAccessImpl#injectTempClassLoader(org.springframework.instrument.classloading.SimpleThrowawayClassLoader@5403799b) [was null]
18:42:44.534 [main] DEBUG org.hibernate.boot.internal.BootstrapContextImpl - Injecting ScanEnvironment [org.hibernate.jpa.boot.internal.StandardJpaScanEnvironmentImpl@27f3f512] into BootstrapContext; was [null]
18:42:44.534 [main] DEBUG org.hibernate.boot.internal.BootstrapContextImpl - Injecting ScanOptions [org.hibernate.boot.archive.scan.internal.StandardScanOptions@5e593b08] into BootstrapContext; was [org.hibernate.boot.archive.scan.internal.StandardScanOptions@3946075]
18:42:44.734 [main] DEBUG org.hibernate.boot.internal.BootstrapContextImpl - Injecting JPA temp ClassLoader [null] into BootstrapContext; was [org.springframework.instrument.classloading.SimpleThrowawayClassLoader@5403799b]
18:42:44.737 [main] DEBUG org.hibernate.boot.internal.ClassLoaderAccessImpl - ClassLoaderAccessImpl#injectTempClassLoader(null) [was org.springframework.instrument.classloading.SimpleThrowawayClassLoader@5403799b]
18:42:44.770 [main] DEBUG org.hibernate.id.factory.internal.DefaultIdentifierGeneratorFactory - Registering IdentifierGenerator strategy [uuid2] -> [org.hibernate.id.UUIDGenerator]
18:42:44.771 [main] DEBUG org.hibernate.id.factory.internal.DefaultIdentifierGeneratorFactory - Registering IdentifierGenerator strategy [guid] -> [org.hibernate.id.GUIDGenerator]
18:42:44.773 [main] DEBUG org.hibernate.id.factory.internal.DefaultIdentifierGeneratorFactory - Registering IdentifierGenerator strategy [uuid] -> [org.hibernate.id.UUIDHexGenerator]
18:42:44.773 [main] DEBUG org.hibernate.id.factory.internal.DefaultIdentifierGeneratorFactory - Registering IdentifierGenerator strategy [uuid.hex] -> [org.hibernate.id.UUIDHexGenerator]
18:42:44.773 [main] DEBUG org.hibernate.id.factory.internal.DefaultIdentifierGeneratorFactory - Registering IdentifierGenerator strategy [assigned] -> [org.hibernate.id.Assigned]
18:42:44.775 [main] DEBUG org.hibernate.id.factory.internal.DefaultIdentifierGeneratorFactory - Registering IdentifierGenerator strategy [identity] -> [org.hibernate.id.IdentityGenerator]
18:42:44.776 [main] DEBUG org.hibernate.id.factory.internal.DefaultIdentifierGeneratorFactory - Registering IdentifierGenerator strategy [select] -> [org.hibernate.id.SelectGenerator]
18:42:44.778 [main] DEBUG org.hibernate.id.factory.internal.DefaultIdentifierGeneratorFactory - Registering IdentifierGenerator strategy [sequence] -> [org.hibernate.id.enhanced.SequenceStyleGenerator]
18:42:44.779 [main] DEBUG org.hibernate.id.factory.internal.DefaultIdentifierGeneratorFactory - Registering IdentifierGenerator strategy [seqhilo] -> [org.hibernate.id.SequenceHiLoGenerator]
18:42:44.780 [main] DEBUG org.hibernate.id.factory.internal.DefaultIdentifierGeneratorFactory - Registering IdentifierGenerator strategy [increment] -> [org.hibernate.id.IncrementGenerator]
18:42:44.782 [main] DEBUG org.hibernate.id.factory.internal.DefaultIdentifierGeneratorFactory - Registering IdentifierGenerator strategy [foreign] -> [org.hibernate.id.ForeignGenerator]
18:42:44.784 [main] DEBUG org.hibernate.id.factory.internal.DefaultIdentifierGeneratorFactory - Registering IdentifierGenerator strategy [sequence-identity] -> [org.hibernate.id.SequenceIdentityGenerator]
18:42:44.784 [main] DEBUG org.hibernate.id.factory.internal.DefaultIdentifierGeneratorFactory - Registering IdentifierGenerator strategy [enhanced-sequence] -> [org.hibernate.id.enhanced.SequenceStyleGenerator]
18:42:44.786 [main] DEBUG org.hibernate.id.factory.internal.DefaultIdentifierGeneratorFactory - Registering IdentifierGenerator strategy [enhanced-table] -> [org.hibernate.id.enhanced.TableGenerator]
18:42:44.812 [main] DEBUG org.hibernate.engine.jdbc.env.internal.JdbcEnvironmentInitiator - Database ->
       name : H2
    version : 1.4.197 (2018-03-18)
      major : 1
      minor : 4
18:42:44.812 [main] DEBUG org.hibernate.engine.jdbc.env.internal.JdbcEnvironmentInitiator - Driver ->
       name : H2 JDBC Driver
    version : 1.4.197 (2018-03-18)
      major : 1
      minor : 4
18:42:44.812 [main] DEBUG org.hibernate.engine.jdbc.env.internal.JdbcEnvironmentInitiator - JDBC version : 4.0
18:42:44.835 [main] INFO org.hibernate.dialect.Dialect - HHH000400: Using dialect: org.hibernate.dialect.H2Dialect
18:42:44.971 [main] DEBUG org.hibernate.boot.model.relational.Namespace - Created database namespace [logicalName=Name{catalog=null, schema=null}, physicalName=Name{catalog=null, schema=null}]
18:42:44.998 [main] DEBUG org.hibernate.type.spi.TypeConfiguration$Scope - Scoping TypeConfiguration [org.hibernate.type.spi.TypeConfiguration@3ebc955b] to MetadataBuildingContext [org.hibernate.boot.internal.MetadataBuildingContextRootImpl@21a46ff1]
18:42:45.268 [main] DEBUG org.hibernate.internal.SessionFactoryImpl - Building session factory
18:42:45.270 [main] DEBUG org.hibernate.cfg.Settings - SessionFactory name : null
18:42:45.270 [main] DEBUG org.hibernate.cfg.Settings - Automatic flush during beforeCompletion(): enabled
18:42:45.271 [main] DEBUG org.hibernate.cfg.Settings - Automatic session close at end of transaction: disabled
18:42:45.271 [main] DEBUG org.hibernate.cfg.Settings - Statistics: disabled
18:42:45.271 [main] DEBUG org.hibernate.cfg.Settings - Deleted entity synthetic identifier rollback: disabled
18:42:45.271 [main] DEBUG org.hibernate.cfg.Settings - Default entity-mode: pojo
18:42:45.271 [main] DEBUG org.hibernate.cfg.Settings - Check Nullability in Core (should be disabled when Bean Validation is on): enabled
18:42:45.271 [main] DEBUG org.hibernate.cfg.Settings - Allow initialization of lazy state outside session : disabled
18:42:45.271 [main] DEBUG org.hibernate.cfg.Settings - Using BatchFetchStyle : LEGACY
18:42:45.271 [main] DEBUG org.hibernate.cfg.Settings - Default batch fetch size: -1
18:42:45.271 [main] DEBUG org.hibernate.cfg.Settings - Maximum outer join fetch depth: null
18:42:45.272 [main] DEBUG org.hibernate.cfg.Settings - Default null ordering: NONE
18:42:45.272 [main] DEBUG org.hibernate.cfg.Settings - Order SQL updates by primary key: disabled
18:42:45.272 [main] DEBUG org.hibernate.cfg.Settings - Order SQL inserts for batching: disabled
18:42:45.272 [main] DEBUG org.hibernate.cfg.Settings - multi-tenancy strategy : NONE
18:42:45.272 [main] DEBUG org.hibernate.cfg.Settings - JTA Track by Thread: enabled
18:42:45.272 [main] DEBUG org.hibernate.cfg.Settings - Query language substitutions: {}
18:42:45.272 [main] DEBUG org.hibernate.cfg.Settings - Named query checking : enabled
18:42:45.272 [main] DEBUG org.hibernate.cfg.Settings - Second-level cache: disabled
18:42:45.272 [main] DEBUG org.hibernate.cfg.Settings - Second-level query cache: disabled
18:42:45.272 [main] DEBUG org.hibernate.cfg.Settings - Second-level query cache factory: null
18:42:45.273 [main] DEBUG org.hibernate.cfg.Settings - Second-level cache region prefix: null
18:42:45.273 [main] DEBUG org.hibernate.cfg.Settings - Optimize second-level cache for minimal puts: disabled
18:42:45.273 [main] DEBUG org.hibernate.cfg.Settings - Structured second-level cache entries: disabled
18:42:45.273 [main] DEBUG org.hibernate.cfg.Settings - Second-level cache direct-reference entries: disabled
18:42:45.273 [main] DEBUG org.hibernate.cfg.Settings - Automatic eviction of collection cache: disabled
18:42:45.273 [main] DEBUG org.hibernate.cfg.Settings - JDBC batch size: 15
18:42:45.273 [main] DEBUG org.hibernate.cfg.Settings - JDBC batch updates for versioned data: enabled
18:42:45.273 [main] DEBUG org.hibernate.cfg.Settings - Scrollable result sets: enabled
18:42:45.273 [main] DEBUG org.hibernate.cfg.Settings - Wrap result sets: disabled
18:42:45.274 [main] DEBUG org.hibernate.cfg.Settings - JDBC3 getGeneratedKeys(): enabled
18:42:45.274 [main] DEBUG org.hibernate.cfg.Settings - JDBC result set fetch size: null
18:42:45.274 [main] DEBUG org.hibernate.cfg.Settings - Connection release mode: ON_CLOSE
18:42:45.274 [main] DEBUG org.hibernate.cfg.Settings - Generate SQL with comments: disabled
18:42:45.274 [main] DEBUG org.hibernate.cfg.Settings - JPA compliance - query : 
18:42:45.274 [main] DEBUG org.hibernate.cfg.Settings - JPA compliance - closed-handling : 
18:42:45.274 [main] DEBUG org.hibernate.cfg.Settings - JPA compliance - lists : 
18:42:45.274 [main] DEBUG org.hibernate.cfg.Settings - JPA compliance - transactions : 
18:42:45.440 [main] DEBUG org.hibernate.internal.SessionFactoryImpl - Session factory constructed with filter configurations : {}
18:42:45.441 [main] DEBUG org.hibernate.internal.SessionFactoryImpl - Instantiating session factory with properties: {sun.desktop=windows, awt.toolkit=sun.awt.windows.WToolkit, hibernate.id.new_generator_mappings=true, java.specification.version=11, sun.cpu.isalist=amd64, hibernate.resource.beans.container=org.springframework.orm.hibernate5.SpringBeanContainer@5939e24, hibernate.connection.handling_mode=DELAYED_ACQUISITION_AND_HOLD, sun.jnu.encoding=Cp1251, hibernate.dialect=org.hibernate.dialect.H2Dialect, hibernate.implicit_naming_strategy=org.springframework.boot.orm.jpa.hibernate.SpringImplicitNamingStrategy, java.class.path=C:\Users\16726080\IdeaProjects\books\lesson12\target\test-classes;C:\Users\16726080\IdeaProjects\books\lesson12\target\classes;C:\Users\16726080\.m2\repository\org\springframework\boot\spring-boot-starter\2.1.3.RELEASE\spring-boot-starter-2.1.3.RELEASE.jar;C:\Users\16726080\.m2\repository\org\springframework\boot\spring-boot\2.1.3.RELEASE\spring-boot-2.1.3.RELEASE.jar;C:\Users\16726080\.m2\repository\org\springframework\spring-context\5.1.5.RELEASE\spring-context-5.1.5.RELEASE.jar;C:\Users\16726080\.m2\repository\org\springframework\boot\spring-boot-autoconfigure\2.1.3.RELEASE\spring-boot-autoconfigure-2.1.3.RELEASE.jar;C:\Users\16726080\.m2\repository\org\springframework\boot\spring-boot-starter-logging\2.1.3.RELEASE\spring-boot-starter-logging-2.1.3.RELEASE.jar;C:\Users\16726080\.m2\repository\ch\qos\logback\logback-classic\1.2.3\logback-classic-1.2.3.jar;C:\Users\16726080\.m2\repository\ch\qos\logback\logback-core\1.2.3\logback-core-1.2.3.jar;C:\Users\16726080\.m2\repository\org\apache\logging\log4j\log4j-to-slf4j\2.11.2\log4j-to-slf4j-2.11.2.jar;C:\Users\16726080\.m2\repository\org\apache\logging\log4j\log4j-api\2.11.2\log4j-api-2.11.2.jar;C:\Users\16726080\.m2\repository\org\slf4j\jul-to-slf4j\1.7.25\jul-to-slf4j-1.7.25.jar;C:\Users\16726080\.m2\repository\javax\annotation\javax.annotation-api\1.3.2\javax.annotation-api-1.3.2.jar;C:\Users\16726080\.m2\repository\org\springframework\spring-core\5.1.5.RELEASE\spring-core-5.1.5.RELEASE.jar;C:\Users\16726080\.m2\repository\org\springframework\spring-jcl\5.1.5.RELEASE\spring-jcl-5.1.5.RELEASE.jar;C:\Users\16726080\.m2\repository\org\yaml\snakeyaml\1.23\snakeyaml-1.23.jar;C:\Users\16726080\.m2\repository\org\springframework\boot\spring-boot-starter-test\2.1.3.RELEASE\spring-boot-starter-test-2.1.3.RELEASE.jar;C:\Users\16726080\.m2\repository\org\springframework\boot\spring-boot-test\2.1.3.RELEASE\spring-boot-test-2.1.3.RELEASE.jar;C:\Users\16726080\.m2\repository\org\springframework\boot\spring-boot-test-autoconfigure\2.1.3.RELEASE\spring-boot-test-autoconfigure-2.1.3.RELEASE.jar;C:\Users\16726080\.m2\repository\com\jayway\jsonpath\json-path\2.4.0\json-path-2.4.0.jar;C:\Users\16726080\.m2\repository\net\minidev\json-smart\2.3\json-smart-2.3.jar;C:\Users\16726080\.m2\repository\net\minidev\accessors-smart\1.2\accessors-smart-1.2.jar;C:\Users\16726080\.m2\repository\org\ow2\asm\asm\5.0.4\asm-5.0.4.jar;C:\Users\16726080\.m2\repository\org\slf4j\slf4j-api\1.7.25\slf4j-api-1.7.25.jar;C:\Users\16726080\.m2\repository\junit\junit\4.12\junit-4.12.jar;C:\Users\16726080\.m2\repository\org\assertj\assertj-core\3.11.1\assertj-core-3.11.1.jar;C:\Users\16726080\.m2\repository\org\hamcrest\hamcrest-core\1.3\hamcrest-core-1.3.jar;C:\Users\16726080\.m2\repository\org\hamcrest\hamcrest-library\1.3\hamcrest-library-1.3.jar;C:\Users\16726080\.m2\repository\org\skyscreamer\jsonassert\1.5.0\jsonassert-1.5.0.jar;C:\Users\16726080\.m2\repository\com\vaadin\external\google\android-json\0.0.20131108.vaadin1\android-json-0.0.20131108.vaadin1.jar;C:\Users\16726080\.m2\repository\org\springframework\spring-test\5.1.5.RELEASE\spring-test-5.1.5.RELEASE.jar;C:\Users\16726080\.m2\repository\org\xmlunit\xmlunit-core\2.6.2\xmlunit-core-2.6.2.jar;C:\Users\16726080\.m2\repository\org\springframework\shell\spring-shell-starter\2.0.1.RELEASE\spring-shell-starter-2.0.1.RELEASE.jar;C:\Users\16726080\.m2\repository\org\springframework\shell\spring-shell-core\2.0.1.RELEASE\spring-shell-core-2.0.1.RELEASE.jar;C:\Users\16726080\.m2\repository\org\springframework\boot\spring-boot-starter-validation\2.1.3.RELEASE\spring-boot-starter-validation-2.1.3.RELEASE.jar;C:\Users\16726080\.m2\repository\org\apache\tomcat\embed\tomcat-embed-el\9.0.16\tomcat-embed-el-9.0.16.jar;C:\Users\16726080\.m2\repository\org\hibernate\validator\hibernate-validator\6.0.14.Final\hibernate-validator-6.0.14.Final.jar;C:\Users\16726080\.m2\repository\javax\validation\validation-api\2.0.1.Final\validation-api-2.0.1.Final.jar;C:\Users\16726080\.m2\repository\org\jline\jline\3.4.0\jline-3.4.0.jar;C:\Users\16726080\.m2\repository\org\jline\jline-terminal-jna\3.4.0\jline-terminal-jna-3.4.0.jar;C:\Users\16726080\.m2\repository\org\jline\jline-terminal\3.4.0\jline-terminal-3.4.0.jar;C:\Users\16726080\.m2\repository\org\springframework\shell\spring-shell-standard\2.0.1.RELEASE\spring-shell-standard-2.0.1.RELEASE.jar;C:\Users\16726080\.m2\repository\org\springframework\shell\spring-shell-standard-commands\2.0.1.RELEASE\spring-shell-standard-commands-2.0.1.RELEASE.jar;C:\Users\16726080\.m2\repository\org\springframework\shell\spring-shell-shell1-adapter\2.0.1.RELEASE\spring-shell-shell1-adapter-2.0.1.RELEASE.jar;C:\Users\16726080\.m2\repository\org\springframework\shell\spring-shell-jcommander-adapter\2.0.1.RELEASE\spring-shell-jcommander-adapter-2.0.1.RELEASE.jar;C:\Users\16726080\.m2\repository\org\springframework\shell\spring-shell-table\2.0.1.RELEASE\spring-shell-table-2.0.1.RELEASE.jar;C:\Users\16726080\.m2\repository\org\springframework\spring-beans\5.1.5.RELEASE\spring-beans-5.1.5.RELEASE.jar;C:\Users\16726080\.m2\repository\org\projectlombok\lombok\1.18.4\lombok-1.18.4.jar;C:\Users\16726080\.m2\repository\org\springframework\boot\spring-boot-starter-data-jpa\2.1.3.RELEASE\spring-boot-starter-data-jpa-2.1.3.RELEASE.jar;C:\Users\16726080\.m2\repository\org\springframework\boot\spring-boot-starter-aop\2.1.3.RELEASE\spring-boot-starter-aop-2.1.3.RELEASE.jar;C:\Users\16726080\.m2\repository\org\springframework\spring-aop\5.1.5.RELEASE\spring-aop-5.1.5.RELEASE.jar;C:\Users\16726080\.m2\repository\org\aspectj\aspectjweaver\1.9.2\aspectjweaver-1.9.2.jar;C:\Users\16726080\.m2\repository\org\springframework\boot\spring-boot-starter-jdbc\2.1.3.RELEASE\spring-boot-starter-jdbc-2.1.3.RELEASE.jar;C:\Users\16726080\.m2\repository\com\zaxxer\HikariCP\3.2.0\HikariCP-3.2.0.jar;C:\Users\16726080\.m2\repository\org\springframework\spring-jdbc\5.1.5.RELEASE\spring-jdbc-5.1.5.RELEASE.jar;C:\Users\16726080\.m2\repository\javax\transaction\javax.transaction-api\1.3\javax.transaction-api-1.3.jar;C:\Users\16726080\.m2\repository\javax\xml\bind\jaxb-api\2.3.1\jaxb-api-2.3.1.jar;C:\Users\16726080\.m2\repository\javax\activation\javax.activation-api\1.2.0\javax.activation-api-1.2.0.jar;C:\Users\16726080\.m2\repository\org\hibernate\hibernate-core\5.3.7.Final\hibernate-core-5.3.7.Final.jar;C:\Users\16726080\.m2\repository\org\jboss\logging\jboss-logging\3.3.2.Final\jboss-logging-3.3.2.Final.jar;C:\Users\16726080\.m2\repository\javax\persistence\javax.persistence-api\2.2\javax.persistence-api-2.2.jar;C:\Users\16726080\.m2\repository\org\javassist\javassist\3.23.1-GA\javassist-3.23.1-GA.jar;C:\Users\16726080\.m2\repository\antlr\antlr\2.7.7\antlr-2.7.7.jar;C:\Users\16726080\.m2\repository\org\jboss\jandex\2.0.5.Final\jandex-2.0.5.Final.jar;C:\Users\16726080\.m2\repository\com\fasterxml\classmate\1.4.0\classmate-1.4.0.jar;C:\Users\16726080\.m2\repository\org\dom4j\dom4j\2.1.1\dom4j-2.1.1.jar;C:\Users\16726080\.m2\repository\org\hibernate\common\hibernate-commons-annotations\5.0.4.Final\hibernate-commons-annotations-5.0.4.Final.jar;C:\Users\16726080\.m2\repository\org\springframework\data\spring-data-jpa\2.1.5.RELEASE\spring-data-jpa-2.1.5.RELEASE.jar;C:\Users\16726080\.m2\repository\org\springframework\data\spring-data-commons\2.1.5.RELEASE\spring-data-commons-2.1.5.RELEASE.jar;C:\Users\16726080\.m2\repository\org\springframework\spring-orm\5.1.5.RELEASE\spring-orm-5.1.5.RELEASE.jar;C:\Users\16726080\.m2\repository\org\springframework\spring-tx\5.1.5.RELEASE\spring-tx-5.1.5.RELEASE.jar;C:\Users\16726080\.m2\repository\org\springframework\spring-aspects\5.1.5.RELEASE\spring-aspects-5.1.5.RELEASE.jar;C:\Users\16726080\.m2\repository\org\springframework\boot\spring-boot-starter-data-mongodb\2.1.3.RELEASE\spring-boot-starter-data-mongodb-2.1.3.RELEASE.jar;C:\Users\16726080\.m2\repository\org\mongodb\mongodb-driver\3.8.2\mongodb-driver-3.8.2.jar;C:\Users\16726080\.m2\repository\org\mongodb\bson\3.8.2\bson-3.8.2.jar;C:\Users\16726080\.m2\repository\org\mongodb\mongodb-driver-core\3.8.2\mongodb-driver-core-3.8.2.jar;C:\Users\16726080\.m2\repository\org\springframework\data\spring-data-mongodb\2.1.5.RELEASE\spring-data-mongodb-2.1.5.RELEASE.jar;C:\Users\16726080\.m2\repository\org\springframework\spring-expression\5.1.5.RELEASE\spring-expression-5.1.5.RELEASE.jar;C:\Users\16726080\.m2\repository\de\flapdoodle\embed\de.flapdoodle.embed.mongo\2.1.2\de.flapdoodle.embed.mongo-2.1.2.jar;C:\Users\16726080\.m2\repository\de\flapdoodle\embed\de.flapdoodle.embed.process\2.1.2\de.flapdoodle.embed.process-2.1.2.jar;C:\Users\16726080\.m2\repository\org\apache\commons\commons-lang3\3.8.1\commons-lang3-3.8.1.jar;C:\Users\16726080\.m2\repository\net\java\dev\jna\jna\4.5.2\jna-4.5.2.jar;C:\Users\16726080\.m2\repository\net\java\dev\jna\jna-platform\4.5.2\jna-platform-4.5.2.jar;C:\Users\16726080\.m2\repository\org\apache\commons\commons-compress\1.18\commons-compress-1.18.jar;C:\Users\16726080\.m2\repository\com\h2database\h2\1.4.197\h2-1.4.197.jar;C:\Users\16726080\.m2\repository\org\postgresql\postgresql\42.2.5\postgresql-42.2.5.jar;C:\Users\16726080\.m2\repository\org\junit\jupiter\junit-jupiter-api\5.3.2\junit-jupiter-api-5.3.2.jar;C:\Users\16726080\.m2\repository\org\apiguardian\apiguardian-api\1.0.0\apiguardian-api-1.0.0.jar;C:\Users\16726080\.m2\repository\org\opentest4j\opentest4j\1.1.1\opentest4j-1.1.1.jar;C:\Users\16726080\.m2\repository\org\junit\platform\junit-platform-commons\1.3.2\junit-platform-commons-1.3.2.jar;C:\Users\16726080\.m2\repository\org\junit\jupiter\junit-jupiter-params\5.3.2\junit-jupiter-params-5.3.2.jar;C:\Users\16726080\.m2\repository\org\junit\jupiter\junit-jupiter-engine\5.3.2\junit-jupiter-engine-5.3.2.jar;C:\Users\16726080\.m2\repository\org\junit\platform\junit-platform-engine\1.3.2\junit-platform-engine-1.3.2.jar;C:\Users\16726080\.m2\repository\org\junit\platform\junit-platform-launcher\1.3.2\junit-platform-launcher-1.3.2.jar;C:\Users\16726080\.m2\repository\org\junit\vintage\junit-vintage-engine\5.3.2\junit-vintage-engine-5.3.2.jar;C:\Users\16726080\.m2\repository\org\mockito\mockito-junit-jupiter\2.23.4\mockito-junit-jupiter-2.23.4.jar;C:\Users\16726080\.m2\repository\org\mockito\mockito-core\2.23.4\mockito-core-2.23.4.jar;C:\Users\16726080\.m2\repository\net\bytebuddy\byte-buddy\1.9.10\byte-buddy-1.9.10.jar;C:\Users\16726080\.m2\repository\net\bytebuddy\byte-buddy-agent\1.9.10\byte-buddy-agent-1.9.10.jar;C:\Users\16726080\.m2\repository\org\objenesis\objenesis\2.6\objenesis-2.6.jar;C:\Users\16726080\.m2\repository\org\powermock\powermock-api-mockito2\2.0.0-beta.5\powermock-api-mockito2-2.0.0-beta.5.jar;C:\Users\16726080\.m2\repository\org\powermock\powermock-api-support\2.0.0-beta.5\powermock-api-support-2.0.0-beta.5.jar;C:\Users\16726080\.m2\repository\org\powermock\powermock-reflect\2.0.0-beta.5\powermock-reflect-2.0.0-beta.5.jar;C:\Users\16726080\.m2\repository\org\powermock\powermock-core\2.0.0-beta.5\powermock-core-2.0.0-beta.5.jar;, java.vm.vendor=Oracle Corporation, sun.arch.data.model=64, user.variant=, java.vendor.url=http://java.oracle.com/, user.timezone=Asia/Krasnoyarsk, os.name=Windows 7, java.vm.specification.version=11, javax.persistence.validation.mode=AUTO, sun.java.launcher=SUN_STANDARD, user.country=RU, sun.boot.library.path=C:\JDK\jdk-11.0.2\bin, sun.java.command=C:\Users\16726080\AppData\Local\Temp\surefire9343685035406891892\surefirebooter3031645304639915525.jar C:\Users\16726080\AppData\Local\Temp\surefire9343685035406891892 2019-04-17T18-42-34_667-jvmRun1 surefire16345138295581330896tmp surefire_01426249231639849436tmp, hibernate.transaction.jta.platform=org.hibernate.engine.transaction.jta.platform.internal.NoJtaPlatform@595f9916, javax.persistence.sharedCache.mode=UNSPECIFIED, jdk.debug=release, surefire.test.class.path=C:\Users\16726080\IdeaProjects\books\lesson12\target\test-classes;C:\Users\16726080\IdeaProjects\books\lesson12\target\classes;C:\Users\16726080\.m2\repository\org\springframework\boot\spring-boot-starter\2.1.3.RELEASE\spring-boot-starter-2.1.3.RELEASE.jar;C:\Users\16726080\.m2\repository\org\springframework\boot\spring-boot\2.1.3.RELEASE\spring-boot-2.1.3.RELEASE.jar;C:\Users\16726080\.m2\repository\org\springframework\spring-context\5.1.5.RELEASE\spring-context-5.1.5.RELEASE.jar;C:\Users\16726080\.m2\repository\org\springframework\boot\spring-boot-autoconfigure\2.1.3.RELEASE\spring-boot-autoconfigure-2.1.3.RELEASE.jar;C:\Users\16726080\.m2\repository\org\springframework\boot\spring-boot-starter-logging\2.1.3.RELEASE\spring-boot-starter-logging-2.1.3.RELEASE.jar;C:\Users\16726080\.m2\repository\ch\qos\logback\logback-classic\1.2.3\logback-classic-1.2.3.jar;C:\Users\16726080\.m2\repository\ch\qos\logback\logback-core\1.2.3\logback-core-1.2.3.jar;C:\Users\16726080\.m2\repository\org\apache\logging\log4j\log4j-to-slf4j\2.11.2\log4j-to-slf4j-2.11.2.jar;C:\Users\16726080\.m2\repository\org\apache\logging\log4j\log4j-api\2.11.2\log4j-api-2.11.2.jar;C:\Users\16726080\.m2\repository\org\slf4j\jul-to-slf4j\1.7.25\jul-to-slf4j-1.7.25.jar;C:\Users\16726080\.m2\repository\javax\annotation\javax.annotation-api\1.3.2\javax.annotation-api-1.3.2.jar;C:\Users\16726080\.m2\repository\org\springframework\spring-core\5.1.5.RELEASE\spring-core-5.1.5.RELEASE.jar;C:\Users\16726080\.m2\repository\org\springframework\spring-jcl\5.1.5.RELEASE\spring-jcl-5.1.5.RELEASE.jar;C:\Users\16726080\.m2\repository\org\yaml\snakeyaml\1.23\snakeyaml-1.23.jar;C:\Users\16726080\.m2\repository\org\springframework\boot\spring-boot-starter-test\2.1.3.RELEASE\spring-boot-starter-test-2.1.3.RELEASE.jar;C:\Users\16726080\.m2\repository\org\springframework\boot\spring-boot-test\2.1.3.RELEASE\spring-boot-test-2.1.3.RELEASE.jar;C:\Users\16726080\.m2\repository\org\springframework\boot\spring-boot-test-autoconfigure\2.1.3.RELEASE\spring-boot-test-autoconfigure-2.1.3.RELEASE.jar;C:\Users\16726080\.m2\repository\com\jayway\jsonpath\json-path\2.4.0\json-path-2.4.0.jar;C:\Users\16726080\.m2\repository\net\minidev\json-smart\2.3\json-smart-2.3.jar;C:\Users\16726080\.m2\repository\net\minidev\accessors-smart\1.2\accessors-smart-1.2.jar;C:\Users\16726080\.m2\repository\org\ow2\asm\asm\5.0.4\asm-5.0.4.jar;C:\Users\16726080\.m2\repository\org\slf4j\slf4j-api\1.7.25\slf4j-api-1.7.25.jar;C:\Users\16726080\.m2\repository\junit\junit\4.12\junit-4.12.jar;C:\Users\16726080\.m2\repository\org\assertj\assertj-core\3.11.1\assertj-core-3.11.1.jar;C:\Users\16726080\.m2\repository\org\hamcrest\hamcrest-core\1.3\hamcrest-core-1.3.jar;C:\Users\16726080\.m2\repository\org\hamcrest\hamcrest-library\1.3\hamcrest-library-1.3.jar;C:\Users\16726080\.m2\repository\org\skyscreamer\jsonassert\1.5.0\jsonassert-1.5.0.jar;C:\Users\16726080\.m2\repository\com\vaadin\external\google\android-json\0.0.20131108.vaadin1\android-json-0.0.20131108.vaadin1.jar;C:\Users\16726080\.m2\repository\org\springframework\spring-test\5.1.5.RELEASE\spring-test-5.1.5.RELEASE.jar;C:\Users\16
[...]
18:42:53.761 [main] DEBUG org.springframework.jmx.export.annotation.AnnotationMBeanExporter - Unregistering JMX-exposed beans on shutdown
18:42:53.761 [main] INFO org.springframework.orm.jpa.LocalContainerEntityManagerFactoryBean - Closing JPA EntityManagerFactory for persistence unit 'default'
18:42:53.761 [main] DEBUG org.hibernate.internal.SessionFactoryImpl - HHH000031: Closing
18:42:53.761 [main] INFO org.hibernate.tool.schema.internal.SchemaDropperImpl$DelayedDropActionImpl - HHH000477: Starting delayed evictData of schema as part of SessionFactory shut-down'
18:42:53.761 [main] DEBUG org.hibernate.type.spi.TypeConfiguration$Scope - Un-scoping TypeConfiguration [org.hibernate.type.spi.TypeConfiguration$Scope@73a49597] from SessionFactory [org.hibernate.internal.SessionFactoryImpl@49d543a9]
18:42:53.761 [main] DEBUG org.hibernate.service.internal.AbstractServiceRegistryImpl - Implicitly destroying ServiceRegistry on de-registration of all child ServiceRegistries
18:42:53.761 [main] DEBUG org.hibernate.boot.registry.internal.BootstrapServiceRegistryImpl - Implicitly destroying Boot-strap registry on de-registration of all child ServiceRegistries
18:42:53.762 [main] INFO com.zaxxer.hikari.HikariDataSource - HikariPool-2 - Shutdown initiated...
18:42:53.762 [main] DEBUG com.zaxxer.hikari.pool.HikariPool - HikariPool-2 - Before shutdown stats (total=10, active=0, idle=10, waiting=0)
18:42:53.767 [HikariPool-2 connection closer] DEBUG com.zaxxer.hikari.pool.PoolBase - HikariPool-2 - Closing connection conn10: url=jdbc:h2:mem:testdb user=SA: (connection evicted)
18:42:53.769 [HikariPool-2 connection closer] DEBUG com.zaxxer.hikari.pool.PoolBase - HikariPool-2 - Closing connection conn11: url=jdbc:h2:mem:testdb user=SA: (connection evicted)
18:42:53.769 [HikariPool-2 connection closer] DEBUG com.zaxxer.hikari.pool.PoolBase - HikariPool-2 - Closing connection conn12: url=jdbc:h2:mem:testdb user=SA: (connection evicted)
18:42:53.769 [HikariPool-2 connection closer] DEBUG com.zaxxer.hikari.pool.PoolBase - HikariPool-2 - Closing connection conn13: url=jdbc:h2:mem:testdb user=SA: (connection evicted)
18:42:53.769 [HikariPool-2 connection closer] DEBUG com.zaxxer.hikari.pool.PoolBase - HikariPool-2 - Closing connection conn14: url=jdbc:h2:mem:testdb user=SA: (connection evicted)
18:42:53.769 [HikariPool-2 connection closer] DEBUG com.zaxxer.hikari.pool.PoolBase - HikariPool-2 - Closing connection conn15: url=jdbc:h2:mem:testdb user=SA: (connection evicted)
18:42:53.770 [HikariPool-2 connection closer] DEBUG com.zaxxer.hikari.pool.PoolBase - HikariPool-2 - Closing connection conn16: url=jdbc:h2:mem:testdb user=SA: (connection evicted)
18:42:53.770 [HikariPool-2 connection closer] DEBUG com.zaxxer.hikari.pool.PoolBase - HikariPool-2 - Closing connection conn17: url=jdbc:h2:mem:testdb user=SA: (connection evicted)
18:42:53.770 [HikariPool-2 connection closer] DEBUG com.zaxxer.hikari.pool.PoolBase - HikariPool-2 - Closing connection conn18: url=jdbc:h2:mem:testdb user=SA: (connection evicted)
18:42:53.771 [HikariPool-2 connection closer] DEBUG com.zaxxer.hikari.pool.PoolBase - HikariPool-2 - Closing connection conn19: url=jdbc:h2:mem:testdb user=SA: (connection evicted)
18:42:53.771 [main] DEBUG com.zaxxer.hikari.pool.HikariPool - HikariPool-2 - After shutdown stats (total=0, active=0, idle=0, waiting=0)
18:42:53.771 [main] INFO com.zaxxer.hikari.HikariDataSource - HikariPool-2 - Shutdown completed.
18:42:53.775 [main] ERROR org.springframework.test.context.TestContextManager - Caught exception while allowing TestExecutionListener [org.springframework.test.context.support.DependencyInjectionTestExecutionListener@babafc2] to prepare test instance [ru.otus.igorr.books.lesson12.dto.AuthorDtoConverterTest@702f4124]
java.lang.IllegalStateException: Failed to load ApplicationContext
	at org.springframework.test.context.cache.DefaultCacheAwareContextLoaderDelegate.loadContext(DefaultCacheAwareContextLoaderDelegate.java:125)
	at org.springframework.test.context.support.DefaultTestContext.getApplicationContext(DefaultTestContext.java:108)
	at org.springframework.test.context.support.DependencyInjectionTestExecutionListener.injectDependencies(DependencyInjectionTestExecutionListener.java:118)
	at org.springframework.test.context.support.DependencyInjectionTestExecutionListener.prepareTestInstance(DependencyInjectionTestExecutionListener.java:83)
	at org.springframework.test.context.TestContextManager.prepareTestInstance(TestContextManager.java:246)
	at org.springframework.test.context.junit.jupiter.SpringExtension.postProcessTestInstance(SpringExtension.java:97)
	at org.junit.jupiter.engine.descriptor.ClassTestDescriptor.lambda$invokeTestInstancePostProcessors$5(ClassTestDescriptor.java:349)
	at org.junit.jupiter.engine.descriptor.JupiterTestDescriptor.executeAndMaskThrowable(JupiterTestDescriptor.java:215)
	at org.junit.jupiter.engine.descriptor.ClassTestDescriptor.lambda$invokeTestInstancePostProcessors$6(ClassTestDescriptor.java:349)
	at java.base/java.util.stream.ReferencePipeline$3$1.accept(ReferencePipeline.java:195)
	at java.base/java.util.stream.ReferencePipeline$2$1.accept(ReferencePipeline.java:177)
	at java.base/java.util.ArrayList$ArrayListSpliterator.forEachRemaining(ArrayList.java:1654)
	at java.base/java.util.stream.AbstractPipeline.copyInto(AbstractPipeline.java:484)
	at java.base/java.util.stream.AbstractPipeline.wrapAndCopyInto(AbstractPipeline.java:474)
	at java.base/java.util.stream.StreamSpliterators$WrappingSpliterator.forEachRemaining(StreamSpliterators.java:312)
	at java.base/java.util.stream.Streams$ConcatSpliterator.forEachRemaining(Streams.java:735)
	at java.base/java.util.stream.Streams$ConcatSpliterator.forEachRemaining(Streams.java:734)
	at java.base/java.util.stream.ReferencePipeline$Head.forEach(ReferencePipeline.java:658)
	at org.junit.jupiter.engine.descriptor.ClassTestDescriptor.invokeTestInstancePostProcessors(ClassTestDescriptor.java:348)
	at org.junit.jupiter.engine.descriptor.ClassTestDescriptor.instantiateAndPostProcessTestInstance(ClassTestDescriptor.java:270)
	at org.junit.jupiter.engine.descriptor.ClassTestDescriptor.lambda$testInstanceProvider$2(ClassTestDescriptor.java:259)
	at org.junit.jupiter.engine.descriptor.ClassTestDescriptor.lambda$testInstanceProvider$3(ClassTestDescriptor.java:263)
	at java.base/java.util.Optional.orElseGet(Optional.java:369)
	at org.junit.jupiter.engine.descriptor.ClassTestDescriptor.lambda$testInstanceProvider$4(ClassTestDescriptor.java:262)
	at org.junit.jupiter.engine.descriptor.TestMethodTestDescriptor.prepare(TestMethodTestDescriptor.java:82)
	at org.junit.jupiter.engine.descriptor.TestMethodTestDescriptor.prepare(TestMethodTestDescriptor.java:59)
	at org.junit.platform.engine.support.hierarchical.NodeTestTask.lambda$prepare$0(NodeTestTask.java:83)
	at org.junit.platform.engine.support.hierarchical.ThrowableCollector.execute(ThrowableCollector.java:72)
	at org.junit.platform.engine.support.hierarchical.NodeTestTask.prepare(NodeTestTask.java:83)
	at org.junit.platform.engine.support.hierarchical.NodeTestTask.execute(NodeTestTask.java:69)
	at java.base/java.util.ArrayList.forEach(ArrayList.java:1540)
	at org.junit.platform.engine.support.hierarchical.SameThreadHierarchicalTestExecutorService.invokeAll(SameThreadHierarchicalTestExecutorService.java:38)
	at org.junit.platform.engine.support.hierarchical.NodeTestTask.lambda$executeRecursively$4(NodeTestTask.java:112)
	at org.junit.platform.engine.support.hierarchical.ThrowableCollector.execute(ThrowableCollector.java:72)
	at org.junit.platform.engine.support.hierarchical.NodeTestTask.executeRecursively(NodeTestTask.java:98)
	at org.junit.platform.engine.support.hierarchical.NodeTestTask.execute(NodeTestTask.java:74)
	at java.base/java.util.ArrayList.forEach(ArrayList.java:1540)
	at org.junit.platform.engine.support.hierarchical.SameThreadHierarchicalTestExecutorService.invokeAll(SameThreadHierarchicalTestExecutorService.java:38)
	at org.junit.platform.engine.support.hierarchical.NodeTestTask.lambda$executeRecursively$4(NodeTestTask.java:112)
	at org.junit.platform.engine.support.hierarchical.ThrowableCollector.execute(ThrowableCollector.java:72)
	at org.junit.platform.engine.support.hierarchical.NodeTestTask.executeRecursively(NodeTestTask.java:98)
	at org.junit.platform.engine.support.hierarchical.NodeTestTask.execute(NodeTestTask.java:74)
	at org.junit.platform.engine.support.hierarchical.SameThreadHierarchicalTestExecutorService.submit(SameThreadHierarchicalTestExecutorService.java:32)
	at org.junit.platform.engine.support.hierarchical.HierarchicalTestExecutor.execute(HierarchicalTestExecutor.java:57)
	at org.junit.platform.engine.support.hierarchical.HierarchicalTestEngine.execute(HierarchicalTestEngine.java:51)
	at org.junit.platform.launcher.core.DefaultLauncher.execute(DefaultLauncher.java:220)
	at org.junit.platform.launcher.core.DefaultLauncher.lambda$execute$6(DefaultLauncher.java:188)
	at org.junit.platform.launcher.core.DefaultLauncher.withInterceptedStreams(DefaultLauncher.java:202)
	at org.junit.platform.launcher.core.DefaultLauncher.execute(DefaultLauncher.java:181)
	at org.junit.platform.launcher.core.DefaultLauncher.execute(DefaultLauncher.java:128)
	at org.apache.maven.surefire.junitplatform.JUnitPlatformProvider.invokeAllTests(JUnitPlatformProvider.java:142)
	at org.apache.maven.surefire.junitplatform.JUnitPlatformProvider.invoke(JUnitPlatformProvider.java:117)
	at org.apache.maven.surefire.booter.ForkedBooter.invokeProviderInSameClassLoader(ForkedBooter.java:384)
	at org.apache.maven.surefire.booter.ForkedBooter.runSuitesInProcess(ForkedBooter.java:345)
	at org.apache.maven.surefire.booter.ForkedBooter.execute(ForkedBooter.java:126)
	at org.apache.maven.surefire.booter.ForkedBooter.main(ForkedBooter.java:418)
Caused by: org.springframework.beans.factory.BeanCreationException: Error creating bean with name 'embeddedMongoServer' defined in class path resource [org/springframework/boot/autoconfigure/mongo/embedded/EmbeddedMongoAutoConfiguration.class]: Bean instantiation via factory method failed; nested exception is org.springframework.beans.BeanInstantiationException: Failed to instantiate [de.flapdoodle.embed.mongo.MongodExecutable]: Factory method 'embeddedMongoServer' threw exception; nested exception is de.flapdoodle.embed.process.exceptions.DistributionException: prepare executable
	at org.springframework.beans.factory.support.ConstructorResolver.instantiate(ConstructorResolver.java:627)
	at org.springframework.beans.factory.support.ConstructorResolver.instantiateUsingFactoryMethod(ConstructorResolver.java:607)
	at org.springframework.beans.factory.support.AbstractAutowireCapableBeanFactory.instantiateUsingFactoryMethod(AbstractAutowireCapableBeanFactory.java:1305)
	at org.springframework.beans.factory.support.AbstractAutowireCapableBeanFactory.createBeanInstance(AbstractAutowireCapableBeanFactory.java:1144)
	at org.springframework.beans.factory.support.AbstractAutowireCapableBeanFactory.doCreateBean(AbstractAutowireCapableBeanFactory.java:555)
	at org.springframework.beans.factory.support.AbstractAutowireCapableBeanFactory.createBean(AbstractAutowireCapableBeanFactory.java:515)
	at org.springframework.beans.factory.support.AbstractBeanFactory.lambda$doGetBean$0(AbstractBeanFactory.java:320)
	at org.springframework.beans.factory.support.DefaultSingletonBeanRegistry.getSingleton(DefaultSingletonBeanRegistry.java:222)
	at org.springframework.beans.factory.support.AbstractBeanFactory.doGetBean(AbstractBeanFactory.java:318)
	at org.springframework.beans.factory.support.AbstractBeanFactory.getBean(AbstractBeanFactory.java:199)
	at org.springframework.beans.factory.support.DefaultListableBeanFactory.preInstantiateSingletons(DefaultListableBeanFactory.java:849)
	at org.springframework.context.support.AbstractApplicationContext.finishBeanFactoryInitialization(AbstractApplicationContext.java:877)
	at org.springframework.context.support.AbstractApplicationContext.refresh(AbstractApplicationContext.java:549)
	at org.springframework.test.context.support.AbstractGenericContextLoader.loadContext(AbstractGenericContextLoader.java:128)
	at org.springframework.test.context.support.AbstractGenericContextLoader.loadContext(AbstractGenericContextLoader.java:60)
	at org.springframework.test.context.support.AbstractDelegatingSmartContextLoader.delegateLoading(AbstractDelegatingSmartContextLoader.java:275)
	at org.springframework.test.context.support.AbstractDelegatingSmartContextLoader.loadContext(AbstractDelegatingSmartContextLoader.java:251)
	at org.springframework.test.context.cache.DefaultCacheAwareContextLoaderDelegate.loadContextInternal(DefaultCacheAwareContextLoaderDelegate.java:99)
	at org.springframework.test.context.cache.DefaultCacheAwareContextLoaderDelegate.loadContext(DefaultCacheAwareContextLoaderDelegate.java:117)
	... 55 common frames omitted
Caused by: org.springframework.beans.BeanInstantiationException: Failed to instantiate [de.flapdoodle.embed.mongo.MongodExecutable]: Factory method 'embeddedMongoServer' threw exception; nested exception is de.flapdoodle.embed.process.exceptions.DistributionException: prepare executable
	at org.springframework.beans.factory.support.SimpleInstantiationStrategy.instantiate(SimpleInstantiationStrategy.java:185)
	at org.springframework.beans.factory.support.ConstructorResolver.instantiate(ConstructorResolver.java:622)
	... 73 common frames omitted
Caused by: de.flapdoodle.embed.process.exceptions.DistributionException: prepare executable
	at de.flapdoodle.embed.process.runtime.Starter.prepare(Starter.java:64)
	at de.flapdoodle.embed.process.runtime.Starter.prepare(Starter.java:45)
	at org.springframework.boot.autoconfigure.mongo.embedded.EmbeddedMongoAutoConfiguration.embeddedMongoServer(EmbeddedMongoAutoConfiguration.java:116)
	at org.springframework.boot.autoconfigure.mongo.embedded.EmbeddedMongoAutoConfiguration$$EnhancerBySpringCGLIB$$ae145000.CGLIB$embeddedMongoServer$0(<generated>)
	at org.springframework.boot.autoconfigure.mongo.embedded.EmbeddedMongoAutoConfiguration$$EnhancerBySpringCGLIB$$ae145000$$FastClassBySpringCGLIB$$2bda4920.invoke(<generated>)
	at org.springframework.cglib.proxy.MethodProxy.invokeSuper(MethodProxy.java:244)
	at org.springframework.context.annotation.ConfigurationClassEnhancer$BeanMethodInterceptor.intercept(ConfigurationClassEnhancer.java:363)
	at org.springframework.boot.autoconfigure.mongo.embedded.EmbeddedMongoAutoConfiguration$$EnhancerBySpringCGLIB$$ae145000.embeddedMongoServer(<generated>)
	at java.base/jdk.internal.reflect.NativeMethodAccessorImpl.invoke0(Native Method)
	at java.base/jdk.internal.reflect.NativeMethodAccessorImpl.invoke(NativeMethodAccessorImpl.java:62)
	at java.base/jdk.internal.reflect.DelegatingMethodAccessorImpl.invoke(DelegatingMethodAccessorImpl.java:43)
	at java.base/java.lang.reflect.Method.invoke(Method.java:566)
	at org.springframework.beans.factory.support.SimpleInstantiationStrategy.instantiate(SimpleInstantiationStrategy.java:154)
	... 74 common frames omitted
Caused by: java.io.IOException: Could not open inputStream for https://downloads.mongodb.org/win32/mongodb-win32-x86_64-2008plus-3.5.5.zip
	at de.flapdoodle.embed.process.store.Downloader.downloadInputStream(Downloader.java:131)
	at de.flapdoodle.embed.process.store.Downloader.download(Downloader.java:69)
	at de.flapdoodle.embed.process.store.ArtifactStore.checkDistribution(ArtifactStore.java:66)
	at de.flapdoodle.embed.process.store.ExtractedArtifactStore.checkDistribution(ExtractedArtifactStore.java:60)
	at de.flapdoodle.embed.process.runtime.Starter.prepare(Starter.java:52)
	... 86 common frames omitted
Caused by: javax.net.ssl.SSLHandshakeException: PKIX path building failed: sun.security.provider.certpath.SunCertPathBuilderException: unable to find valid certification path to requested target
	at java.base/sun.security.ssl.Alert.createSSLException(Alert.java:128)
	at java.base/sun.security.ssl.TransportContext.fatal(TransportContext.java:321)
	at java.base/sun.security.ssl.TransportContext.fatal(TransportContext.java:264)
	at java.base/sun.security.ssl.TransportContext.fatal(TransportContext.java:259)
	at java.base/sun.security.ssl.CertificateMessage$T12CertificateConsumer.checkServerCerts(CertificateMessage.java:642)
	at java.base/sun.security.ssl.CertificateMessage$T12CertificateConsumer.onCertificate(CertificateMessage.java:461)
	at java.base/sun.security.ssl.CertificateMessage$T12CertificateConsumer.consume(CertificateMessage.java:361)
	at java.base/sun.security.ssl.SSLHandshake.consume(SSLHandshake.java:392)
	at java.base/sun.security.ssl.HandshakeContext.dispatch(HandshakeContext.java:444)
	at java.base/sun.security.ssl.HandshakeContext.dispatch(HandshakeContext.java:421)
	at java.base/sun.security.ssl.TransportContext.dispatch(TransportContext.java:178)
	at java.base/sun.security.ssl.SSLTransport.decode(SSLTransport.java:164)
	at java.base/sun.security.ssl.SSLSocketImpl.decode(SSLSocketImpl.java:1152)
	at java.base/sun.security.ssl.SSLSocketImpl.readHandshakeRecord(SSLSocketImpl.java:1063)
	at java.base/sun.security.ssl.SSLSocketImpl.startHandshake(SSLSocketImpl.java:402)
	at java.base/sun.net.www.protocol.https.HttpsClient.afterConnect(HttpsClient.java:567)
	at java.base/sun.net.www.protocol.https.AbstractDelegateHttpsURLConnection.connect(AbstractDelegateHttpsURLConnection.java:185)
	at java.base/sun.net.www.protocol.http.HttpURLConnection.getInputStream0(HttpURLConnection.java:1581)
	at java.base/sun.net.www.protocol.http.HttpURLConnection.getInputStream(HttpURLConnection.java:1509)
	at java.base/sun.net.www.protocol.https.HttpsURLConnectionImpl.getInputStream(HttpsURLConnectionImpl.java:245)
	at de.flapdoodle.embed.process.store.Downloader.downloadInputStream(Downloader.java:127)
	... 90 common frames omitted
Caused by: sun.security.validator.ValidatorException: PKIX path building failed: sun.security.provider.certpath.SunCertPathBuilderException: unable to find valid certification path to requested target
	at java.base/sun.security.validator.PKIXValidator.doBuild(PKIXValidator.java:385)
	at java.base/sun.security.validator.PKIXValidator.engineValidate(PKIXValidator.java:290)
	at java.base/sun.security.validator.Validator.validate(Validator.java:264)
	at java.base/sun.security.ssl.X509TrustManagerImpl.validate(X509TrustManagerImpl.java:321)
	at java.base/sun.security.ssl.X509TrustManagerImpl.checkTrusted(X509TrustManagerImpl.java:221)
	at java.base/sun.security.ssl.X509TrustManagerImpl.checkServerTrusted(X509TrustManagerImpl.java:129)
	at java.base/sun.security.ssl.CertificateMessage$T12CertificateConsumer.checkServerCerts(CertificateMessage.java:626)
	... 106 common frames omitted
Caused by: sun.security.provider.certpath.SunCertPathBuilderException: unable to find valid certification path to requested target
	at java.base/sun.security.provider.certpath.SunCertPathBuilder.build(SunCertPathBuilder.java:141)
	at java.base/sun.security.provider.certpath.SunCertPathBuilder.engineBuild(SunCertPathBuilder.java:126)
	at java.base/java.security.cert.CertPathBuilder.build(CertPathBuilder.java:297)
	at java.base/sun.security.validator.PKIXValidator.doBuild(PKIXValidator.java:380)
	... 112 common frames omitted
]]></system-out>
  </testcase>
</testsuite>